Analysis & Synthesis report for mejia_addtree_Nov18
Wed Nov 18 13:17:47 2020
Quartus Prime Version 16.1.0 Build 196 10/24/2016 SJ Lite Edition


---------------------
; Table of Contents ;
---------------------
  1. Legal Notice
  2. Analysis & Synthesis Summary
  3. Analysis & Synthesis Settings
  4. Parallel Compilation
  5. Analysis & Synthesis Source Files Read
  6. Analysis & Synthesis Resource Usage Summary
  7. Analysis & Synthesis Resource Utilization by Entity
  8. General Register Statistics
  9. Parameter Settings for User Entity Instance: Top-level Entity: |mejia_top_Nov18
 10. Parameter Settings for User Entity Instance: add_tree:U_ADD_TREE
 11. Parameter Settings for User Entity Instance: add_tree:U_ADD_TREE|add:U_ADD1
 12. Parameter Settings for User Entity Instance: add_tree:U_ADD_TREE|reg:U_ADD1_REG
 13. Parameter Settings for User Entity Instance: add_tree:U_ADD_TREE|add:U_ADD2
 14. Parameter Settings for User Entity Instance: add_tree:U_ADD_TREE|reg:U_ADD2_REG
 15. Parameter Settings for User Entity Instance: add_tree:U_ADD_TREE|add:U_ADD3
 16. Parameter Settings for User Entity Instance: add_tree:U_ADD_TREE|reg:U_ADD3_REG
 17. Parameter Settings for User Entity Instance: add_tree:U_ADD_TREE|reg:U_VALID_REG1
 18. Parameter Settings for User Entity Instance: add_tree:U_ADD_TREE|reg:U_VALID_REG2
 19. Post-Synthesis Netlist Statistics for Top Partition
 20. Elapsed Time Per Partition
 21. Analysis & Synthesis Messages



----------------
; Legal Notice ;
----------------
Copyright (C) 2016  Intel Corporation. All rights reserved.
Your use of Intel Corporation's design tools, logic functions 
and other software and tools, and its AMPP partner logic 
functions, and any output files from any of the foregoing 
(including device programming or simulation files), and any 
associated documentation or information are expressly subject 
to the terms and conditions of the Intel Program License 
Subscription Agreement, the Intel Quartus Prime License Agreement,
the Intel MegaCore Function License Agreement, or other 
applicable license agreement, including, without limitation, 
that your use is for the sole purpose of programming logic 
devices manufactured by Intel and sold by Intel or its 
authorized distributors.  Please refer to the applicable 
agreement for further details.



+-------------------------------------------------------------------------------+
; Analysis & Synthesis Summary                                                  ;
+---------------------------------+---------------------------------------------+
; Analysis & Synthesis Status     ; Successful - Wed Nov 18 13:17:47 2020       ;
; Quartus Prime Version           ; 16.1.0 Build 196 10/24/2016 SJ Lite Edition ;
; Revision Name                   ; mejia_addtree_Nov18                         ;
; Top-level Entity Name           ; mejia_top_Nov18                             ;
; Family                          ; Cyclone V                                   ;
; Logic utilization (in ALMs)     ; N/A                                         ;
; Total registers                 ; 26                                          ;
; Total pins                      ; 45                                          ;
; Total virtual pins              ; 0                                           ;
; Total block memory bits         ; 0                                           ;
; Total DSP Blocks                ; 0                                           ;
; Total HSSI RX PCSs              ; 0                                           ;
; Total HSSI PMA RX Deserializers ; 0                                           ;
; Total HSSI TX PCSs              ; 0                                           ;
; Total HSSI PMA TX Serializers   ; 0                                           ;
; Total PLLs                      ; 0                                           ;
; Total DLLs                      ; 0                                           ;
+---------------------------------+---------------------------------------------+


+----------------------------------------------------------------------------------------------------------------------------+
; Analysis & Synthesis Settings                                                                                              ;
+---------------------------------------------------------------------------------+--------------------+---------------------+
; Option                                                                          ; Setting            ; Default Value       ;
+---------------------------------------------------------------------------------+--------------------+---------------------+
; Device                                                                          ; 5CSEMA5F31C6       ;                     ;
; Top-level entity name                                                           ; mejia_top_Nov18    ; mejia_addtree_Nov18 ;
; Family name                                                                     ; Cyclone V          ; Cyclone V           ;
; Use smart compilation                                                           ; Off                ; Off                 ;
; Enable parallel Assembler and TimeQuest Timing Analyzer during compilation      ; On                 ; On                  ;
; Enable compact report table                                                     ; Off                ; Off                 ;
; Restructure Multiplexers                                                        ; Auto               ; Auto                ;
; MLAB Add Timing Constraints For Mixed-Port Feed-Through Mode Setting Don't Care ; Off                ; Off                 ;
; Create Debugging Nodes for IP Cores                                             ; Off                ; Off                 ;
; Preserve fewer node names                                                       ; On                 ; On                  ;
; OpenCore Plus hardware evaluation                                               ; Enable             ; Enable              ;
; Verilog Version                                                                 ; Verilog_2001       ; Verilog_2001        ;
; VHDL Version                                                                    ; VHDL_1993          ; VHDL_1993           ;
; State Machine Processing                                                        ; Auto               ; Auto                ;
; Safe State Machine                                                              ; Off                ; Off                 ;
; Extract Verilog State Machines                                                  ; On                 ; On                  ;
; Extract VHDL State Machines                                                     ; On                 ; On                  ;
; Ignore Verilog initial constructs                                               ; Off                ; Off                 ;
; Iteration limit for constant Verilog loops                                      ; 5000               ; 5000                ;
; Iteration limit for non-constant Verilog loops                                  ; 250                ; 250                 ;
; Add Pass-Through Logic to Inferred RAMs                                         ; On                 ; On                  ;
; Infer RAMs from Raw Logic                                                       ; On                 ; On                  ;
; Parallel Synthesis                                                              ; On                 ; On                  ;
; DSP Block Balancing                                                             ; Auto               ; Auto                ;
; NOT Gate Push-Back                                                              ; On                 ; On                  ;
; Power-Up Don't Care                                                             ; On                 ; On                  ;
; Remove Redundant Logic Cells                                                    ; Off                ; Off                 ;
; Remove Duplicate Registers                                                      ; On                 ; On                  ;
; Ignore CARRY Buffers                                                            ; Off                ; Off                 ;
; Ignore CASCADE Buffers                                                          ; Off                ; Off                 ;
; Ignore GLOBAL Buffers                                                           ; Off                ; Off                 ;
; Ignore ROW GLOBAL Buffers                                                       ; Off                ; Off                 ;
; Ignore LCELL Buffers                                                            ; Off                ; Off                 ;
; Ignore SOFT Buffers                                                             ; On                 ; On                  ;
; Limit AHDL Integers to 32 Bits                                                  ; Off                ; Off                 ;
; Optimization Technique                                                          ; Balanced           ; Balanced            ;
; Carry Chain Length                                                              ; 70                 ; 70                  ;
; Auto Carry Chains                                                               ; On                 ; On                  ;
; Auto Open-Drain Pins                                                            ; On                 ; On                  ;
; Perform WYSIWYG Primitive Resynthesis                                           ; Off                ; Off                 ;
; Auto ROM Replacement                                                            ; On                 ; On                  ;
; Auto RAM Replacement                                                            ; On                 ; On                  ;
; Auto DSP Block Replacement                                                      ; On                 ; On                  ;
; Auto Shift Register Replacement                                                 ; Auto               ; Auto                ;
; Allow Shift Register Merging across Hierarchies                                 ; Auto               ; Auto                ;
; Auto Clock Enable Replacement                                                   ; On                 ; On                  ;
; Strict RAM Replacement                                                          ; Off                ; Off                 ;
; Allow Synchronous Control Signals                                               ; On                 ; On                  ;
; Force Use of Synchronous Clear Signals                                          ; Off                ; Off                 ;
; Auto Resource Sharing                                                           ; Off                ; Off                 ;
; Allow Any RAM Size For Recognition                                              ; Off                ; Off                 ;
; Allow Any ROM Size For Recognition                                              ; Off                ; Off                 ;
; Allow Any Shift Register Size For Recognition                                   ; Off                ; Off                 ;
; Use LogicLock Constraints during Resource Balancing                             ; On                 ; On                  ;
; Ignore translate_off and synthesis_off directives                               ; Off                ; Off                 ;
; Timing-Driven Synthesis                                                         ; On                 ; On                  ;
; Report Parameter Settings                                                       ; On                 ; On                  ;
; Report Source Assignments                                                       ; On                 ; On                  ;
; Report Connectivity Checks                                                      ; On                 ; On                  ;
; Ignore Maximum Fan-Out Assignments                                              ; Off                ; Off                 ;
; Synchronization Register Chain Length                                           ; 3                  ; 3                   ;
; PowerPlay Power Optimization During Synthesis                                   ; Normal compilation ; Normal compilation  ;
; HDL message level                                                               ; Level2             ; Level2              ;
; Suppress Register Optimization Related Messages                                 ; Off                ; Off                 ;
; Number of Removed Registers Reported in Synthesis Report                        ; 5000               ; 5000                ;
; Number of Swept Nodes Reported in Synthesis Report                              ; 5000               ; 5000                ;
; Number of Inverted Registers Reported in Synthesis Report                       ; 100                ; 100                 ;
; Clock MUX Protection                                                            ; On                 ; On                  ;
; Auto Gated Clock Conversion                                                     ; Off                ; Off                 ;
; Block Design Naming                                                             ; Auto               ; Auto                ;
; SDC constraint protection                                                       ; Off                ; Off                 ;
; Synthesis Effort                                                                ; Auto               ; Auto                ;
; Shift Register Replacement - Allow Asynchronous Clear Signal                    ; On                 ; On                  ;
; Pre-Mapping Resynthesis Optimization                                            ; Off                ; Off                 ;
; Analysis & Synthesis Message Level                                              ; Medium             ; Medium              ;
; Disable Register Merging Across Hierarchies                                     ; Auto               ; Auto                ;
; Resource Aware Inference For Block RAM                                          ; On                 ; On                  ;
; Automatic Parallel Synthesis                                                    ; On                 ; On                  ;
; Partial Reconfiguration Bitstream ID                                            ; Off                ; Off                 ;
+---------------------------------------------------------------------------------+--------------------+---------------------+


+------------------------------------------+
; Parallel Compilation                     ;
+----------------------------+-------------+
; Processors                 ; Number      ;
+----------------------------+-------------+
; Number detected on machine ; 8           ;
; Maximum allowed            ; 4           ;
;                            ;             ;
; Average used               ; 1.00        ;
; Maximum used               ; 4           ;
;                            ;             ;
; Usage by Processor         ; % Time Used ;
;     Processor 1            ; 100.0%      ;
;     Processors 2-4         ;   0.0%      ;
+----------------------------+-------------+


+---------------------------------------------------------------------------------------------------------------------------------------------------------------------+
; Analysis & Synthesis Source Files Read                                                                                                                              ;
+----------------------------------+-----------------+-----------------+------------------------------------------------------------------------------------+---------+
; File Name with User-Entered Path ; Used in Netlist ; File Type       ; File Name with Absolute Path                                                       ; Library ;
+----------------------------------+-----------------+-----------------+------------------------------------------------------------------------------------+---------+
; mejia_add_Nov18.vhd              ; yes             ; User VHDL File  ; D:/Documents/Quartus Projects/Assignment 6/4 - Adder Tree/mejia_add_Nov18.vhd      ;         ;
; mejia_addpipe_Nov18.vhd          ; yes             ; User VHDL File  ; D:/Documents/Quartus Projects/Assignment 6/4 - Adder Tree/mejia_addpipe_Nov18.vhd  ;         ;
; mejia_register_Nov18.vhd         ; yes             ; User VHDL File  ; D:/Documents/Quartus Projects/Assignment 6/4 - Adder Tree/mejia_register_Nov18.vhd ;         ;
; mejia_addtree_Nov18.vhd          ; yes             ; User VHDL File  ; D:/Documents/Quartus Projects/Assignment 6/4 - Adder Tree/mejia_addtree_Nov18.vhd  ;         ;
; mejia_top_Nov18.vhd              ; yes             ; User VHDL File  ; D:/Documents/Quartus Projects/Assignment 6/4 - Adder Tree/mejia_top_Nov18.vhd      ;         ;
+----------------------------------+-----------------+-----------------+------------------------------------------------------------------------------------+---------+


+---------------------------------------------------------+
; Analysis & Synthesis Resource Usage Summary             ;
+---------------------------------------------+-----------+
; Resource                                    ; Usage     ;
+---------------------------------------------+-----------+
; Estimate of Logic utilization (ALMs needed) ; 13        ;
;                                             ;           ;
; Combinational ALUT usage for logic          ; 24        ;
;     -- 7 input functions                    ; 0         ;
;     -- 6 input functions                    ; 0         ;
;     -- 5 input functions                    ; 0         ;
;     -- 4 input functions                    ; 0         ;
;     -- <=3 input functions                  ; 24        ;
;                                             ;           ;
; Dedicated logic registers                   ; 26        ;
;                                             ;           ;
; I/O pins                                    ; 45        ;
;                                             ;           ;
; Total DSP Blocks                            ; 0         ;
;                                             ;           ;
; Maximum fan-out node                        ; clk~input ;
; Maximum fan-out                             ; 26        ;
; Total fan-out                               ; 227       ;
; Average fan-out                             ; 1.62      ;
+---------------------------------------------+-----------+


+------------------------------------------------------------------------------------------------------------------------------------------------------------------------------------------------------------------------------+
; Analysis & Synthesis Resource Utilization by Entity                                                                                                                                                                          ;
+----------------------------+---------------------+---------------------------+-------------------+------------+------+--------------+-------------------------------------------------------+-----------------+--------------+
; Compilation Hierarchy Node ; Combinational ALUTs ; Dedicated Logic Registers ; Block Memory Bits ; DSP Blocks ; Pins ; Virtual Pins ; Full Hierarchy Name                                   ; Entity Name     ; Library Name ;
+----------------------------+---------------------+---------------------------+-------------------+------------+------+--------------+-------------------------------------------------------+-----------------+--------------+
; |mejia_top_Nov18           ; 24 (0)              ; 26 (0)                    ; 0                 ; 0          ; 45   ; 0            ; |mejia_top_Nov18                                      ; mejia_top_Nov18 ; work         ;
;    |add_tree:U_ADD_TREE|   ; 24 (0)              ; 26 (0)                    ; 0                 ; 0          ; 0    ; 0            ; |mejia_top_Nov18|add_tree:U_ADD_TREE                  ; add_tree        ; work         ;
;       |add:U_ADD1|         ; 8 (8)               ; 0 (0)                     ; 0                 ; 0          ; 0    ; 0            ; |mejia_top_Nov18|add_tree:U_ADD_TREE|add:U_ADD1       ; add             ; work         ;
;       |add:U_ADD2|         ; 8 (8)               ; 0 (0)                     ; 0                 ; 0          ; 0    ; 0            ; |mejia_top_Nov18|add_tree:U_ADD_TREE|add:U_ADD2       ; add             ; work         ;
;       |add:U_ADD3|         ; 8 (8)               ; 0 (0)                     ; 0                 ; 0          ; 0    ; 0            ; |mejia_top_Nov18|add_tree:U_ADD_TREE|add:U_ADD3       ; add             ; work         ;
;       |reg:U_ADD1_REG|     ; 0 (0)               ; 8 (8)                     ; 0                 ; 0          ; 0    ; 0            ; |mejia_top_Nov18|add_tree:U_ADD_TREE|reg:U_ADD1_REG   ; reg             ; work         ;
;       |reg:U_ADD2_REG|     ; 0 (0)               ; 8 (8)                     ; 0                 ; 0          ; 0    ; 0            ; |mejia_top_Nov18|add_tree:U_ADD_TREE|reg:U_ADD2_REG   ; reg             ; work         ;
;       |reg:U_ADD3_REG|     ; 0 (0)               ; 8 (8)                     ; 0                 ; 0          ; 0    ; 0            ; |mejia_top_Nov18|add_tree:U_ADD_TREE|reg:U_ADD3_REG   ; reg             ; work         ;
;       |reg:U_VALID_REG1|   ; 0 (0)               ; 1 (1)                     ; 0                 ; 0          ; 0    ; 0            ; |mejia_top_Nov18|add_tree:U_ADD_TREE|reg:U_VALID_REG1 ; reg             ; work         ;
;       |reg:U_VALID_REG2|   ; 0 (0)               ; 1 (1)                     ; 0                 ; 0          ; 0    ; 0            ; |mejia_top_Nov18|add_tree:U_ADD_TREE|reg:U_VALID_REG2 ; reg             ; work         ;
+----------------------------+---------------------+---------------------------+-------------------+------------+------+--------------+-------------------------------------------------------+-----------------+--------------+
Note: For table entries with two numbers listed, the numbers in parentheses indicate the number of resources of the given type used by the specific entity alone. The numbers listed outside of parentheses indicate the total resources of the given type used by the specific entity and all of its sub-entities in the hierarchy.


+------------------------------------------------------+
; General Register Statistics                          ;
+----------------------------------------------+-------+
; Statistic                                    ; Value ;
+----------------------------------------------+-------+
; Total registers                              ; 26    ;
; Number of registers using Synchronous Clear  ; 0     ;
; Number of registers using Synchronous Load   ; 0     ;
; Number of registers using Asynchronous Clear ; 26    ;
; Number of registers using Asynchronous Load  ; 0     ;
; Number of registers using Clock Enable       ; 26    ;
; Number of registers using Preset             ; 0     ;
+----------------------------------------------+-------+


+---------------------------------------------------------------------------------+
; Parameter Settings for User Entity Instance: Top-level Entity: |mejia_top_Nov18 ;
+----------------+-------+--------------------------------------------------------+
; Parameter Name ; Value ; Type                                                   ;
+----------------+-------+--------------------------------------------------------+
; width          ; 8     ; Signed Integer                                         ;
+----------------+-------+--------------------------------------------------------+
Note: In order to hide this table in the UI and the text report file, please set the "Show Parameter Settings in Synthesis Report" option in "Analysis and Synthesis Settings -> More Settings" to "Off".


+------------------------------------------------------------------+
; Parameter Settings for User Entity Instance: add_tree:U_ADD_TREE ;
+----------------+-------+-----------------------------------------+
; Parameter Name ; Value ; Type                                    ;
+----------------+-------+-----------------------------------------+
; width          ; 8     ; Signed Integer                          ;
+----------------+-------+-----------------------------------------+
Note: In order to hide this table in the UI and the text report file, please set the "Show Parameter Settings in Synthesis Report" option in "Analysis and Synthesis Settings -> More Settings" to "Off".


+-----------------------------------------------------------------------------+
; Parameter Settings for User Entity Instance: add_tree:U_ADD_TREE|add:U_ADD1 ;
+----------------+-------+----------------------------------------------------+
; Parameter Name ; Value ; Type                                               ;
+----------------+-------+----------------------------------------------------+
; width          ; 8     ; Signed Integer                                     ;
+----------------+-------+----------------------------------------------------+
Note: In order to hide this table in the UI and the text report file, please set the "Show Parameter Settings in Synthesis Report" option in "Analysis and Synthesis Settings -> More Settings" to "Off".


+---------------------------------------------------------------------------------+
; Parameter Settings for User Entity Instance: add_tree:U_ADD_TREE|reg:U_ADD1_REG ;
+----------------+-------+--------------------------------------------------------+
; Parameter Name ; Value ; Type                                                   ;
+----------------+-------+--------------------------------------------------------+
; width          ; 8     ; Signed Integer                                         ;
+----------------+-------+--------------------------------------------------------+
Note: In order to hide this table in the UI and the text report file, please set the "Show Parameter Settings in Synthesis Report" option in "Analysis and Synthesis Settings -> More Settings" to "Off".


+-----------------------------------------------------------------------------+
; Parameter Settings for User Entity Instance: add_tree:U_ADD_TREE|add:U_ADD2 ;
+----------------+-------+----------------------------------------------------+
; Parameter Name ; Value ; Type                                               ;
+----------------+-------+----------------------------------------------------+
; width          ; 8     ; Signed Integer                                     ;
+----------------+-------+----------------------------------------------------+
Note: In order to hide this table in the UI and the text report file, please set the "Show Parameter Settings in Synthesis Report" option in "Analysis and Synthesis Settings -> More Settings" to "Off".


+---------------------------------------------------------------------------------+
; Parameter Settings for User Entity Instance: add_tree:U_ADD_TREE|reg:U_ADD2_REG ;
+----------------+-------+--------------------------------------------------------+
; Parameter Name ; Value ; Type                                                   ;
+----------------+-------+--------------------------------------------------------+
; width          ; 8     ; Signed Integer                                         ;
+----------------+-------+--------------------------------------------------------+
Note: In order to hide this table in the UI and the text report file, please set the "Show Parameter Settings in Synthesis Report" option in "Analysis and Synthesis Settings -> More Settings" to "Off".


+-----------------------------------------------------------------------------+
; Parameter Settings for User Entity Instance: add_tree:U_ADD_TREE|add:U_ADD3 ;
+----------------+-------+----------------------------------------------------+
; Parameter Name ; Value ; Type                                               ;
+----------------+-------+----------------------------------------------------+
; width          ; 8     ; Signed Integer                                     ;
+----------------+-------+----------------------------------------------------+
Note: In order to hide this table in the UI and the text report file, please set the "Show Parameter Settings in Synthesis Report" option in "Analysis and Synthesis Settings -> More Settings" to "Off".


+---------------------------------------------------------------------------------+
; Parameter Settings for User Entity Instance: add_tree:U_ADD_TREE|reg:U_ADD3_REG ;
+----------------+-------+--------------------------------------------------------+
; Parameter Name ; Value ; Type                                                   ;
+----------------+-------+--------------------------------------------------------+
; width          ; 8     ; Signed Integer                                         ;
+----------------+-------+--------------------------------------------------------+
Note: In order to hide this table in the UI and the text report file, please set the "Show Parameter Settings in Synthesis Report" option in "Analysis and Synthesis Settings -> More Settings" to "Off".


+-----------------------------------------------------------------------------------+
; Parameter Settings for User Entity Instance: add_tree:U_ADD_TREE|reg:U_VALID_REG1 ;
+----------------+-------+----------------------------------------------------------+
; Parameter Name ; Value ; Type                                                     ;
+----------------+-------+----------------------------------------------------------+
; width          ; 1     ; Signed Integer                                           ;
+----------------+-------+----------------------------------------------------------+
Note: In order to hide this table in the UI and the text report file, please set the "Show Parameter Settings in Synthesis Report" option in "Analysis and Synthesis Settings -> More Settings" to "Off".


+-----------------------------------------------------------------------------------+
; Parameter Settings for User Entity Instance: add_tree:U_ADD_TREE|reg:U_VALID_REG2 ;
+----------------+-------+----------------------------------------------------------+
; Parameter Name ; Value ; Type                                                     ;
+----------------+-------+----------------------------------------------------------+
; width          ; 1     ; Signed Integer                                           ;
+----------------+-------+----------------------------------------------------------+
Note: In order to hide this table in the UI and the text report file, please set the "Show Parameter Settings in Synthesis Report" option in "Analysis and Synthesis Settings -> More Settings" to "Off".


+-----------------------------------------------------+
; Post-Synthesis Netlist Statistics for Top Partition ;
+-----------------------+-----------------------------+
; Type                  ; Count                       ;
+-----------------------+-----------------------------+
; arriav_ff             ; 26                          ;
;     ENA CLR           ; 26                          ;
; arriav_lcell_comb     ; 24                          ;
;     arith             ; 24                          ;
;         2 data inputs ; 24                          ;
; boundary_port         ; 45                          ;
;                       ;                             ;
; Max LUT depth         ; 1.70                        ;
; Average LUT depth     ; 1.24                        ;
+-----------------------+-----------------------------+


+-------------------------------+
; Elapsed Time Per Partition    ;
+----------------+--------------+
; Partition Name ; Elapsed Time ;
+----------------+--------------+
; Top            ; 00:00:00     ;
+----------------+--------------+


+-------------------------------+
; Analysis & Synthesis Messages ;
+-------------------------------+
Info: *******************************************************************
Info: Running Quartus Prime Analysis & Synthesis
    Info: Version 16.1.0 Build 196 10/24/2016 SJ Lite Edition
    Info: Processing started: Wed Nov 18 13:17:37 2020
Info: Command: quartus_map --read_settings_files=on --write_settings_files=off mejia_addtree_Nov18 -c mejia_addtree_Nov18
Warning (18236): Number of processors has not been specified which may cause overloading on shared machines.  Set the global assignment NUM_PARALLEL_PROCESSORS in your QSF to an appropriate value for best performance.
Info (20030): Parallel compilation is enabled and will use 4 of the 4 processors detected
Info (12021): Found 2 design units, including 1 entities, in source file mejia_add_nov18.vhd
    Info (12022): Found design unit 1: add-BHV File: D:/Documents/Quartus Projects/Assignment 6/4 - Adder Tree/mejia_add_Nov18.vhd Line: 14
    Info (12023): Found entity 1: add File: D:/Documents/Quartus Projects/Assignment 6/4 - Adder Tree/mejia_add_Nov18.vhd Line: 5
Info (12021): Found 2 design units, including 1 entities, in source file mejia_addpipe_nov18.vhd
    Info (12022): Found design unit 1: add_pipe-STR File: D:/Documents/Quartus Projects/Assignment 6/4 - Adder Tree/mejia_addpipe_Nov18.vhd Line: 17
    Info (12023): Found entity 1: add_pipe File: D:/Documents/Quartus Projects/Assignment 6/4 - Adder Tree/mejia_addpipe_Nov18.vhd Line: 5
Info (12021): Found 2 design units, including 1 entities, in source file mejia_register_nov18.vhd
    Info (12022): Found design unit 1: reg-BHV File: D:/Documents/Quartus Projects/Assignment 6/4 - Adder Tree/mejia_register_Nov18.vhd Line: 15
    Info (12023): Found entity 1: reg File: D:/Documents/Quartus Projects/Assignment 6/4 - Adder Tree/mejia_register_Nov18.vhd Line: 4
Info (12021): Found 4 design units, including 1 entities, in source file mejia_addtree_nov18.vhd
    Info (12022): Found design unit 1: add_tree-STR1 File: D:/Documents/Quartus Projects/Assignment 6/4 - Adder Tree/mejia_addtree_Nov18.vhd Line: 35
    Info (12022): Found design unit 2: add_tree-STR2 File: D:/Documents/Quartus Projects/Assignment 6/4 - Adder Tree/mejia_addtree_Nov18.vhd Line: 157
    Info (12022): Found design unit 3: add_tree-STR3 File: D:/Documents/Quartus Projects/Assignment 6/4 - Adder Tree/mejia_addtree_Nov18.vhd Line: 246
    Info (12023): Found entity 1: add_tree File: D:/Documents/Quartus Projects/Assignment 6/4 - Adder Tree/mejia_addtree_Nov18.vhd Line: 19
Info (12021): Found 2 design units, including 1 entities, in source file mejia_top_nov18.vhd
    Info (12022): Found design unit 1: mejia_top_Nov18-STR File: D:/Documents/Quartus Projects/Assignment 6/4 - Adder Tree/mejia_top_Nov18.vhd Line: 25
    Info (12023): Found entity 1: mejia_top_Nov18 File: D:/Documents/Quartus Projects/Assignment 6/4 - Adder Tree/mejia_top_Nov18.vhd Line: 9
Info (12127): Elaborating entity "mejia_top_Nov18" for the top level hierarchy
Info (12129): Elaborating entity "add_tree" using architecture "A:str1" for hierarchy "add_tree:U_ADD_TREE" File: D:/Documents/Quartus Projects/Assignment 6/4 - Adder Tree/mejia_top_Nov18.vhd Line: 32
Info (12128): Elaborating entity "add" for hierarchy "add_tree:U_ADD_TREE|add:U_ADD1" File: D:/Documents/Quartus Projects/Assignment 6/4 - Adder Tree/mejia_addtree_Nov18.vhd Line: 74
Info (12128): Elaborating entity "reg" for hierarchy "add_tree:U_ADD_TREE|reg:U_ADD1_REG" File: D:/Documents/Quartus Projects/Assignment 6/4 - Adder Tree/mejia_addtree_Nov18.vhd Line: 83
Info (12128): Elaborating entity "reg" for hierarchy "add_tree:U_ADD_TREE|reg:U_VALID_REG1" File: D:/Documents/Quartus Projects/Assignment 6/4 - Adder Tree/mejia_addtree_Nov18.vhd Line: 134
Info (286030): Timing-Driven Synthesis is running
Info (16010): Generating hard_block partition "hard_block:auto_generated_inst"
    Info (16011): Adding 0 node(s), including 0 DDIO, 0 PLL, 0 transceiver and 0 LCELL
Info (21057): Implemented 71 device resources after synthesis - the final resource count might be different
    Info (21058): Implemented 36 input pins
    Info (21059): Implemented 9 output pins
    Info (21061): Implemented 26 logic cells
Info: Quartus Prime Analysis & Synthesis was successful. 0 errors, 1 warning
    Info: Peak virtual memory: 4845 megabytes
    Info: Processing ended: Wed Nov 18 13:17:47 2020
    Info: Elapsed time: 00:00:10
    Info: Total CPU time (on all processors): 00:00:22


