Flow report for mejia_divider_Nov19
Fri Nov 20 20:51:22 2020
Quartus Prime Version 16.1.0 Build 196 10/24/2016 SJ Lite Edition


---------------------
; Table of Contents ;
---------------------
  1. Legal Notice
  2. Flow Summary
  3. Flow Settings
  4. Flow Non-Default Global Settings
  5. Flow Elapsed Time
  6. Flow OS Summary
  7. Flow Log
  8. Flow Messages
  9. Flow Suppressed Messages



----------------
; Legal Notice ;
----------------
Copyright (C) 2016  Intel Corporation. All rights reserved.
Your use of Intel Corporation's design tools, logic functions 
and other software and tools, and its AMPP partner logic 
functions, and any output files from any of the foregoing 
(including device programming or simulation files), and any 
associated documentation or information are expressly subject 
to the terms and conditions of the Intel Program License 
Subscription Agreement, the Intel Quartus Prime License Agreement,
the Intel MegaCore Function License Agreement, or other 
applicable license agreement, including, without limitation, 
that your use is for the sole purpose of programming logic 
devices manufactured by Intel and sold by Intel or its 
authorized distributors.  Please refer to the applicable 
agreement for further details.



+-------------------------------------------------------------------------------+
; Flow Summary                                                                  ;
+---------------------------------+---------------------------------------------+
; Flow Status                     ; Successful - Fri Nov 20 20:51:22 2020       ;
; Quartus Prime Version           ; 16.1.0 Build 196 10/24/2016 SJ Lite Edition ;
; Revision Name                   ; mejia_divider_Nov19                         ;
; Top-level Entity Name           ; mejia_divider2_Nov19                        ;
; Family                          ; Cyclone V                                   ;
; Device                          ; 5CSEMA5F31C6                                ;
; Timing Models                   ; Final                                       ;
; Logic utilization (in ALMs)     ; 1,417 / 32,070 ( 4 % )                      ;
; Total registers                 ; 128                                         ;
; Total pins                      ; 131 / 457 ( 29 % )                          ;
; Total virtual pins              ; 0                                           ;
; Total block memory bits         ; 0 / 4,065,280 ( 0 % )                       ;
; Total DSP Blocks                ; 0 / 87 ( 0 % )                              ;
; Total HSSI RX PCSs              ; 0                                           ;
; Total HSSI PMA RX Deserializers ; 0                                           ;
; Total HSSI TX PCSs              ; 0                                           ;
; Total HSSI PMA TX Serializers   ; 0                                           ;
; Total PLLs                      ; 0 / 6 ( 0 % )                               ;
; Total DLLs                      ; 0 / 4 ( 0 % )                               ;
+---------------------------------+---------------------------------------------+


+-----------------------------------------+
; Flow Settings                           ;
+-------------------+---------------------+
; Option            ; Setting             ;
+-------------------+---------------------+
; Start date & time ; 11/20/2020 20:36:24 ;
; Main task         ; Compilation         ;
; Revision Name     ; mejia_divider_Nov19 ;
+-------------------+---------------------+


+----------------------------------------------------------------------------------------------------------------------------------------+
; Flow Non-Default Global Settings                                                                                                       ;
+-------------------------------------+----------------------------------------+---------------------+----------------------+------------+
; Assignment Name                     ; Value                                  ; Default Value       ; Entity Name          ; Section Id ;
+-------------------------------------+----------------------------------------+---------------------+----------------------+------------+
; COMPILER_SIGNATURE_ID               ; 167300353181698.160592258413316        ; --                  ; --                   ; --         ;
; MAX_CORE_JUNCTION_TEMP              ; 85                                     ; --                  ; --                   ; --         ;
; MIN_CORE_JUNCTION_TEMP              ; 0                                      ; --                  ; --                   ; --         ;
; MISC_FILE                           ; mejia_mux2to1_Nov19.cmp                ; --                  ; --                   ; --         ;
; PARTITION_COLOR                     ; -- (Not supported for targeted family) ; --                  ; mejia_divider2_Nov19 ; Top        ;
; PARTITION_FITTER_PRESERVATION_LEVEL ; -- (Not supported for targeted family) ; --                  ; mejia_divider2_Nov19 ; Top        ;
; PARTITION_NETLIST_TYPE              ; -- (Not supported for targeted family) ; --                  ; mejia_divider2_Nov19 ; Top        ;
; PROJECT_OUTPUT_DIRECTORY            ; output_files                           ; --                  ; --                   ; --         ;
; TOP_LEVEL_ENTITY                    ; mejia_divider2_Nov19                   ; mejia_divider_Nov19 ; --                   ; --         ;
+-------------------------------------+----------------------------------------+---------------------+----------------------+------------+


+-------------------------------------------------------------------------------------------------------------------------------+
; Flow Elapsed Time                                                                                                             ;
+---------------------------+--------------+-------------------------+---------------------+------------------------------------+
; Module Name               ; Elapsed Time ; Average Processors Used ; Peak Virtual Memory ; Total CPU Time (on all processors) ;
+---------------------------+--------------+-------------------------+---------------------+------------------------------------+
; Analysis & Synthesis      ; 00:01:05     ; 1.0                     ; 4893 MB             ; 00:01:28                           ;
; Fitter                    ; 00:03:23     ; 1.1                     ; 6564 MB             ; 00:06:22                           ;
; Assembler                 ; 00:00:14     ; 1.0                     ; 4846 MB             ; 00:00:13                           ;
; TimeQuest Timing Analyzer ; 00:00:18     ; 2.0                     ; 5168 MB             ; 00:00:30                           ;
; EDA Netlist Writer        ; 00:00:02     ; 1.0                     ; 4725 MB             ; 00:00:02                           ;
; EDA Netlist Writer        ; 00:00:04     ; 1.0                     ; 4738 MB             ; 00:00:03                           ;
; Total                     ; 00:05:06     ; --                      ; --                  ; 00:08:38                           ;
+---------------------------+--------------+-------------------------+---------------------+------------------------------------+


+-----------------------------------------------------------------------------------------+
; Flow OS Summary                                                                         ;
+---------------------------+------------------+------------+------------+----------------+
; Module Name               ; Machine Hostname ; OS Name    ; OS Version ; Processor type ;
+---------------------------+------------------+------------+------------+----------------+
; Analysis & Synthesis      ; LAPTOP-ETMHHN72  ; Windows 10 ; 10.0       ; x86_64         ;
; Fitter                    ; LAPTOP-ETMHHN72  ; Windows 10 ; 10.0       ; x86_64         ;
; Assembler                 ; LAPTOP-ETMHHN72  ; Windows 10 ; 10.0       ; x86_64         ;
; TimeQuest Timing Analyzer ; LAPTOP-ETMHHN72  ; Windows 10 ; 10.0       ; x86_64         ;
; EDA Netlist Writer        ; LAPTOP-ETMHHN72  ; Windows 10 ; 10.0       ; x86_64         ;
; EDA Netlist Writer        ; LAPTOP-ETMHHN72  ; Windows 10 ; 10.0       ; x86_64         ;
+---------------------------+------------------+------------+------------+----------------+


------------
; Flow Log ;
------------
quartus_map --read_settings_files=on --write_settings_files=off mejia_divider_Nov19 -c mejia_divider_Nov19
quartus_fit --read_settings_files=off --write_settings_files=off mejia_divider_Nov19 -c mejia_divider_Nov19
quartus_asm --read_settings_files=off --write_settings_files=off mejia_divider_Nov19 -c mejia_divider_Nov19
quartus_sta mejia_divider_Nov19 -c mejia_divider_Nov19
quartus_eda --gen_testbench --tool=modelsim_oem --format=vhdl --write_settings_files=off mejia_divider_Nov19 -c mejia_divider_Nov19 --vector_source="D:/Documents/Quartus Projects/Assignment 6/6 - Divider/Waveform1.vwf" --testbench_file="D:/Documents/Quartus Projects/Assignment 6/6 - Divider/simulation/qsim/Waveform1.vwf.vht"
quartus_eda --write_settings_files=off --simulation=on --functional=on --flatten_buses=off --tool=modelsim_oem --format=vhdl --output_directory="D:/Documents/Quartus Projects/Assignment 6/6 - Divider/simulation/qsim/" mejia_divider_Nov19 -c mejia_divider_Nov19



