Flow report for mejia_addsub_mem_Nov8
Tue Nov 10 23:55:38 2020
Quartus Prime Version 16.1.0 Build 196 10/24/2016 SJ Lite Edition


---------------------
; Table of Contents ;
---------------------
  1. Legal Notice
  2. Flow Summary
  3. Flow Settings
  4. Flow Non-Default Global Settings
  5. Flow Elapsed Time
  6. Flow OS Summary
  7. Flow Log
  8. Flow Messages
  9. Flow Suppressed Messages



----------------
; Legal Notice ;
----------------
Copyright (C) 2016  Intel Corporation. All rights reserved.
Your use of Intel Corporation's design tools, logic functions 
and other software and tools, and its AMPP partner logic 
functions, and any output files from any of the foregoing 
(including device programming or simulation files), and any 
associated documentation or information are expressly subject 
to the terms and conditions of the Intel Program License 
Subscription Agreement, the Intel Quartus Prime License Agreement,
the Intel MegaCore Function License Agreement, or other 
applicable license agreement, including, without limitation, 
that your use is for the sole purpose of programming logic 
devices manufactured by Intel and sold by Intel or its 
authorized distributors.  Please refer to the applicable 
agreement for further details.



+-------------------------------------------------------------------------------+
; Flow Summary                                                                  ;
+---------------------------------+---------------------------------------------+
; Flow Status                     ; Successful - Tue Nov 10 23:55:38 2020       ;
; Quartus Prime Version           ; 16.1.0 Build 196 10/24/2016 SJ Lite Edition ;
; Revision Name                   ; mejia_addsub_mem_Nov8                       ;
; Top-level Entity Name           ; mejia_addsub_mem_Nov8                       ;
; Family                          ; Cyclone V                                   ;
; Device                          ; 5CSEMA5F31C6                                ;
; Timing Models                   ; Final                                       ;
; Logic utilization (in ALMs)     ; 43 / 32,070 ( < 1 % )                       ;
; Total registers                 ; 49                                          ;
; Total pins                      ; 47 / 457 ( 10 % )                           ;
; Total virtual pins              ; 0                                           ;
; Total block memory bits         ; 1,024 / 4,065,280 ( < 1 % )                 ;
; Total DSP Blocks                ; 0 / 87 ( 0 % )                              ;
; Total HSSI RX PCSs              ; 0                                           ;
; Total HSSI PMA RX Deserializers ; 0                                           ;
; Total HSSI TX PCSs              ; 0                                           ;
; Total HSSI PMA TX Serializers   ; 0                                           ;
; Total PLLs                      ; 0 / 6 ( 0 % )                               ;
; Total DLLs                      ; 0 / 4 ( 0 % )                               ;
+---------------------------------+---------------------------------------------+


+-------------------------------------------+
; Flow Settings                             ;
+-------------------+-----------------------+
; Option            ; Setting               ;
+-------------------+-----------------------+
; Start date & time ; 11/10/2020 00:31:00   ;
; Main task         ; Compilation           ;
; Revision Name     ; mejia_addsub_mem_Nov8 ;
+-------------------+-----------------------+


+-------------------------------------------------------------------------------------------------------------------------+
; Flow Non-Default Global Settings                                                                                        ;
+-------------------------------------+----------------------------------------+---------------+-------------+------------+
; Assignment Name                     ; Value                                  ; Default Value ; Entity Name ; Section Id ;
+-------------------------------------+----------------------------------------+---------------+-------------+------------+
; COMPILER_SIGNATURE_ID               ; 167300353181698.160498626019128        ; --            ; --          ; --         ;
; MAX_CORE_JUNCTION_TEMP              ; 85                                     ; --            ; --          ; --         ;
; MIN_CORE_JUNCTION_TEMP              ; 0                                      ; --            ; --          ; --         ;
; MISC_FILE                           ; mejia_data_mem_Nov8.cmp                ; --            ; --          ; --         ;
; MISC_FILE                           ; mejia_megaddsub_Nov8.cmp               ; --            ; --          ; --         ;
; MISC_FILE                           ; mejia_mux_Nov8.cmp                     ; --            ; --          ; --         ;
; PARTITION_COLOR                     ; -- (Not supported for targeted family) ; --            ; --          ; Top        ;
; PARTITION_FITTER_PRESERVATION_LEVEL ; -- (Not supported for targeted family) ; --            ; --          ; Top        ;
; PARTITION_NETLIST_TYPE              ; -- (Not supported for targeted family) ; --            ; --          ; Top        ;
; PROJECT_OUTPUT_DIRECTORY            ; output_files                           ; --            ; --          ; --         ;
+-------------------------------------+----------------------------------------+---------------+-------------+------------+


+-------------------------------------------------------------------------------------------------------------------------------+
; Flow Elapsed Time                                                                                                             ;
+---------------------------+--------------+-------------------------+---------------------+------------------------------------+
; Module Name               ; Elapsed Time ; Average Processors Used ; Peak Virtual Memory ; Total CPU Time (on all processors) ;
+---------------------------+--------------+-------------------------+---------------------+------------------------------------+
; Analysis & Synthesis      ; 00:00:11     ; 1.0                     ; 4880 MB             ; 00:00:22                           ;
; Fitter                    ; 00:00:39     ; 1.0                     ; 6663 MB             ; 00:01:14                           ;
; Assembler                 ; 00:00:05     ; 1.0                     ; 4821 MB             ; 00:00:06                           ;
; TimeQuest Timing Analyzer ; 00:00:07     ; 1.1                     ; 5153 MB             ; 00:00:06                           ;
; EDA Netlist Writer        ; 00:00:01     ; 1.0                     ; 4706 MB             ; 00:00:01                           ;
; EDA Netlist Writer        ; 00:00:01     ; 1.0                     ; 4715 MB             ; 00:00:01                           ;
; EDA Netlist Writer        ; 00:00:01     ; 1.0                     ; 4703 MB             ; 00:00:01                           ;
; EDA Netlist Writer        ; 00:00:01     ; 1.0                     ; 4714 MB             ; 00:00:01                           ;
; EDA Netlist Writer        ; 00:00:00     ; 1.0                     ; 4703 MB             ; 00:00:01                           ;
; EDA Netlist Writer        ; 00:00:01     ; 1.0                     ; 4713 MB             ; 00:00:01                           ;
; EDA Netlist Writer        ; 00:00:01     ; 1.0                     ; 4703 MB             ; 00:00:01                           ;
; EDA Netlist Writer        ; 00:00:02     ; 1.0                     ; 4716 MB             ; 00:00:01                           ;
; EDA Netlist Writer        ; 00:00:01     ; 1.0                     ; 4707 MB             ; 00:00:01                           ;
; EDA Netlist Writer        ; 00:00:01     ; 1.0                     ; 4716 MB             ; 00:00:01                           ;
; EDA Netlist Writer        ; 00:00:01     ; 1.0                     ; 4707 MB             ; 00:00:01                           ;
; EDA Netlist Writer        ; 00:00:01     ; 1.0                     ; 4706 MB             ; 00:00:01                           ;
; EDA Netlist Writer        ; 00:00:01     ; 1.0                     ; 4716 MB             ; 00:00:01                           ;
; EDA Netlist Writer        ; 00:00:01     ; 1.0                     ; 4707 MB             ; 00:00:01                           ;
; EDA Netlist Writer        ; 00:00:01     ; 1.0                     ; 4716 MB             ; 00:00:01                           ;
; EDA Netlist Writer        ; 00:00:01     ; 1.0                     ; 4707 MB             ; 00:00:01                           ;
; EDA Netlist Writer        ; 00:00:01     ; 1.0                     ; 4716 MB             ; 00:00:01                           ;
; Total                     ; 00:01:19     ; --                      ; --                  ; 00:02:05                           ;
+---------------------------+--------------+-------------------------+---------------------+------------------------------------+


+-----------------------------------------------------------------------------------------+
; Flow OS Summary                                                                         ;
+---------------------------+------------------+------------+------------+----------------+
; Module Name               ; Machine Hostname ; OS Name    ; OS Version ; Processor type ;
+---------------------------+------------------+------------+------------+----------------+
; Analysis & Synthesis      ; LAPTOP-ETMHHN72  ; Windows 10 ; 10.0       ; x86_64         ;
; Fitter                    ; LAPTOP-ETMHHN72  ; Windows 10 ; 10.0       ; x86_64         ;
; Assembler                 ; LAPTOP-ETMHHN72  ; Windows 10 ; 10.0       ; x86_64         ;
; TimeQuest Timing Analyzer ; LAPTOP-ETMHHN72  ; Windows 10 ; 10.0       ; x86_64         ;
; EDA Netlist Writer        ; LAPTOP-ETMHHN72  ; Windows 10 ; 10.0       ; x86_64         ;
; EDA Netlist Writer        ; LAPTOP-ETMHHN72  ; Windows 10 ; 10.0       ; x86_64         ;
; EDA Netlist Writer        ; LAPTOP-ETMHHN72  ; Windows 10 ; 10.0       ; x86_64         ;
; EDA Netlist Writer        ; LAPTOP-ETMHHN72  ; Windows 10 ; 10.0       ; x86_64         ;
; EDA Netlist Writer        ; LAPTOP-ETMHHN72  ; Windows 10 ; 10.0       ; x86_64         ;
; EDA Netlist Writer        ; LAPTOP-ETMHHN72  ; Windows 10 ; 10.0       ; x86_64         ;
; EDA Netlist Writer        ; LAPTOP-ETMHHN72  ; Windows 10 ; 10.0       ; x86_64         ;
; EDA Netlist Writer        ; LAPTOP-ETMHHN72  ; Windows 10 ; 10.0       ; x86_64         ;
; EDA Netlist Writer        ; LAPTOP-ETMHHN72  ; Windows 10 ; 10.0       ; x86_64         ;
; EDA Netlist Writer        ; LAPTOP-ETMHHN72  ; Windows 10 ; 10.0       ; x86_64         ;
; EDA Netlist Writer        ; LAPTOP-ETMHHN72  ; Windows 10 ; 10.0       ; x86_64         ;
; EDA Netlist Writer        ; LAPTOP-ETMHHN72  ; Windows 10 ; 10.0       ; x86_64         ;
; EDA Netlist Writer        ; LAPTOP-ETMHHN72  ; Windows 10 ; 10.0       ; x86_64         ;
; EDA Netlist Writer        ; LAPTOP-ETMHHN72  ; Windows 10 ; 10.0       ; x86_64         ;
; EDA Netlist Writer        ; LAPTOP-ETMHHN72  ; Windows 10 ; 10.0       ; x86_64         ;
; EDA Netlist Writer        ; LAPTOP-ETMHHN72  ; Windows 10 ; 10.0       ; x86_64         ;
; EDA Netlist Writer        ; LAPTOP-ETMHHN72  ; Windows 10 ; 10.0       ; x86_64         ;
+---------------------------+------------------+------------+------------+----------------+


------------
; Flow Log ;
------------
quartus_map --read_settings_files=on --write_settings_files=off mejia_addsub_mem_Nov8 -c mejia_addsub_mem_Nov8
quartus_fit --read_settings_files=off --write_settings_files=off mejia_addsub_mem_Nov8 -c mejia_addsub_mem_Nov8
quartus_asm --read_settings_files=off --write_settings_files=off mejia_addsub_mem_Nov8 -c mejia_addsub_mem_Nov8
quartus_sta mejia_addsub_mem_Nov8 -c mejia_addsub_mem_Nov8
quartus_eda --gen_testbench --tool=modelsim_oem --format=vhdl --write_settings_files=off mejia_addsub_mem_Nov8 -c mejia_addsub_mem_Nov8 --vector_source="D:/Documents/Quartus Projects/Midterm Lab/Assignment2/LPM_AddSub2/Waveform.vwf" --testbench_file="D:/Documents/Quartus Projects/Midterm Lab/Assignment2/LPM_AddSub2/simulation/qsim/Waveform.vwf.vht"
quartus_eda --write_settings_files=off --simulation=on --functional=on --flatten_buses=off --tool=modelsim_oem --format=vhdl --output_directory="D:/Documents/Quartus Projects/Midterm Lab/Assignment2/LPM_AddSub2/simulation/qsim/" mejia_addsub_mem_Nov8 -c mejia_addsub_mem_Nov8
quartus_eda --gen_testbench --tool=modelsim_oem --format=vhdl --write_settings_files=off mejia_addsub_mem_Nov8 -c mejia_addsub_mem_Nov8 --vector_source="D:/Documents/Quartus Projects/Midterm Lab/Assignment2/LPM_AddSub2/Waveform.vwf" --testbench_file="D:/Documents/Quartus Projects/Midterm Lab/Assignment2/LPM_AddSub2/simulation/qsim/Waveform.vwf.vht"
quartus_eda --write_settings_files=off --simulation=on --functional=on --flatten_buses=off --tool=modelsim_oem --format=vhdl --output_directory="D:/Documents/Quartus Projects/Midterm Lab/Assignment2/LPM_AddSub2/simulation/qsim/" mejia_addsub_mem_Nov8 -c mejia_addsub_mem_Nov8
quartus_eda --gen_testbench --tool=modelsim_oem --format=vhdl --write_settings_files=off mejia_addsub_mem_Nov8 -c mejia_addsub_mem_Nov8 --vector_source="D:/Documents/Quartus Projects/Midterm Lab/Assignment2/LPM_AddSub2/Waveform.vwf" --testbench_file="D:/Documents/Quartus Projects/Midterm Lab/Assignment2/LPM_AddSub2/simulation/qsim/Waveform.vwf.vht"
quartus_eda --write_settings_files=off --simulation=on --functional=on --flatten_buses=off --tool=modelsim_oem --format=vhdl --output_directory="D:/Documents/Quartus Projects/Midterm Lab/Assignment2/LPM_AddSub2/simulation/qsim/" mejia_addsub_mem_Nov8 -c mejia_addsub_mem_Nov8
quartus_eda --gen_testbench --tool=modelsim_oem --format=vhdl --write_settings_files=off mejia_addsub_mem_Nov8 -c mejia_addsub_mem_Nov8 --vector_source="D:/Documents/Quartus Projects/Midterm Lab/Assignment2/LPM_AddSub2/Waveform.vwf" --testbench_file="D:/Documents/Quartus Projects/Midterm Lab/Assignment2/LPM_AddSub2/simulation/qsim/Waveform.vwf.vht"
quartus_eda --write_settings_files=off --simulation=on --functional=on --flatten_buses=off --tool=modelsim_oem --format=vhdl --output_directory="D:/Documents/Quartus Projects/Midterm Lab/Assignment2/LPM_AddSub2/simulation/qsim/" mejia_addsub_mem_Nov8 -c mejia_addsub_mem_Nov8
quartus_eda --gen_testbench --tool=modelsim_oem --format=vhdl --write_settings_files=off mejia_addsub_mem_Nov8 -c mejia_addsub_mem_Nov8 --vector_source="D:/Documents/Quartus Projects/Midterm Lab/Assignment2/LPM_AddSub2/Waveform.vwf" --testbench_file="D:/Documents/Quartus Projects/Midterm Lab/Assignment2/LPM_AddSub2/simulation/qsim/Waveform.vwf.vht"
quartus_eda --write_settings_files=off --simulation=on --functional=on --flatten_buses=off --tool=modelsim_oem --format=vhdl --output_directory="D:/Documents/Quartus Projects/Midterm Lab/Assignment2/LPM_AddSub2/simulation/qsim/" mejia_addsub_mem_Nov8 -c mejia_addsub_mem_Nov8
quartus_eda --gen_testbench --tool=modelsim_oem --format=vhdl --write_settings_files=off mejia_addsub_mem_Nov8 -c mejia_addsub_mem_Nov8 --vector_source="D:/Documents/Quartus Projects/Midterm Lab/Assignment2/LPM_AddSub2/Waveform.vwf" --testbench_file="D:/Documents/Quartus Projects/Midterm Lab/Assignment2/LPM_AddSub2/simulation/qsim/Waveform.vwf.vht"
quartus_eda --gen_testbench --tool=modelsim_oem --format=vhdl --write_settings_files=off mejia_addsub_mem_Nov8 -c mejia_addsub_mem_Nov8 --vector_source="D:/Documents/Quartus Projects/Midterm Lab/Assignment2/LPM_AddSub2/Waveform.vwf" --testbench_file="D:/Documents/Quartus Projects/Midterm Lab/Assignment2/LPM_AddSub2/simulation/qsim/Waveform.vwf.vht"
quartus_eda --write_settings_files=off --simulation=on --functional=on --flatten_buses=off --tool=modelsim_oem --format=vhdl --output_directory="D:/Documents/Quartus Projects/Midterm Lab/Assignment2/LPM_AddSub2/simulation/qsim/" mejia_addsub_mem_Nov8 -c mejia_addsub_mem_Nov8
quartus_eda --gen_testbench --tool=modelsim_oem --format=vhdl --write_settings_files=off mejia_addsub_mem_Nov8 -c mejia_addsub_mem_Nov8 --vector_source="D:/Documents/Quartus Projects/Midterm Lab/Assignment2/LPM_AddSub2/Waveform.vwf" --testbench_file="D:/Documents/Quartus Projects/Midterm Lab/Assignment2/LPM_AddSub2/simulation/qsim/Waveform.vwf.vht"
quartus_eda --write_settings_files=off --simulation=on --functional=on --flatten_buses=off --tool=modelsim_oem --format=vhdl --output_directory="D:/Documents/Quartus Projects/Midterm Lab/Assignment2/LPM_AddSub2/simulation/qsim/" mejia_addsub_mem_Nov8 -c mejia_addsub_mem_Nov8
quartus_eda --gen_testbench --tool=modelsim_oem --format=vhdl --write_settings_files=off mejia_addsub_mem_Nov8 -c mejia_addsub_mem_Nov8 --vector_source="D:/Documents/Quartus Projects/Midterm Lab/Assignment2/LPM_AddSub2/Waveform.vwf" --testbench_file="D:/Documents/Quartus Projects/Midterm Lab/Assignment2/LPM_AddSub2/simulation/qsim/Waveform.vwf.vht"
quartus_eda --write_settings_files=off --simulation=on --functional=on --flatten_buses=off --tool=modelsim_oem --format=vhdl --output_directory="D:/Documents/Quartus Projects/Midterm Lab/Assignment2/LPM_AddSub2/simulation/qsim/" mejia_addsub_mem_Nov8 -c mejia_addsub_mem_Nov8



