Analysis & Synthesis report for mejia_addsub_mem_Nov8
Tue Nov 10 00:31:12 2020
Quartus Prime Version 16.1.0 Build 196 10/24/2016 SJ Lite Edition


---------------------
; Table of Contents ;
---------------------
  1. Legal Notice
  2. Analysis & Synthesis Summary
  3. Analysis & Synthesis Settings
  4. Parallel Compilation
  5. Analysis & Synthesis Source Files Read
  6. Analysis & Synthesis Resource Usage Summary
  7. Analysis & Synthesis Resource Utilization by Entity
  8. Analysis & Synthesis RAM Summary
  9. Analysis & Synthesis IP Cores Summary
 10. General Register Statistics
 11. Source assignments for mejia_data_mem_Nov8:input_A|altsyncram:altsyncram_component|altsyncram_jo24:auto_generated
 12. Source assignments for mejia_data_mem_Nov8:input_B|altsyncram:altsyncram_component|altsyncram_jo24:auto_generated
 13. Parameter Settings for User Entity Instance: Top-level Entity: |mejia_addsub_mem_Nov8
 14. Parameter Settings for User Entity Instance: mejia_data_mem_Nov8:input_A|altsyncram:altsyncram_component
 15. Parameter Settings for User Entity Instance: mejia_data_mem_Nov8:input_B|altsyncram:altsyncram_component
 16. Parameter Settings for User Entity Instance: mejia_megaddsub_Nov8:nbit_addsub|lpm_add_sub:LPM_ADD_SUB_component
 17. Parameter Settings for User Entity Instance: mejia_mux_Nov8:multiplexer|LPM_MUX:LPM_MUX_component
 18. altsyncram Parameter Settings by Entity Instance
 19. Port Connectivity Checks: "mejia_data_mem_Nov8:input_B"
 20. Port Connectivity Checks: "mejia_data_mem_Nov8:input_A"
 21. Post-Synthesis Netlist Statistics for Top Partition
 22. Elapsed Time Per Partition
 23. Analysis & Synthesis Messages



----------------
; Legal Notice ;
----------------
Copyright (C) 2016  Intel Corporation. All rights reserved.
Your use of Intel Corporation's design tools, logic functions 
and other software and tools, and its AMPP partner logic 
functions, and any output files from any of the foregoing 
(including device programming or simulation files), and any 
associated documentation or information are expressly subject 
to the terms and conditions of the Intel Program License 
Subscription Agreement, the Intel Quartus Prime License Agreement,
the Intel MegaCore Function License Agreement, or other 
applicable license agreement, including, without limitation, 
that your use is for the sole purpose of programming logic 
devices manufactured by Intel and sold by Intel or its 
authorized distributors.  Please refer to the applicable 
agreement for further details.



+-------------------------------------------------------------------------------+
; Analysis & Synthesis Summary                                                  ;
+---------------------------------+---------------------------------------------+
; Analysis & Synthesis Status     ; Successful - Tue Nov 10 00:31:12 2020       ;
; Quartus Prime Version           ; 16.1.0 Build 196 10/24/2016 SJ Lite Edition ;
; Revision Name                   ; mejia_addsub_mem_Nov8                       ;
; Top-level Entity Name           ; mejia_addsub_mem_Nov8                       ;
; Family                          ; Cyclone V                                   ;
; Logic utilization (in ALMs)     ; N/A                                         ;
; Total registers                 ; 45                                          ;
; Total pins                      ; 47                                          ;
; Total virtual pins              ; 0                                           ;
; Total block memory bits         ; 1,024                                       ;
; Total DSP Blocks                ; 0                                           ;
; Total HSSI RX PCSs              ; 0                                           ;
; Total HSSI PMA RX Deserializers ; 0                                           ;
; Total HSSI TX PCSs              ; 0                                           ;
; Total HSSI PMA TX Serializers   ; 0                                           ;
; Total PLLs                      ; 0                                           ;
; Total DLLs                      ; 0                                           ;
+---------------------------------+---------------------------------------------+


+---------------------------------------------------------------------------------------------------------------------------------+
; Analysis & Synthesis Settings                                                                                                   ;
+---------------------------------------------------------------------------------+-----------------------+-----------------------+
; Option                                                                          ; Setting               ; Default Value         ;
+---------------------------------------------------------------------------------+-----------------------+-----------------------+
; Device                                                                          ; 5CSEMA5F31C6          ;                       ;
; Top-level entity name                                                           ; mejia_addsub_mem_Nov8 ; mejia_addsub_mem_Nov8 ;
; Family name                                                                     ; Cyclone V             ; Cyclone V             ;
; Use smart compilation                                                           ; Off                   ; Off                   ;
; Enable parallel Assembler and TimeQuest Timing Analyzer during compilation      ; On                    ; On                    ;
; Enable compact report table                                                     ; Off                   ; Off                   ;
; Restructure Multiplexers                                                        ; Auto                  ; Auto                  ;
; MLAB Add Timing Constraints For Mixed-Port Feed-Through Mode Setting Don't Care ; Off                   ; Off                   ;
; Create Debugging Nodes for IP Cores                                             ; Off                   ; Off                   ;
; Preserve fewer node names                                                       ; On                    ; On                    ;
; OpenCore Plus hardware evaluation                                               ; Enable                ; Enable                ;
; Verilog Version                                                                 ; Verilog_2001          ; Verilog_2001          ;
; VHDL Version                                                                    ; VHDL_1993             ; VHDL_1993             ;
; State Machine Processing                                                        ; Auto                  ; Auto                  ;
; Safe State Machine                                                              ; Off                   ; Off                   ;
; Extract Verilog State Machines                                                  ; On                    ; On                    ;
; Extract VHDL State Machines                                                     ; On                    ; On                    ;
; Ignore Verilog initial constructs                                               ; Off                   ; Off                   ;
; Iteration limit for constant Verilog loops                                      ; 5000                  ; 5000                  ;
; Iteration limit for non-constant Verilog loops                                  ; 250                   ; 250                   ;
; Add Pass-Through Logic to Inferred RAMs                                         ; On                    ; On                    ;
; Infer RAMs from Raw Logic                                                       ; On                    ; On                    ;
; Parallel Synthesis                                                              ; On                    ; On                    ;
; DSP Block Balancing                                                             ; Auto                  ; Auto                  ;
; NOT Gate Push-Back                                                              ; On                    ; On                    ;
; Power-Up Don't Care                                                             ; On                    ; On                    ;
; Remove Redundant Logic Cells                                                    ; Off                   ; Off                   ;
; Remove Duplicate Registers                                                      ; On                    ; On                    ;
; Ignore CARRY Buffers                                                            ; Off                   ; Off                   ;
; Ignore CASCADE Buffers                                                          ; Off                   ; Off                   ;
; Ignore GLOBAL Buffers                                                           ; Off                   ; Off                   ;
; Ignore ROW GLOBAL Buffers                                                       ; Off                   ; Off                   ;
; Ignore LCELL Buffers                                                            ; Off                   ; Off                   ;
; Ignore SOFT Buffers                                                             ; On                    ; On                    ;
; Limit AHDL Integers to 32 Bits                                                  ; Off                   ; Off                   ;
; Optimization Technique                                                          ; Balanced              ; Balanced              ;
; Carry Chain Length                                                              ; 70                    ; 70                    ;
; Auto Carry Chains                                                               ; On                    ; On                    ;
; Auto Open-Drain Pins                                                            ; On                    ; On                    ;
; Perform WYSIWYG Primitive Resynthesis                                           ; Off                   ; Off                   ;
; Auto ROM Replacement                                                            ; On                    ; On                    ;
; Auto RAM Replacement                                                            ; On                    ; On                    ;
; Auto DSP Block Replacement                                                      ; On                    ; On                    ;
; Auto Shift Register Replacement                                                 ; Auto                  ; Auto                  ;
; Allow Shift Register Merging across Hierarchies                                 ; Auto                  ; Auto                  ;
; Auto Clock Enable Replacement                                                   ; On                    ; On                    ;
; Strict RAM Replacement                                                          ; Off                   ; Off                   ;
; Allow Synchronous Control Signals                                               ; On                    ; On                    ;
; Force Use of Synchronous Clear Signals                                          ; Off                   ; Off                   ;
; Auto Resource Sharing                                                           ; Off                   ; Off                   ;
; Allow Any RAM Size For Recognition                                              ; Off                   ; Off                   ;
; Allow Any ROM Size For Recognition                                              ; Off                   ; Off                   ;
; Allow Any Shift Register Size For Recognition                                   ; Off                   ; Off                   ;
; Use LogicLock Constraints during Resource Balancing                             ; On                    ; On                    ;
; Ignore translate_off and synthesis_off directives                               ; Off                   ; Off                   ;
; Timing-Driven Synthesis                                                         ; On                    ; On                    ;
; Report Parameter Settings                                                       ; On                    ; On                    ;
; Report Source Assignments                                                       ; On                    ; On                    ;
; Report Connectivity Checks                                                      ; On                    ; On                    ;
; Ignore Maximum Fan-Out Assignments                                              ; Off                   ; Off                   ;
; Synchronization Register Chain Length                                           ; 3                     ; 3                     ;
; PowerPlay Power Optimization During Synthesis                                   ; Normal compilation    ; Normal compilation    ;
; HDL message level                                                               ; Level2                ; Level2                ;
; Suppress Register Optimization Related Messages                                 ; Off                   ; Off                   ;
; Number of Removed Registers Reported in Synthesis Report                        ; 5000                  ; 5000                  ;
; Number of Swept Nodes Reported in Synthesis Report                              ; 5000                  ; 5000                  ;
; Number of Inverted Registers Reported in Synthesis Report                       ; 100                   ; 100                   ;
; Clock MUX Protection                                                            ; On                    ; On                    ;
; Auto Gated Clock Conversion                                                     ; Off                   ; Off                   ;
; Block Design Naming                                                             ; Auto                  ; Auto                  ;
; SDC constraint protection                                                       ; Off                   ; Off                   ;
; Synthesis Effort                                                                ; Auto                  ; Auto                  ;
; Shift Register Replacement - Allow Asynchronous Clear Signal                    ; On                    ; On                    ;
; Pre-Mapping Resynthesis Optimization                                            ; Off                   ; Off                   ;
; Analysis & Synthesis Message Level                                              ; Medium                ; Medium                ;
; Disable Register Merging Across Hierarchies                                     ; Auto                  ; Auto                  ;
; Resource Aware Inference For Block RAM                                          ; On                    ; On                    ;
; Automatic Parallel Synthesis                                                    ; On                    ; On                    ;
; Partial Reconfiguration Bitstream ID                                            ; Off                   ; Off                   ;
+---------------------------------------------------------------------------------+-----------------------+-----------------------+


+------------------------------------------+
; Parallel Compilation                     ;
+----------------------------+-------------+
; Processors                 ; Number      ;
+----------------------------+-------------+
; Number detected on machine ; 8           ;
; Maximum allowed            ; 4           ;
;                            ;             ;
; Average used               ; 1.00        ;
; Maximum used               ; 4           ;
;                            ;             ;
; Usage by Processor         ; % Time Used ;
;     Processor 1            ; 100.0%      ;
;     Processors 2-4         ;   0.0%      ;
+----------------------------+-------------+


+-----------------------------------------------------------------------------------------------------------------------------------------------------------------------------------------------+
; Analysis & Synthesis Source Files Read                                                                                                                                                        ;
+----------------------------------+-----------------+----------------------------------+---------------------------------------------------------------------------------------------+---------+
; File Name with User-Entered Path ; Used in Netlist ; File Type                        ; File Name with Absolute Path                                                                ; Library ;
+----------------------------------+-----------------+----------------------------------+---------------------------------------------------------------------------------------------+---------+
; mejia_addsub_mem_Nov8.vhd        ; yes             ; User VHDL File                   ; D:/Documents/Quartus Projects/Midterm Lab/Assignment2/LPM_AddSub2/mejia_addsub_mem_Nov8.vhd ;         ;
; mejia_data_mem_Nov8.mif          ; yes             ; User Memory Initialization File  ; D:/Documents/Quartus Projects/Midterm Lab/Assignment2/LPM_AddSub2/mejia_data_mem_Nov8.mif   ;         ;
; mejia_data_mem_Nov8.vhd          ; yes             ; User Wizard-Generated File       ; D:/Documents/Quartus Projects/Midterm Lab/Assignment2/LPM_AddSub2/mejia_data_mem_Nov8.vhd   ;         ;
; mejia_megaddsub_Nov8.vhd         ; yes             ; User Wizard-Generated File       ; D:/Documents/Quartus Projects/Midterm Lab/Assignment2/LPM_AddSub2/mejia_megaddsub_Nov8.vhd  ;         ;
; mejia_mux_Nov8.vhd               ; yes             ; User Wizard-Generated File       ; D:/Documents/Quartus Projects/Midterm Lab/Assignment2/LPM_AddSub2/mejia_mux_Nov8.vhd        ;         ;
; altsyncram.tdf                   ; yes             ; Megafunction                     ; d:/programs/intelfpga_lite/16.1/quartus/libraries/megafunctions/altsyncram.tdf              ;         ;
; stratix_ram_block.inc            ; yes             ; Megafunction                     ; d:/programs/intelfpga_lite/16.1/quartus/libraries/megafunctions/stratix_ram_block.inc       ;         ;
; lpm_mux.inc                      ; yes             ; Megafunction                     ; d:/programs/intelfpga_lite/16.1/quartus/libraries/megafunctions/lpm_mux.inc                 ;         ;
; lpm_decode.inc                   ; yes             ; Megafunction                     ; d:/programs/intelfpga_lite/16.1/quartus/libraries/megafunctions/lpm_decode.inc              ;         ;
; aglobal161.inc                   ; yes             ; Megafunction                     ; d:/programs/intelfpga_lite/16.1/quartus/libraries/megafunctions/aglobal161.inc              ;         ;
; a_rdenreg.inc                    ; yes             ; Megafunction                     ; d:/programs/intelfpga_lite/16.1/quartus/libraries/megafunctions/a_rdenreg.inc               ;         ;
; altrom.inc                       ; yes             ; Megafunction                     ; d:/programs/intelfpga_lite/16.1/quartus/libraries/megafunctions/altrom.inc                  ;         ;
; altram.inc                       ; yes             ; Megafunction                     ; d:/programs/intelfpga_lite/16.1/quartus/libraries/megafunctions/altram.inc                  ;         ;
; altdpram.inc                     ; yes             ; Megafunction                     ; d:/programs/intelfpga_lite/16.1/quartus/libraries/megafunctions/altdpram.inc                ;         ;
; db/altsyncram_jo24.tdf           ; yes             ; Auto-Generated Megafunction      ; D:/Documents/Quartus Projects/Midterm Lab/Assignment2/LPM_AddSub2/db/altsyncram_jo24.tdf    ;         ;
; lpm_add_sub.tdf                  ; yes             ; Megafunction                     ; d:/programs/intelfpga_lite/16.1/quartus/libraries/megafunctions/lpm_add_sub.tdf             ;         ;
; addcore.inc                      ; yes             ; Megafunction                     ; d:/programs/intelfpga_lite/16.1/quartus/libraries/megafunctions/addcore.inc                 ;         ;
; look_add.inc                     ; yes             ; Megafunction                     ; d:/programs/intelfpga_lite/16.1/quartus/libraries/megafunctions/look_add.inc                ;         ;
; bypassff.inc                     ; yes             ; Megafunction                     ; d:/programs/intelfpga_lite/16.1/quartus/libraries/megafunctions/bypassff.inc                ;         ;
; altshift.inc                     ; yes             ; Megafunction                     ; d:/programs/intelfpga_lite/16.1/quartus/libraries/megafunctions/altshift.inc                ;         ;
; alt_stratix_add_sub.inc          ; yes             ; Megafunction                     ; d:/programs/intelfpga_lite/16.1/quartus/libraries/megafunctions/alt_stratix_add_sub.inc     ;         ;
; db/add_sub_d6h.tdf               ; yes             ; Auto-Generated Megafunction      ; D:/Documents/Quartus Projects/Midterm Lab/Assignment2/LPM_AddSub2/db/add_sub_d6h.tdf        ;         ;
; lpm_mux.tdf                      ; yes             ; Megafunction                     ; d:/programs/intelfpga_lite/16.1/quartus/libraries/megafunctions/lpm_mux.tdf                 ;         ;
; muxlut.inc                       ; yes             ; Megafunction                     ; d:/programs/intelfpga_lite/16.1/quartus/libraries/megafunctions/muxlut.inc                  ;         ;
; db/mux_o1e.tdf                   ; yes             ; Auto-Generated Megafunction      ; D:/Documents/Quartus Projects/Midterm Lab/Assignment2/LPM_AddSub2/db/mux_o1e.tdf            ;         ;
+----------------------------------+-----------------+----------------------------------+---------------------------------------------------------------------------------------------+---------+


+---------------------------------------------------------+
; Analysis & Synthesis Resource Usage Summary             ;
+---------------------------------------------+-----------+
; Resource                                    ; Usage     ;
+---------------------------------------------+-----------+
; Estimate of Logic utilization (ALMs needed) ; 42        ;
;                                             ;           ;
; Combinational ALUT usage for logic          ; 75        ;
;     -- 7 input functions                    ; 0         ;
;     -- 6 input functions                    ; 6         ;
;     -- 5 input functions                    ; 0         ;
;     -- 4 input functions                    ; 1         ;
;     -- <=3 input functions                  ; 68        ;
;                                             ;           ;
; Dedicated logic registers                   ; 45        ;
;                                             ;           ;
; I/O pins                                    ; 47        ;
; Total MLAB memory bits                      ; 0         ;
; Total block memory bits                     ; 1024      ;
;                                             ;           ;
; Total DSP Blocks                            ; 0         ;
;                                             ;           ;
; Maximum fan-out node                        ; Clk~input ;
; Maximum fan-out                             ; 109       ;
; Total fan-out                               ; 869       ;
; Average fan-out                             ; 3.13      ;
+---------------------------------------------+-----------+


+------------------------------------------------------------------------------------------------------------------------------------------------------------------------------------------------------------------------------------------------------------------------------------------------------------------+
; Analysis & Synthesis Resource Utilization by Entity                                                                                                                                                                                                                                                              ;
+-------------------------------------------+---------------------+---------------------------+-------------------+------------+------+--------------+----------------------------------------------------------------------------------------------------------------------+-----------------------+--------------+
; Compilation Hierarchy Node                ; Combinational ALUTs ; Dedicated Logic Registers ; Block Memory Bits ; DSP Blocks ; Pins ; Virtual Pins ; Full Hierarchy Name                                                                                                  ; Entity Name           ; Library Name ;
+-------------------------------------------+---------------------+---------------------------+-------------------+------------+------+--------------+----------------------------------------------------------------------------------------------------------------------+-----------------------+--------------+
; |mejia_addsub_mem_Nov8                    ; 75 (9)              ; 45 (45)                   ; 1024              ; 0          ; 47   ; 0            ; |mejia_addsub_mem_Nov8                                                                                               ; mejia_addsub_mem_Nov8 ; work         ;
;    |mejia_data_mem_Nov8:input_A|          ; 0 (0)               ; 0 (0)                     ; 512               ; 0          ; 0    ; 0            ; |mejia_addsub_mem_Nov8|mejia_data_mem_Nov8:input_A                                                                   ; mejia_data_mem_Nov8   ; work         ;
;       |altsyncram:altsyncram_component|   ; 0 (0)               ; 0 (0)                     ; 512               ; 0          ; 0    ; 0            ; |mejia_addsub_mem_Nov8|mejia_data_mem_Nov8:input_A|altsyncram:altsyncram_component                                   ; altsyncram            ; work         ;
;          |altsyncram_jo24:auto_generated| ; 0 (0)               ; 0 (0)                     ; 512               ; 0          ; 0    ; 0            ; |mejia_addsub_mem_Nov8|mejia_data_mem_Nov8:input_A|altsyncram:altsyncram_component|altsyncram_jo24:auto_generated    ; altsyncram_jo24       ; work         ;
;    |mejia_data_mem_Nov8:input_B|          ; 0 (0)               ; 0 (0)                     ; 512               ; 0          ; 0    ; 0            ; |mejia_addsub_mem_Nov8|mejia_data_mem_Nov8:input_B                                                                   ; mejia_data_mem_Nov8   ; work         ;
;       |altsyncram:altsyncram_component|   ; 0 (0)               ; 0 (0)                     ; 512               ; 0          ; 0    ; 0            ; |mejia_addsub_mem_Nov8|mejia_data_mem_Nov8:input_B|altsyncram:altsyncram_component                                   ; altsyncram            ; work         ;
;          |altsyncram_jo24:auto_generated| ; 0 (0)               ; 0 (0)                     ; 512               ; 0          ; 0    ; 0            ; |mejia_addsub_mem_Nov8|mejia_data_mem_Nov8:input_B|altsyncram:altsyncram_component|altsyncram_jo24:auto_generated    ; altsyncram_jo24       ; work         ;
;    |mejia_megaddsub_Nov8:nbit_addsub|     ; 34 (0)              ; 0 (0)                     ; 0                 ; 0          ; 0    ; 0            ; |mejia_addsub_mem_Nov8|mejia_megaddsub_Nov8:nbit_addsub                                                              ; mejia_megaddsub_Nov8  ; work         ;
;       |lpm_add_sub:LPM_ADD_SUB_component| ; 34 (0)              ; 0 (0)                     ; 0                 ; 0          ; 0    ; 0            ; |mejia_addsub_mem_Nov8|mejia_megaddsub_Nov8:nbit_addsub|lpm_add_sub:LPM_ADD_SUB_component                            ; lpm_add_sub           ; work         ;
;          |add_sub_d6h:auto_generated|     ; 34 (34)             ; 0 (0)                     ; 0                 ; 0          ; 0    ; 0            ; |mejia_addsub_mem_Nov8|mejia_megaddsub_Nov8:nbit_addsub|lpm_add_sub:LPM_ADD_SUB_component|add_sub_d6h:auto_generated ; add_sub_d6h           ; work         ;
;    |mejia_mux_Nov8:multiplexer|           ; 32 (0)              ; 0 (0)                     ; 0                 ; 0          ; 0    ; 0            ; |mejia_addsub_mem_Nov8|mejia_mux_Nov8:multiplexer                                                                    ; mejia_mux_Nov8        ; work         ;
;       |lpm_mux:LPM_MUX_component|         ; 32 (0)              ; 0 (0)                     ; 0                 ; 0          ; 0    ; 0            ; |mejia_addsub_mem_Nov8|mejia_mux_Nov8:multiplexer|lpm_mux:LPM_MUX_component                                          ; lpm_mux               ; work         ;
;          |mux_o1e:auto_generated|         ; 32 (32)             ; 0 (0)                     ; 0                 ; 0          ; 0    ; 0            ; |mejia_addsub_mem_Nov8|mejia_mux_Nov8:multiplexer|lpm_mux:LPM_MUX_component|mux_o1e:auto_generated                   ; mux_o1e               ; work         ;
+-------------------------------------------+---------------------+---------------------------+-------------------+------------+------+--------------+----------------------------------------------------------------------------------------------------------------------+-----------------------+--------------+
Note: For table entries with two numbers listed, the numbers in parentheses indicate the number of resources of the given type used by the specific entity alone. The numbers listed outside of parentheses indicate the total resources of the given type used by the specific entity and all of its sub-entities in the hierarchy.


+-------------------------------------------------------------------------------------------------------------------------------------------------------------------------------------------------------------------------+
; Analysis & Synthesis RAM Summary                                                                                                                                                                                        ;
+-------------------------------------------------------------------------------------------------------+------+-------------+--------------+--------------+--------------+--------------+------+-------------------------+
; Name                                                                                                  ; Type ; Mode        ; Port A Depth ; Port A Width ; Port B Depth ; Port B Width ; Size ; MIF                     ;
+-------------------------------------------------------------------------------------------------------+------+-------------+--------------+--------------+--------------+--------------+------+-------------------------+
; mejia_data_mem_Nov8:input_A|altsyncram:altsyncram_component|altsyncram_jo24:auto_generated|ALTSYNCRAM ; AUTO ; Single Port ; 16           ; 32           ; --           ; --           ; 512  ; mejia_data_mem_Nov8.mif ;
; mejia_data_mem_Nov8:input_B|altsyncram:altsyncram_component|altsyncram_jo24:auto_generated|ALTSYNCRAM ; AUTO ; Single Port ; 16           ; 32           ; --           ; --           ; 512  ; mejia_data_mem_Nov8.mif ;
+-------------------------------------------------------------------------------------------------------+------+-------------+--------------+--------------+--------------+--------------+------+-------------------------+


+----------------------------------------------------------------------------------------------------------------------------------------------------+
; Analysis & Synthesis IP Cores Summary                                                                                                              ;
+--------+--------------+---------+--------------+--------------+---------------------------------------------------------+--------------------------+
; Vendor ; IP Core Name ; Version ; Release Date ; License Type ; Entity Instance                                         ; IP Include File          ;
+--------+--------------+---------+--------------+--------------+---------------------------------------------------------+--------------------------+
; Altera ; RAM: 1-PORT  ; 16.1    ; N/A          ; N/A          ; |mejia_addsub_mem_Nov8|mejia_data_mem_Nov8:input_A      ; mejia_data_mem_Nov8.vhd  ;
; Altera ; RAM: 1-PORT  ; 16.1    ; N/A          ; N/A          ; |mejia_addsub_mem_Nov8|mejia_data_mem_Nov8:input_B      ; mejia_data_mem_Nov8.vhd  ;
; Altera ; LPM_MUX      ; 16.1    ; N/A          ; N/A          ; |mejia_addsub_mem_Nov8|mejia_mux_Nov8:multiplexer       ; mejia_mux_Nov8.vhd       ;
; Altera ; LPM_ADD_SUB  ; 16.1    ; N/A          ; N/A          ; |mejia_addsub_mem_Nov8|mejia_megaddsub_Nov8:nbit_addsub ; mejia_megaddsub_Nov8.vhd ;
+--------+--------------+---------+--------------+--------------+---------------------------------------------------------+--------------------------+


+------------------------------------------------------+
; General Register Statistics                          ;
+----------------------------------------------+-------+
; Statistic                                    ; Value ;
+----------------------------------------------+-------+
; Total registers                              ; 45    ;
; Number of registers using Synchronous Clear  ; 0     ;
; Number of registers using Synchronous Load   ; 0     ;
; Number of registers using Asynchronous Clear ; 43    ;
; Number of registers using Asynchronous Load  ; 0     ;
; Number of registers using Clock Enable       ; 2     ;
; Number of registers using Preset             ; 0     ;
+----------------------------------------------+-------+


+-------------------------------------------------------------------------------------------------------------------+
; Source assignments for mejia_data_mem_Nov8:input_A|altsyncram:altsyncram_component|altsyncram_jo24:auto_generated ;
+---------------------------------+--------------------+------+-----------------------------------------------------+
; Assignment                      ; Value              ; From ; To                                                  ;
+---------------------------------+--------------------+------+-----------------------------------------------------+
; OPTIMIZE_POWER_DURING_SYNTHESIS ; NORMAL_COMPILATION ; -    ; -                                                   ;
+---------------------------------+--------------------+------+-----------------------------------------------------+


+-------------------------------------------------------------------------------------------------------------------+
; Source assignments for mejia_data_mem_Nov8:input_B|altsyncram:altsyncram_component|altsyncram_jo24:auto_generated ;
+---------------------------------+--------------------+------+-----------------------------------------------------+
; Assignment                      ; Value              ; From ; To                                                  ;
+---------------------------------+--------------------+------+-----------------------------------------------------+
; OPTIMIZE_POWER_DURING_SYNTHESIS ; NORMAL_COMPILATION ; -    ; -                                                   ;
+---------------------------------+--------------------+------+-----------------------------------------------------+


+---------------------------------------------------------------------------------------+
; Parameter Settings for User Entity Instance: Top-level Entity: |mejia_addsub_mem_Nov8 ;
+----------------+-------+--------------------------------------------------------------+
; Parameter Name ; Value ; Type                                                         ;
+----------------+-------+--------------------------------------------------------------+
; n              ; 32    ; Signed Integer                                               ;
+----------------+-------+--------------------------------------------------------------+
Note: In order to hide this table in the UI and the text report file, please set the "Show Parameter Settings in Synthesis Report" option in "Analysis and Synthesis Settings -> More Settings" to "Off".


+----------------------------------------------------------------------------------------------------------+
; Parameter Settings for User Entity Instance: mejia_data_mem_Nov8:input_A|altsyncram:altsyncram_component ;
+------------------------------------+-------------------------+-------------------------------------------+
; Parameter Name                     ; Value                   ; Type                                      ;
+------------------------------------+-------------------------+-------------------------------------------+
; BYTE_SIZE_BLOCK                    ; 8                       ; Untyped                                   ;
; AUTO_CARRY_CHAINS                  ; ON                      ; AUTO_CARRY                                ;
; IGNORE_CARRY_BUFFERS               ; OFF                     ; IGNORE_CARRY                              ;
; AUTO_CASCADE_CHAINS                ; ON                      ; AUTO_CASCADE                              ;
; IGNORE_CASCADE_BUFFERS             ; OFF                     ; IGNORE_CASCADE                            ;
; WIDTH_BYTEENA                      ; 1                       ; Untyped                                   ;
; OPERATION_MODE                     ; SINGLE_PORT             ; Untyped                                   ;
; WIDTH_A                            ; 32                      ; Signed Integer                            ;
; WIDTHAD_A                          ; 4                       ; Signed Integer                            ;
; NUMWORDS_A                         ; 16                      ; Signed Integer                            ;
; OUTDATA_REG_A                      ; CLOCK0                  ; Untyped                                   ;
; ADDRESS_ACLR_A                     ; NONE                    ; Untyped                                   ;
; OUTDATA_ACLR_A                     ; NONE                    ; Untyped                                   ;
; WRCONTROL_ACLR_A                   ; NONE                    ; Untyped                                   ;
; INDATA_ACLR_A                      ; NONE                    ; Untyped                                   ;
; BYTEENA_ACLR_A                     ; NONE                    ; Untyped                                   ;
; WIDTH_B                            ; 1                       ; Signed Integer                            ;
; WIDTHAD_B                          ; 1                       ; Signed Integer                            ;
; NUMWORDS_B                         ; 0                       ; Signed Integer                            ;
; INDATA_REG_B                       ; CLOCK1                  ; Untyped                                   ;
; WRCONTROL_WRADDRESS_REG_B          ; CLOCK1                  ; Untyped                                   ;
; RDCONTROL_REG_B                    ; CLOCK1                  ; Untyped                                   ;
; ADDRESS_REG_B                      ; CLOCK1                  ; Untyped                                   ;
; OUTDATA_REG_B                      ; UNREGISTERED            ; Untyped                                   ;
; BYTEENA_REG_B                      ; CLOCK1                  ; Untyped                                   ;
; INDATA_ACLR_B                      ; NONE                    ; Untyped                                   ;
; WRCONTROL_ACLR_B                   ; NONE                    ; Untyped                                   ;
; ADDRESS_ACLR_B                     ; NONE                    ; Untyped                                   ;
; OUTDATA_ACLR_B                     ; NONE                    ; Untyped                                   ;
; RDCONTROL_ACLR_B                   ; NONE                    ; Untyped                                   ;
; BYTEENA_ACLR_B                     ; NONE                    ; Untyped                                   ;
; WIDTH_BYTEENA_A                    ; 1                       ; Signed Integer                            ;
; WIDTH_BYTEENA_B                    ; 1                       ; Signed Integer                            ;
; RAM_BLOCK_TYPE                     ; AUTO                    ; Untyped                                   ;
; BYTE_SIZE                          ; 8                       ; Signed Integer                            ;
; READ_DURING_WRITE_MODE_MIXED_PORTS ; DONT_CARE               ; Untyped                                   ;
; READ_DURING_WRITE_MODE_PORT_A      ; NEW_DATA_NO_NBE_READ    ; Untyped                                   ;
; READ_DURING_WRITE_MODE_PORT_B      ; NEW_DATA_NO_NBE_READ    ; Untyped                                   ;
; INIT_FILE                          ; mejia_data_mem_Nov8.mif ; Untyped                                   ;
; INIT_FILE_LAYOUT                   ; PORT_A                  ; Untyped                                   ;
; MAXIMUM_DEPTH                      ; 0                       ; Signed Integer                            ;
; CLOCK_ENABLE_INPUT_A               ; BYPASS                  ; Untyped                                   ;
; CLOCK_ENABLE_INPUT_B               ; NORMAL                  ; Untyped                                   ;
; CLOCK_ENABLE_OUTPUT_A              ; BYPASS                  ; Untyped                                   ;
; CLOCK_ENABLE_OUTPUT_B              ; NORMAL                  ; Untyped                                   ;
; CLOCK_ENABLE_CORE_A                ; USE_INPUT_CLKEN         ; Untyped                                   ;
; CLOCK_ENABLE_CORE_B                ; USE_INPUT_CLKEN         ; Untyped                                   ;
; ENABLE_ECC                         ; FALSE                   ; Untyped                                   ;
; ECC_PIPELINE_STAGE_ENABLED         ; FALSE                   ; Untyped                                   ;
; WIDTH_ECCSTATUS                    ; 3                       ; Signed Integer                            ;
; DEVICE_FAMILY                      ; Cyclone V               ; Untyped                                   ;
; CBXI_PARAMETER                     ; altsyncram_jo24         ; Untyped                                   ;
+------------------------------------+-------------------------+-------------------------------------------+
Note: In order to hide this table in the UI and the text report file, please set the "Show Parameter Settings in Synthesis Report" option in "Analysis and Synthesis Settings -> More Settings" to "Off".


+----------------------------------------------------------------------------------------------------------+
; Parameter Settings for User Entity Instance: mejia_data_mem_Nov8:input_B|altsyncram:altsyncram_component ;
+------------------------------------+-------------------------+-------------------------------------------+
; Parameter Name                     ; Value                   ; Type                                      ;
+------------------------------------+-------------------------+-------------------------------------------+
; BYTE_SIZE_BLOCK                    ; 8                       ; Untyped                                   ;
; AUTO_CARRY_CHAINS                  ; ON                      ; AUTO_CARRY                                ;
; IGNORE_CARRY_BUFFERS               ; OFF                     ; IGNORE_CARRY                              ;
; AUTO_CASCADE_CHAINS                ; ON                      ; AUTO_CASCADE                              ;
; IGNORE_CASCADE_BUFFERS             ; OFF                     ; IGNORE_CASCADE                            ;
; WIDTH_BYTEENA                      ; 1                       ; Untyped                                   ;
; OPERATION_MODE                     ; SINGLE_PORT             ; Untyped                                   ;
; WIDTH_A                            ; 32                      ; Signed Integer                            ;
; WIDTHAD_A                          ; 4                       ; Signed Integer                            ;
; NUMWORDS_A                         ; 16                      ; Signed Integer                            ;
; OUTDATA_REG_A                      ; CLOCK0                  ; Untyped                                   ;
; ADDRESS_ACLR_A                     ; NONE                    ; Untyped                                   ;
; OUTDATA_ACLR_A                     ; NONE                    ; Untyped                                   ;
; WRCONTROL_ACLR_A                   ; NONE                    ; Untyped                                   ;
; INDATA_ACLR_A                      ; NONE                    ; Untyped                                   ;
; BYTEENA_ACLR_A                     ; NONE                    ; Untyped                                   ;
; WIDTH_B                            ; 1                       ; Signed Integer                            ;
; WIDTHAD_B                          ; 1                       ; Signed Integer                            ;
; NUMWORDS_B                         ; 0                       ; Signed Integer                            ;
; INDATA_REG_B                       ; CLOCK1                  ; Untyped                                   ;
; WRCONTROL_WRADDRESS_REG_B          ; CLOCK1                  ; Untyped                                   ;
; RDCONTROL_REG_B                    ; CLOCK1                  ; Untyped                                   ;
; ADDRESS_REG_B                      ; CLOCK1                  ; Untyped                                   ;
; OUTDATA_REG_B                      ; UNREGISTERED            ; Untyped                                   ;
; BYTEENA_REG_B                      ; CLOCK1                  ; Untyped                                   ;
; INDATA_ACLR_B                      ; NONE                    ; Untyped                                   ;
; WRCONTROL_ACLR_B                   ; NONE                    ; Untyped                                   ;
; ADDRESS_ACLR_B                     ; NONE                    ; Untyped                                   ;
; OUTDATA_ACLR_B                     ; NONE                    ; Untyped                                   ;
; RDCONTROL_ACLR_B                   ; NONE                    ; Untyped                                   ;
; BYTEENA_ACLR_B                     ; NONE                    ; Untyped                                   ;
; WIDTH_BYTEENA_A                    ; 1                       ; Signed Integer                            ;
; WIDTH_BYTEENA_B                    ; 1                       ; Signed Integer                            ;
; RAM_BLOCK_TYPE                     ; AUTO                    ; Untyped                                   ;
; BYTE_SIZE                          ; 8                       ; Signed Integer                            ;
; READ_DURING_WRITE_MODE_MIXED_PORTS ; DONT_CARE               ; Untyped                                   ;
; READ_DURING_WRITE_MODE_PORT_A      ; NEW_DATA_NO_NBE_READ    ; Untyped                                   ;
; READ_DURING_WRITE_MODE_PORT_B      ; NEW_DATA_NO_NBE_READ    ; Untyped                                   ;
; INIT_FILE                          ; mejia_data_mem_Nov8.mif ; Untyped                                   ;
; INIT_FILE_LAYOUT                   ; PORT_A                  ; Untyped                                   ;
; MAXIMUM_DEPTH                      ; 0                       ; Signed Integer                            ;
; CLOCK_ENABLE_INPUT_A               ; BYPASS                  ; Untyped                                   ;
; CLOCK_ENABLE_INPUT_B               ; NORMAL                  ; Untyped                                   ;
; CLOCK_ENABLE_OUTPUT_A              ; BYPASS                  ; Untyped                                   ;
; CLOCK_ENABLE_OUTPUT_B              ; NORMAL                  ; Untyped                                   ;
; CLOCK_ENABLE_CORE_A                ; USE_INPUT_CLKEN         ; Untyped                                   ;
; CLOCK_ENABLE_CORE_B                ; USE_INPUT_CLKEN         ; Untyped                                   ;
; ENABLE_ECC                         ; FALSE                   ; Untyped                                   ;
; ECC_PIPELINE_STAGE_ENABLED         ; FALSE                   ; Untyped                                   ;
; WIDTH_ECCSTATUS                    ; 3                       ; Signed Integer                            ;
; DEVICE_FAMILY                      ; Cyclone V               ; Untyped                                   ;
; CBXI_PARAMETER                     ; altsyncram_jo24         ; Untyped                                   ;
+------------------------------------+-------------------------+-------------------------------------------+
Note: In order to hide this table in the UI and the text report file, please set the "Show Parameter Settings in Synthesis Report" option in "Analysis and Synthesis Settings -> More Settings" to "Off".


+-----------------------------------------------------------------------------------------------------------------+
; Parameter Settings for User Entity Instance: mejia_megaddsub_Nov8:nbit_addsub|lpm_add_sub:LPM_ADD_SUB_component ;
+------------------------+-------------+--------------------------------------------------------------------------+
; Parameter Name         ; Value       ; Type                                                                     ;
+------------------------+-------------+--------------------------------------------------------------------------+
; LPM_WIDTH              ; 32          ; Signed Integer                                                           ;
; LPM_REPRESENTATION     ; SIGNED      ; Untyped                                                                  ;
; LPM_DIRECTION          ; DEFAULT     ; Untyped                                                                  ;
; ONE_INPUT_IS_CONSTANT  ; NO          ; Untyped                                                                  ;
; LPM_PIPELINE           ; 0           ; Untyped                                                                  ;
; MAXIMIZE_SPEED         ; 5           ; Untyped                                                                  ;
; REGISTERED_AT_END      ; 0           ; Untyped                                                                  ;
; OPTIMIZE_FOR_SPEED     ; 5           ; Untyped                                                                  ;
; USE_CS_BUFFERS         ; 1           ; Untyped                                                                  ;
; CARRY_CHAIN            ; MANUAL      ; Untyped                                                                  ;
; CARRY_CHAIN_LENGTH     ; 48          ; CARRY_CHAIN_LENGTH                                                       ;
; DEVICE_FAMILY          ; Cyclone V   ; Untyped                                                                  ;
; USE_WYS                ; OFF         ; Untyped                                                                  ;
; STYLE                  ; FAST        ; Untyped                                                                  ;
; CBXI_PARAMETER         ; add_sub_d6h ; Untyped                                                                  ;
; AUTO_CARRY_CHAINS      ; ON          ; AUTO_CARRY                                                               ;
; IGNORE_CARRY_BUFFERS   ; OFF         ; IGNORE_CARRY                                                             ;
; AUTO_CASCADE_CHAINS    ; ON          ; AUTO_CASCADE                                                             ;
; IGNORE_CASCADE_BUFFERS ; OFF         ; IGNORE_CASCADE                                                           ;
+------------------------+-------------+--------------------------------------------------------------------------+
Note: In order to hide this table in the UI and the text report file, please set the "Show Parameter Settings in Synthesis Report" option in "Analysis and Synthesis Settings -> More Settings" to "Off".


+---------------------------------------------------------------------------------------------------+
; Parameter Settings for User Entity Instance: mejia_mux_Nov8:multiplexer|LPM_MUX:LPM_MUX_component ;
+------------------------+-----------+--------------------------------------------------------------+
; Parameter Name         ; Value     ; Type                                                         ;
+------------------------+-----------+--------------------------------------------------------------+
; AUTO_CARRY_CHAINS      ; ON        ; AUTO_CARRY                                                   ;
; IGNORE_CARRY_BUFFERS   ; OFF       ; IGNORE_CARRY                                                 ;
; AUTO_CASCADE_CHAINS    ; ON        ; AUTO_CASCADE                                                 ;
; IGNORE_CASCADE_BUFFERS ; OFF       ; IGNORE_CASCADE                                               ;
; LPM_WIDTH              ; 32        ; Signed Integer                                               ;
; LPM_SIZE               ; 2         ; Signed Integer                                               ;
; LPM_WIDTHS             ; 1         ; Signed Integer                                               ;
; LPM_PIPELINE           ; 0         ; Signed Integer                                               ;
; CBXI_PARAMETER         ; mux_o1e   ; Untyped                                                      ;
; DEVICE_FAMILY          ; Cyclone V ; Untyped                                                      ;
+------------------------+-----------+--------------------------------------------------------------+
Note: In order to hide this table in the UI and the text report file, please set the "Show Parameter Settings in Synthesis Report" option in "Analysis and Synthesis Settings -> More Settings" to "Off".


+---------------------------------------------------------------------------------------------------------+
; altsyncram Parameter Settings by Entity Instance                                                        ;
+-------------------------------------------+-------------------------------------------------------------+
; Name                                      ; Value                                                       ;
+-------------------------------------------+-------------------------------------------------------------+
; Number of entity instances                ; 2                                                           ;
; Entity Instance                           ; mejia_data_mem_Nov8:input_A|altsyncram:altsyncram_component ;
;     -- OPERATION_MODE                     ; SINGLE_PORT                                                 ;
;     -- WIDTH_A                            ; 32                                                          ;
;     -- NUMWORDS_A                         ; 16                                                          ;
;     -- OUTDATA_REG_A                      ; CLOCK0                                                      ;
;     -- WIDTH_B                            ; 1                                                           ;
;     -- NUMWORDS_B                         ; 0                                                           ;
;     -- ADDRESS_REG_B                      ; CLOCK1                                                      ;
;     -- OUTDATA_REG_B                      ; UNREGISTERED                                                ;
;     -- RAM_BLOCK_TYPE                     ; AUTO                                                        ;
;     -- READ_DURING_WRITE_MODE_MIXED_PORTS ; DONT_CARE                                                   ;
; Entity Instance                           ; mejia_data_mem_Nov8:input_B|altsyncram:altsyncram_component ;
;     -- OPERATION_MODE                     ; SINGLE_PORT                                                 ;
;     -- WIDTH_A                            ; 32                                                          ;
;     -- NUMWORDS_A                         ; 16                                                          ;
;     -- OUTDATA_REG_A                      ; CLOCK0                                                      ;
;     -- WIDTH_B                            ; 1                                                           ;
;     -- NUMWORDS_B                         ; 0                                                           ;
;     -- ADDRESS_REG_B                      ; CLOCK1                                                      ;
;     -- OUTDATA_REG_B                      ; UNREGISTERED                                                ;
;     -- RAM_BLOCK_TYPE                     ; AUTO                                                        ;
;     -- READ_DURING_WRITE_MODE_MIXED_PORTS ; DONT_CARE                                                   ;
+-------------------------------------------+-------------------------------------------------------------+


+---------------------------------------------------------+
; Port Connectivity Checks: "mejia_data_mem_Nov8:input_B" ;
+------+-------+----------+-------------------------------+
; Port ; Type  ; Severity ; Details                       ;
+------+-------+----------+-------------------------------+
; data ; Input ; Info     ; Stuck at GND                  ;
; wren ; Input ; Info     ; Stuck at GND                  ;
+------+-------+----------+-------------------------------+


+---------------------------------------------------------+
; Port Connectivity Checks: "mejia_data_mem_Nov8:input_A" ;
+------+-------+----------+-------------------------------+
; Port ; Type  ; Severity ; Details                       ;
+------+-------+----------+-------------------------------+
; data ; Input ; Info     ; Stuck at GND                  ;
; wren ; Input ; Info     ; Stuck at GND                  ;
+------+-------+----------+-------------------------------+


+-----------------------------------------------------+
; Post-Synthesis Netlist Statistics for Top Partition ;
+-----------------------+-----------------------------+
; Type                  ; Count                       ;
+-----------------------+-----------------------------+
; arriav_ff             ; 45                          ;
;     CLR               ; 43                          ;
;     ENA               ; 2                           ;
; arriav_lcell_comb     ; 75                          ;
;     arith             ; 33                          ;
;         1 data inputs ; 1                           ;
;         3 data inputs ; 32                          ;
;     normal            ; 42                          ;
;         0 data inputs ; 1                           ;
;         1 data inputs ; 1                           ;
;         2 data inputs ; 1                           ;
;         3 data inputs ; 32                          ;
;         4 data inputs ; 1                           ;
;         6 data inputs ; 6                           ;
; boundary_port         ; 47                          ;
; stratixv_ram_block    ; 64                          ;
;                       ;                             ;
; Max LUT depth         ; 7.60                        ;
; Average LUT depth     ; 5.35                        ;
+-----------------------+-----------------------------+


+-------------------------------+
; Elapsed Time Per Partition    ;
+----------------+--------------+
; Partition Name ; Elapsed Time ;
+----------------+--------------+
; Top            ; 00:00:01     ;
+----------------+--------------+


+-------------------------------+
; Analysis & Synthesis Messages ;
+-------------------------------+
Info: *******************************************************************
Info: Running Quartus Prime Analysis & Synthesis
    Info: Version 16.1.0 Build 196 10/24/2016 SJ Lite Edition
    Info: Processing started: Tue Nov 10 00:31:00 2020
Info: Command: quartus_map --read_settings_files=on --write_settings_files=off mejia_addsub_mem_Nov8 -c mejia_addsub_mem_Nov8
Warning (18236): Number of processors has not been specified which may cause overloading on shared machines.  Set the global assignment NUM_PARALLEL_PROCESSORS in your QSF to an appropriate value for best performance.
Info (20030): Parallel compilation is enabled and will use 4 of the 4 processors detected
Info (12021): Found 2 design units, including 1 entities, in source file mejia_mux2to1_nov8.vhd
    Info (12022): Found design unit 1: mejia_mux2to1_Nov8-Behavior File: D:/Documents/Quartus Projects/Midterm Lab/Assignment2/LPM_AddSub2/mejia_mux2to1_Nov8.vhd Line: 11
    Info (12023): Found entity 1: mejia_mux2to1_Nov8 File: D:/Documents/Quartus Projects/Midterm Lab/Assignment2/LPM_AddSub2/mejia_mux2to1_Nov8.vhd Line: 4
Info (12021): Found 2 design units, including 1 entities, in source file mejia_addsub_mem_nov8.vhd
    Info (12022): Found design unit 1: mejia_addsub_mem_Nov8-Behavior File: D:/Documents/Quartus Projects/Midterm Lab/Assignment2/LPM_AddSub2/mejia_addsub_mem_Nov8.vhd Line: 12
    Info (12023): Found entity 1: mejia_addsub_mem_Nov8 File: D:/Documents/Quartus Projects/Midterm Lab/Assignment2/LPM_AddSub2/mejia_addsub_mem_Nov8.vhd Line: 4
Info (12021): Found 2 design units, including 1 entities, in source file mejia_data_mem_nov8.vhd
    Info (12022): Found design unit 1: mejia_data_mem_nov8-SYN File: D:/Documents/Quartus Projects/Midterm Lab/Assignment2/LPM_AddSub2/mejia_data_mem_Nov8.vhd Line: 55
    Info (12023): Found entity 1: mejia_data_mem_Nov8 File: D:/Documents/Quartus Projects/Midterm Lab/Assignment2/LPM_AddSub2/mejia_data_mem_Nov8.vhd Line: 43
Info (12021): Found 2 design units, including 1 entities, in source file mejia_megaddsub_nov8.vhd
    Info (12022): Found design unit 1: mejia_megaddsub_nov8-SYN File: D:/Documents/Quartus Projects/Midterm Lab/Assignment2/LPM_AddSub2/mejia_megaddsub_Nov8.vhd Line: 55
    Info (12023): Found entity 1: mejia_megaddsub_Nov8 File: D:/Documents/Quartus Projects/Midterm Lab/Assignment2/LPM_AddSub2/mejia_megaddsub_Nov8.vhd Line: 43
Info (12021): Found 2 design units, including 1 entities, in source file mejia_mux_nov8.vhd
    Info (12022): Found design unit 1: mejia_mux_nov8-SYN File: D:/Documents/Quartus Projects/Midterm Lab/Assignment2/LPM_AddSub2/mejia_mux_Nov8.vhd Line: 54
    Info (12023): Found entity 1: mejia_mux_Nov8 File: D:/Documents/Quartus Projects/Midterm Lab/Assignment2/LPM_AddSub2/mejia_mux_Nov8.vhd Line: 43
Info (12127): Elaborating entity "mejia_addsub_mem_Nov8" for the top level hierarchy
Warning (10540): VHDL Signal Declaration warning at mejia_addsub_mem_Nov8.vhd(16): used explicit default value for signal "wren_in" because signal was never assigned a value File: D:/Documents/Quartus Projects/Midterm Lab/Assignment2/LPM_AddSub2/mejia_addsub_mem_Nov8.vhd Line: 16
Warning (10540): VHDL Signal Declaration warning at mejia_addsub_mem_Nov8.vhd(17): used explicit default value for signal "data_in" because signal was never assigned a value File: D:/Documents/Quartus Projects/Midterm Lab/Assignment2/LPM_AddSub2/mejia_addsub_mem_Nov8.vhd Line: 17
Info (12128): Elaborating entity "mejia_data_mem_Nov8" for hierarchy "mejia_data_mem_Nov8:input_A" File: D:/Documents/Quartus Projects/Midterm Lab/Assignment2/LPM_AddSub2/mejia_addsub_mem_Nov8.vhd Line: 65
Info (12128): Elaborating entity "altsyncram" for hierarchy "mejia_data_mem_Nov8:input_A|altsyncram:altsyncram_component" File: D:/Documents/Quartus Projects/Midterm Lab/Assignment2/LPM_AddSub2/mejia_data_mem_Nov8.vhd Line: 62
Info (12130): Elaborated megafunction instantiation "mejia_data_mem_Nov8:input_A|altsyncram:altsyncram_component" File: D:/Documents/Quartus Projects/Midterm Lab/Assignment2/LPM_AddSub2/mejia_data_mem_Nov8.vhd Line: 62
Info (12133): Instantiated megafunction "mejia_data_mem_Nov8:input_A|altsyncram:altsyncram_component" with the following parameter: File: D:/Documents/Quartus Projects/Midterm Lab/Assignment2/LPM_AddSub2/mejia_data_mem_Nov8.vhd Line: 62
    Info (12134): Parameter "address_aclr_a" = "UNUSED"
    Info (12134): Parameter "address_aclr_b" = "NONE"
    Info (12134): Parameter "address_reg_b" = "CLOCK1"
    Info (12134): Parameter "byte_size" = "8"
    Info (12134): Parameter "byteena_aclr_a" = "UNUSED"
    Info (12134): Parameter "byteena_aclr_b" = "NONE"
    Info (12134): Parameter "byteena_reg_b" = "CLOCK1"
    Info (12134): Parameter "clock_enable_core_a" = "USE_INPUT_CLKEN"
    Info (12134): Parameter "clock_enable_core_b" = "USE_INPUT_CLKEN"
    Info (12134): Parameter "clock_enable_input_a" = "BYPASS"
    Info (12134): Parameter "clock_enable_input_b" = "NORMAL"
    Info (12134): Parameter "clock_enable_output_a" = "BYPASS"
    Info (12134): Parameter "clock_enable_output_b" = "NORMAL"
    Info (12134): Parameter "intended_device_family" = "Cyclone V"
    Info (12134): Parameter "ecc_pipeline_stage_enabled" = "FALSE"
    Info (12134): Parameter "enable_ecc" = "FALSE"
    Info (12134): Parameter "implement_in_les" = "OFF"
    Info (12134): Parameter "indata_aclr_a" = "UNUSED"
    Info (12134): Parameter "indata_aclr_b" = "NONE"
    Info (12134): Parameter "indata_reg_b" = "CLOCK1"
    Info (12134): Parameter "init_file" = "mejia_data_mem_Nov8.mif"
    Info (12134): Parameter "init_file_layout" = "PORT_A"
    Info (12134): Parameter "maximum_depth" = "0"
    Info (12134): Parameter "numwords_a" = "16"
    Info (12134): Parameter "numwords_b" = "0"
    Info (12134): Parameter "operation_mode" = "SINGLE_PORT"
    Info (12134): Parameter "outdata_aclr_a" = "NONE"
    Info (12134): Parameter "outdata_aclr_b" = "NONE"
    Info (12134): Parameter "outdata_reg_a" = "CLOCK0"
    Info (12134): Parameter "outdata_reg_b" = "UNREGISTERED"
    Info (12134): Parameter "power_up_uninitialized" = "FALSE"
    Info (12134): Parameter "ram_block_type" = "AUTO"
    Info (12134): Parameter "rdcontrol_aclr_b" = "NONE"
    Info (12134): Parameter "rdcontrol_reg_b" = "CLOCK1"
    Info (12134): Parameter "read_during_write_mode_mixed_ports" = "DONT_CARE"
    Info (12134): Parameter "read_during_write_mode_port_a" = "NEW_DATA_NO_NBE_READ"
    Info (12134): Parameter "read_during_write_mode_port_b" = "NEW_DATA_NO_NBE_READ"
    Info (12134): Parameter "stratixiv_m144k_allow_dual_clocks" = "ON"
    Info (12134): Parameter "width_a" = "32"
    Info (12134): Parameter "width_b" = "1"
    Info (12134): Parameter "width_byteena_a" = "1"
    Info (12134): Parameter "width_byteena_b" = "1"
    Info (12134): Parameter "width_eccstatus" = "3"
    Info (12134): Parameter "widthad_a" = "4"
    Info (12134): Parameter "widthad_b" = "1"
    Info (12134): Parameter "wrcontrol_aclr_a" = "UNUSED"
    Info (12134): Parameter "wrcontrol_aclr_b" = "NONE"
    Info (12134): Parameter "wrcontrol_wraddress_reg_b" = "CLOCK1"
    Info (12134): Parameter "lpm_hint" = "ENABLE_RUNTIME_MOD=NO"
    Info (12134): Parameter "lpm_type" = "altsyncram"
Info (12021): Found 1 design units, including 1 entities, in source file db/altsyncram_jo24.tdf
    Info (12023): Found entity 1: altsyncram_jo24 File: D:/Documents/Quartus Projects/Midterm Lab/Assignment2/LPM_AddSub2/db/altsyncram_jo24.tdf Line: 28
Info (12128): Elaborating entity "altsyncram_jo24" for hierarchy "mejia_data_mem_Nov8:input_A|altsyncram:altsyncram_component|altsyncram_jo24:auto_generated" File: d:/programs/intelfpga_lite/16.1/quartus/libraries/megafunctions/altsyncram.tdf Line: 792
Info (12128): Elaborating entity "mejia_megaddsub_Nov8" for hierarchy "mejia_megaddsub_Nov8:nbit_addsub" File: D:/Documents/Quartus Projects/Midterm Lab/Assignment2/LPM_AddSub2/mejia_addsub_mem_Nov8.vhd Line: 71
Info (12128): Elaborating entity "lpm_add_sub" for hierarchy "mejia_megaddsub_Nov8:nbit_addsub|lpm_add_sub:LPM_ADD_SUB_component" File: D:/Documents/Quartus Projects/Midterm Lab/Assignment2/LPM_AddSub2/mejia_megaddsub_Nov8.vhd Line: 83
Info (12130): Elaborated megafunction instantiation "mejia_megaddsub_Nov8:nbit_addsub|lpm_add_sub:LPM_ADD_SUB_component" File: D:/Documents/Quartus Projects/Midterm Lab/Assignment2/LPM_AddSub2/mejia_megaddsub_Nov8.vhd Line: 83
Info (12133): Instantiated megafunction "mejia_megaddsub_Nov8:nbit_addsub|lpm_add_sub:LPM_ADD_SUB_component" with the following parameter: File: D:/Documents/Quartus Projects/Midterm Lab/Assignment2/LPM_AddSub2/mejia_megaddsub_Nov8.vhd Line: 83
    Info (12134): Parameter "lpm_direction" = "UNUSED"
    Info (12134): Parameter "lpm_hint" = "ONE_INPUT_IS_CONSTANT=NO,CIN_USED=NO"
    Info (12134): Parameter "lpm_representation" = "SIGNED"
    Info (12134): Parameter "lpm_type" = "LPM_ADD_SUB"
    Info (12134): Parameter "lpm_width" = "32"
Info (12021): Found 1 design units, including 1 entities, in source file db/add_sub_d6h.tdf
    Info (12023): Found entity 1: add_sub_d6h File: D:/Documents/Quartus Projects/Midterm Lab/Assignment2/LPM_AddSub2/db/add_sub_d6h.tdf Line: 26
Info (12128): Elaborating entity "add_sub_d6h" for hierarchy "mejia_megaddsub_Nov8:nbit_addsub|lpm_add_sub:LPM_ADD_SUB_component|add_sub_d6h:auto_generated" File: d:/programs/intelfpga_lite/16.1/quartus/libraries/megafunctions/lpm_add_sub.tdf Line: 119
Info (12128): Elaborating entity "mejia_mux_Nov8" for hierarchy "mejia_mux_Nov8:multiplexer" File: D:/Documents/Quartus Projects/Midterm Lab/Assignment2/LPM_AddSub2/mejia_addsub_mem_Nov8.vhd Line: 74
Info (12128): Elaborating entity "LPM_MUX" for hierarchy "mejia_mux_Nov8:multiplexer|LPM_MUX:LPM_MUX_component" File: D:/Documents/Quartus Projects/Midterm Lab/Assignment2/LPM_AddSub2/mejia_mux_Nov8.vhd Line: 136
Info (12130): Elaborated megafunction instantiation "mejia_mux_Nov8:multiplexer|LPM_MUX:LPM_MUX_component" File: D:/Documents/Quartus Projects/Midterm Lab/Assignment2/LPM_AddSub2/mejia_mux_Nov8.vhd Line: 136
Info (12133): Instantiated megafunction "mejia_mux_Nov8:multiplexer|LPM_MUX:LPM_MUX_component" with the following parameter: File: D:/Documents/Quartus Projects/Midterm Lab/Assignment2/LPM_AddSub2/mejia_mux_Nov8.vhd Line: 136
    Info (12134): Parameter "LPM_WIDTH" = "32"
    Info (12134): Parameter "LPM_SIZE" = "2"
    Info (12134): Parameter "LPM_WIDTHS" = "1"
    Info (12134): Parameter "LPM_PIPELINE" = "0"
    Info (12134): Parameter "LPM_TYPE" = "LPM_MUX"
    Info (12134): Parameter "LPM_HINT" = "UNUSED"
Info (12021): Found 1 design units, including 1 entities, in source file db/mux_o1e.tdf
    Info (12023): Found entity 1: mux_o1e File: D:/Documents/Quartus Projects/Midterm Lab/Assignment2/LPM_AddSub2/db/mux_o1e.tdf Line: 23
Info (12128): Elaborating entity "mux_o1e" for hierarchy "mejia_mux_Nov8:multiplexer|LPM_MUX:LPM_MUX_component|mux_o1e:auto_generated" File: d:/programs/intelfpga_lite/16.1/quartus/libraries/megafunctions/lpm_mux.tdf Line: 87
Info (286030): Timing-Driven Synthesis is running
Info (16010): Generating hard_block partition "hard_block:auto_generated_inst"
    Info (16011): Adding 0 node(s), including 0 DDIO, 0 PLL, 0 transceiver and 0 LCELL
Info (21057): Implemented 228 device resources after synthesis - the final resource count might be different
    Info (21058): Implemented 12 input pins
    Info (21059): Implemented 35 output pins
    Info (21061): Implemented 117 logic cells
    Info (21064): Implemented 64 RAM segments
Info: Quartus Prime Analysis & Synthesis was successful. 0 errors, 3 warnings
    Info: Peak virtual memory: 4880 megabytes
    Info: Processing ended: Tue Nov 10 00:31:12 2020
    Info: Elapsed time: 00:00:12
    Info: Total CPU time (on all processors): 00:00:22


