Analysis & Synthesis report for mejia_sw_Nov28
Wed Dec 02 02:01:05 2020
Quartus Prime Version 16.1.0 Build 196 10/24/2016 SJ Lite Edition


---------------------
; Table of Contents ;
---------------------
  1. Legal Notice
  2. Analysis & Synthesis Summary
  3. Analysis & Synthesis Settings
  4. Parallel Compilation
  5. Analysis & Synthesis Source Files Read
  6. Analysis & Synthesis Resource Usage Summary
  7. Analysis & Synthesis Resource Utilization by Entity
  8. Analysis & Synthesis RAM Summary
  9. Analysis & Synthesis IP Cores Summary
 10. General Register Statistics
 11. Multiplexer Restructuring Statistics (Restructuring Performed)
 12. Source assignments for mejia_inst_mem_Nov28:Instr|altsyncram:altsyncram_component|altsyncram_8r24:auto_generated
 13. Source assignments for mejia_reg_file_Nov28:Reg_file|altsyncram:altsyncram_component|altsyncram_7u24:auto_generated
 14. Source assignments for mejia_data_mem_Nov28:data_mem|altsyncram:altsyncram_component|altsyncram_q034:auto_generated
 15. Parameter Settings for User Entity Instance: mejia_inst_mem_Nov28:Instr|altsyncram:altsyncram_component
 16. Parameter Settings for User Entity Instance: mejia_reg_file_Nov28:Reg_file|altsyncram:altsyncram_component
 17. Parameter Settings for User Entity Instance: mejia_megaddsub_Nov28:nbit_addsub|lpm_add_sub:LPM_ADD_SUB_component
 18. Parameter Settings for User Entity Instance: mejia_data_mem_Nov28:data_mem|altsyncram:altsyncram_component
 19. altsyncram Parameter Settings by Entity Instance
 20. Port Connectivity Checks: "mejia_mux_Nov28:mux_2"
 21. Port Connectivity Checks: "mejia_register16_Nov28:IM_16"
 22. Port Connectivity Checks: "mejia_reg_file_Nov28:Reg_file"
 23. Port Connectivity Checks: "mejia_inst_mem_Nov28:Instr"
 24. Post-Synthesis Netlist Statistics for Top Partition
 25. Elapsed Time Per Partition
 26. Analysis & Synthesis Messages



----------------
; Legal Notice ;
----------------
Copyright (C) 2016  Intel Corporation. All rights reserved.
Your use of Intel Corporation's design tools, logic functions 
and other software and tools, and its AMPP partner logic 
functions, and any output files from any of the foregoing 
(including device programming or simulation files), and any 
associated documentation or information are expressly subject 
to the terms and conditions of the Intel Program License 
Subscription Agreement, the Intel Quartus Prime License Agreement,
the Intel MegaCore Function License Agreement, or other 
applicable license agreement, including, without limitation, 
that your use is for the sole purpose of programming logic 
devices manufactured by Intel and sold by Intel or its 
authorized distributors.  Please refer to the applicable 
agreement for further details.



+-------------------------------------------------------------------------------+
; Analysis & Synthesis Summary                                                  ;
+---------------------------------+---------------------------------------------+
; Analysis & Synthesis Status     ; Successful - Wed Dec 02 02:01:05 2020       ;
; Quartus Prime Version           ; 16.1.0 Build 196 10/24/2016 SJ Lite Edition ;
; Revision Name                   ; mejia_sw_Nov28                              ;
; Top-level Entity Name           ; mejia_sw_Nov28                              ;
; Family                          ; Cyclone V                                   ;
; Logic utilization (in ALMs)     ; N/A                                         ;
; Total registers                 ; 124                                         ;
; Total pins                      ; 264                                         ;
; Total virtual pins              ; 0                                           ;
; Total block memory bits         ; 2,099,200                                   ;
; Total DSP Blocks                ; 0                                           ;
; Total HSSI RX PCSs              ; 0                                           ;
; Total HSSI PMA RX Deserializers ; 0                                           ;
; Total HSSI TX PCSs              ; 0                                           ;
; Total HSSI PMA TX Serializers   ; 0                                           ;
; Total PLLs                      ; 0                                           ;
; Total DLLs                      ; 0                                           ;
+---------------------------------+---------------------------------------------+


+---------------------------------------------------------------------------------------------------------------------------+
; Analysis & Synthesis Settings                                                                                             ;
+---------------------------------------------------------------------------------+--------------------+--------------------+
; Option                                                                          ; Setting            ; Default Value      ;
+---------------------------------------------------------------------------------+--------------------+--------------------+
; Device                                                                          ; 5CSEMA5F31C6       ;                    ;
; Top-level entity name                                                           ; mejia_sw_Nov28     ; mejia_sw_Nov28     ;
; Family name                                                                     ; Cyclone V          ; Cyclone V          ;
; Use smart compilation                                                           ; Off                ; Off                ;
; Enable parallel Assembler and TimeQuest Timing Analyzer during compilation      ; On                 ; On                 ;
; Enable compact report table                                                     ; Off                ; Off                ;
; Restructure Multiplexers                                                        ; Auto               ; Auto               ;
; MLAB Add Timing Constraints For Mixed-Port Feed-Through Mode Setting Don't Care ; Off                ; Off                ;
; Create Debugging Nodes for IP Cores                                             ; Off                ; Off                ;
; Preserve fewer node names                                                       ; On                 ; On                 ;
; OpenCore Plus hardware evaluation                                               ; Enable             ; Enable             ;
; Verilog Version                                                                 ; Verilog_2001       ; Verilog_2001       ;
; VHDL Version                                                                    ; VHDL_1993          ; VHDL_1993          ;
; State Machine Processing                                                        ; Auto               ; Auto               ;
; Safe State Machine                                                              ; Off                ; Off                ;
; Extract Verilog State Machines                                                  ; On                 ; On                 ;
; Extract VHDL State Machines                                                     ; On                 ; On                 ;
; Ignore Verilog initial constructs                                               ; Off                ; Off                ;
; Iteration limit for constant Verilog loops                                      ; 5000               ; 5000               ;
; Iteration limit for non-constant Verilog loops                                  ; 250                ; 250                ;
; Add Pass-Through Logic to Inferred RAMs                                         ; On                 ; On                 ;
; Infer RAMs from Raw Logic                                                       ; On                 ; On                 ;
; Parallel Synthesis                                                              ; On                 ; On                 ;
; DSP Block Balancing                                                             ; Auto               ; Auto               ;
; NOT Gate Push-Back                                                              ; On                 ; On                 ;
; Power-Up Don't Care                                                             ; On                 ; On                 ;
; Remove Redundant Logic Cells                                                    ; Off                ; Off                ;
; Remove Duplicate Registers                                                      ; On                 ; On                 ;
; Ignore CARRY Buffers                                                            ; Off                ; Off                ;
; Ignore CASCADE Buffers                                                          ; Off                ; Off                ;
; Ignore GLOBAL Buffers                                                           ; Off                ; Off                ;
; Ignore ROW GLOBAL Buffers                                                       ; Off                ; Off                ;
; Ignore LCELL Buffers                                                            ; Off                ; Off                ;
; Ignore SOFT Buffers                                                             ; On                 ; On                 ;
; Limit AHDL Integers to 32 Bits                                                  ; Off                ; Off                ;
; Optimization Technique                                                          ; Balanced           ; Balanced           ;
; Carry Chain Length                                                              ; 70                 ; 70                 ;
; Auto Carry Chains                                                               ; On                 ; On                 ;
; Auto Open-Drain Pins                                                            ; On                 ; On                 ;
; Perform WYSIWYG Primitive Resynthesis                                           ; Off                ; Off                ;
; Auto ROM Replacement                                                            ; On                 ; On                 ;
; Auto RAM Replacement                                                            ; On                 ; On                 ;
; Auto DSP Block Replacement                                                      ; On                 ; On                 ;
; Auto Shift Register Replacement                                                 ; Auto               ; Auto               ;
; Allow Shift Register Merging across Hierarchies                                 ; Auto               ; Auto               ;
; Auto Clock Enable Replacement                                                   ; On                 ; On                 ;
; Strict RAM Replacement                                                          ; Off                ; Off                ;
; Allow Synchronous Control Signals                                               ; On                 ; On                 ;
; Force Use of Synchronous Clear Signals                                          ; Off                ; Off                ;
; Auto Resource Sharing                                                           ; Off                ; Off                ;
; Allow Any RAM Size For Recognition                                              ; Off                ; Off                ;
; Allow Any ROM Size For Recognition                                              ; Off                ; Off                ;
; Allow Any Shift Register Size For Recognition                                   ; Off                ; Off                ;
; Use LogicLock Constraints during Resource Balancing                             ; On                 ; On                 ;
; Ignore translate_off and synthesis_off directives                               ; Off                ; Off                ;
; Timing-Driven Synthesis                                                         ; On                 ; On                 ;
; Report Parameter Settings                                                       ; On                 ; On                 ;
; Report Source Assignments                                                       ; On                 ; On                 ;
; Report Connectivity Checks                                                      ; On                 ; On                 ;
; Ignore Maximum Fan-Out Assignments                                              ; Off                ; Off                ;
; Synchronization Register Chain Length                                           ; 3                  ; 3                  ;
; PowerPlay Power Optimization During Synthesis                                   ; Normal compilation ; Normal compilation ;
; HDL message level                                                               ; Level2             ; Level2             ;
; Suppress Register Optimization Related Messages                                 ; Off                ; Off                ;
; Number of Removed Registers Reported in Synthesis Report                        ; 5000               ; 5000               ;
; Number of Swept Nodes Reported in Synthesis Report                              ; 5000               ; 5000               ;
; Number of Inverted Registers Reported in Synthesis Report                       ; 100                ; 100                ;
; Clock MUX Protection                                                            ; On                 ; On                 ;
; Auto Gated Clock Conversion                                                     ; Off                ; Off                ;
; Block Design Naming                                                             ; Auto               ; Auto               ;
; SDC constraint protection                                                       ; Off                ; Off                ;
; Synthesis Effort                                                                ; Auto               ; Auto               ;
; Shift Register Replacement - Allow Asynchronous Clear Signal                    ; On                 ; On                 ;
; Pre-Mapping Resynthesis Optimization                                            ; Off                ; Off                ;
; Analysis & Synthesis Message Level                                              ; Medium             ; Medium             ;
; Disable Register Merging Across Hierarchies                                     ; Auto               ; Auto               ;
; Resource Aware Inference For Block RAM                                          ; On                 ; On                 ;
; Automatic Parallel Synthesis                                                    ; On                 ; On                 ;
; Partial Reconfiguration Bitstream ID                                            ; Off                ; Off                ;
+---------------------------------------------------------------------------------+--------------------+--------------------+


+------------------------------------------+
; Parallel Compilation                     ;
+----------------------------+-------------+
; Processors                 ; Number      ;
+----------------------------+-------------+
; Number detected on machine ; 8           ;
; Maximum allowed            ; 4           ;
;                            ;             ;
; Average used               ; 1.00        ;
; Maximum used               ; 4           ;
;                            ;             ;
; Usage by Processor         ; % Time Used ;
;     Processor 1            ; 100.0%      ;
;     Processor 2            ;   0.0%      ;
;     Processor 3            ;   0.0%      ;
;     Processor 4            ;   0.0%      ;
+----------------------------+-------------+


+-------------------------------------------------------------------------------------------------------------------------------------------------------------------------------------------+
; Analysis & Synthesis Source Files Read                                                                                                                                                    ;
+----------------------------------+-----------------+----------------------------------+-----------------------------------------------------------------------------------------+---------+
; File Name with User-Entered Path ; Used in Netlist ; File Type                        ; File Name with Absolute Path                                                            ; Library ;
+----------------------------------+-----------------+----------------------------------+-----------------------------------------------------------------------------------------+---------+
; mejia_reg_file_Nov28.mif         ; yes             ; User Memory Initialization File  ; D:/Documents/Quartus Projects/Assignment 7/mejia_reg_file_Nov28.mif                     ;         ;
; mejia_reg_file_Nov28.vhd         ; yes             ; User Wizard-Generated File       ; D:/Documents/Quartus Projects/Assignment 7/mejia_reg_file_Nov28.vhd                     ;         ;
; mejia_mux_Nov28.vhd              ; yes             ; User VHDL File                   ; D:/Documents/Quartus Projects/Assignment 7/mejia_mux_Nov28.vhd                          ;         ;
; mejia_extend_Nov28.vhd           ; yes             ; User VHDL File                   ; D:/Documents/Quartus Projects/Assignment 7/mejia_extend_Nov28.vhd                       ;         ;
; mejia_megaddsub_Nov28.vhd        ; yes             ; User Wizard-Generated File       ; D:/Documents/Quartus Projects/Assignment 7/mejia_megaddsub_Nov28.vhd                    ;         ;
; mejia_data_mem_Nov28.mif         ; yes             ; User Memory Initialization File  ; D:/Documents/Quartus Projects/Assignment 7/mejia_data_mem_Nov28.mif                     ;         ;
; mejia_data_mem_Nov28.vhd         ; yes             ; User Wizard-Generated File       ; D:/Documents/Quartus Projects/Assignment 7/mejia_data_mem_Nov28.vhd                     ;         ;
; mejia_sw_Nov28.vhd               ; yes             ; User VHDL File                   ; D:/Documents/Quartus Projects/Assignment 7/mejia_sw_Nov28.vhd                           ;         ;
; mejia_register16_Nov28.vhd       ; yes             ; User VHDL File                   ; D:/Documents/Quartus Projects/Assignment 7/mejia_register16_Nov28.vhd                   ;         ;
; mejia_inst_mem_Nov28.mif         ; yes             ; User Memory Initialization File  ; D:/Documents/Quartus Projects/Assignment 7/mejia_inst_mem_Nov28.mif                     ;         ;
; mejia_inst_mem_Nov28.vhd         ; yes             ; User Wizard-Generated File       ; D:/Documents/Quartus Projects/Assignment 7/mejia_inst_mem_Nov28.vhd                     ;         ;
; altsyncram.tdf                   ; yes             ; Megafunction                     ; d:/programs/intelfpga_lite/16.1/quartus/libraries/megafunctions/altsyncram.tdf          ;         ;
; stratix_ram_block.inc            ; yes             ; Megafunction                     ; d:/programs/intelfpga_lite/16.1/quartus/libraries/megafunctions/stratix_ram_block.inc   ;         ;
; lpm_mux.inc                      ; yes             ; Megafunction                     ; d:/programs/intelfpga_lite/16.1/quartus/libraries/megafunctions/lpm_mux.inc             ;         ;
; lpm_decode.inc                   ; yes             ; Megafunction                     ; d:/programs/intelfpga_lite/16.1/quartus/libraries/megafunctions/lpm_decode.inc          ;         ;
; aglobal161.inc                   ; yes             ; Megafunction                     ; d:/programs/intelfpga_lite/16.1/quartus/libraries/megafunctions/aglobal161.inc          ;         ;
; a_rdenreg.inc                    ; yes             ; Megafunction                     ; d:/programs/intelfpga_lite/16.1/quartus/libraries/megafunctions/a_rdenreg.inc           ;         ;
; altrom.inc                       ; yes             ; Megafunction                     ; d:/programs/intelfpga_lite/16.1/quartus/libraries/megafunctions/altrom.inc              ;         ;
; altram.inc                       ; yes             ; Megafunction                     ; d:/programs/intelfpga_lite/16.1/quartus/libraries/megafunctions/altram.inc              ;         ;
; altdpram.inc                     ; yes             ; Megafunction                     ; d:/programs/intelfpga_lite/16.1/quartus/libraries/megafunctions/altdpram.inc            ;         ;
; db/altsyncram_8r24.tdf           ; yes             ; Auto-Generated Megafunction      ; D:/Documents/Quartus Projects/Assignment 7/db/altsyncram_8r24.tdf                       ;         ;
; db/altsyncram_7u24.tdf           ; yes             ; Auto-Generated Megafunction      ; D:/Documents/Quartus Projects/Assignment 7/db/altsyncram_7u24.tdf                       ;         ;
; lpm_add_sub.tdf                  ; yes             ; Megafunction                     ; d:/programs/intelfpga_lite/16.1/quartus/libraries/megafunctions/lpm_add_sub.tdf         ;         ;
; addcore.inc                      ; yes             ; Megafunction                     ; d:/programs/intelfpga_lite/16.1/quartus/libraries/megafunctions/addcore.inc             ;         ;
; look_add.inc                     ; yes             ; Megafunction                     ; d:/programs/intelfpga_lite/16.1/quartus/libraries/megafunctions/look_add.inc            ;         ;
; bypassff.inc                     ; yes             ; Megafunction                     ; d:/programs/intelfpga_lite/16.1/quartus/libraries/megafunctions/bypassff.inc            ;         ;
; altshift.inc                     ; yes             ; Megafunction                     ; d:/programs/intelfpga_lite/16.1/quartus/libraries/megafunctions/altshift.inc            ;         ;
; alt_stratix_add_sub.inc          ; yes             ; Megafunction                     ; d:/programs/intelfpga_lite/16.1/quartus/libraries/megafunctions/alt_stratix_add_sub.inc ;         ;
; db/add_sub_d6h.tdf               ; yes             ; Auto-Generated Megafunction      ; D:/Documents/Quartus Projects/Assignment 7/db/add_sub_d6h.tdf                           ;         ;
; db/altsyncram_q034.tdf           ; yes             ; Auto-Generated Megafunction      ; D:/Documents/Quartus Projects/Assignment 7/db/altsyncram_q034.tdf                       ;         ;
; db/decode_dla.tdf                ; yes             ; Auto-Generated Megafunction      ; D:/Documents/Quartus Projects/Assignment 7/db/decode_dla.tdf                            ;         ;
; db/decode_61a.tdf                ; yes             ; Auto-Generated Megafunction      ; D:/Documents/Quartus Projects/Assignment 7/db/decode_61a.tdf                            ;         ;
; db/mux_ahb.tdf                   ; yes             ; Auto-Generated Megafunction      ; D:/Documents/Quartus Projects/Assignment 7/db/mux_ahb.tdf                               ;         ;
+----------------------------------+-----------------+----------------------------------+-----------------------------------------------------------------------------------------+---------+


+-----------------------------------------------------------+
; Analysis & Synthesis Resource Usage Summary               ;
+---------------------------------------------+-------------+
; Resource                                    ; Usage       ;
+---------------------------------------------+-------------+
; Estimate of Logic utilization (ALMs needed) ; 132         ;
;                                             ;             ;
; Combinational ALUT usage for logic          ; 187         ;
;     -- 7 input functions                    ; 0           ;
;     -- 6 input functions                    ; 70          ;
;     -- 5 input functions                    ; 0           ;
;     -- 4 input functions                    ; 25          ;
;     -- <=3 input functions                  ; 92          ;
;                                             ;             ;
; Dedicated logic registers                   ; 124         ;
;                                             ;             ;
; I/O pins                                    ; 264         ;
; Total MLAB memory bits                      ; 0           ;
; Total block memory bits                     ; 2099200     ;
;                                             ;             ;
; Total DSP Blocks                            ; 0           ;
;                                             ;             ;
; Maximum fan-out node                        ; clock~input ;
; Maximum fan-out                             ; 444         ;
; Total fan-out                               ; 6638        ;
; Average fan-out                             ; 5.73        ;
+---------------------------------------------+-------------+


+----------------------------------------------------------------------------------------------------------------------------------------------------------------------------------------------------------------------------------------------------------------------------------------------------------------------------------+
; Analysis & Synthesis Resource Utilization by Entity                                                                                                                                                                                                                                                                              ;
+-------------------------------------------+---------------------+---------------------------+-------------------+------------+------+--------------+-------------------------------------------------------------------------------------------------------------------------------------+------------------------+--------------+
; Compilation Hierarchy Node                ; Combinational ALUTs ; Dedicated Logic Registers ; Block Memory Bits ; DSP Blocks ; Pins ; Virtual Pins ; Full Hierarchy Name                                                                                                                 ; Entity Name            ; Library Name ;
+-------------------------------------------+---------------------+---------------------------+-------------------+------------+------+--------------+-------------------------------------------------------------------------------------------------------------------------------------+------------------------+--------------+
; |mejia_sw_Nov28                           ; 187 (8)             ; 124 (102)                 ; 2099200           ; 0          ; 264  ; 0            ; |mejia_sw_Nov28                                                                                                                     ; mejia_sw_Nov28         ; work         ;
;    |mejia_data_mem_Nov28:data_mem|        ; 112 (0)             ; 6 (0)                     ; 2097152           ; 0          ; 0    ; 0            ; |mejia_sw_Nov28|mejia_data_mem_Nov28:data_mem                                                                                       ; mejia_data_mem_Nov28   ; work         ;
;       |altsyncram:altsyncram_component|   ; 112 (0)             ; 6 (0)                     ; 2097152           ; 0          ; 0    ; 0            ; |mejia_sw_Nov28|mejia_data_mem_Nov28:data_mem|altsyncram:altsyncram_component                                                       ; altsyncram             ; work         ;
;          |altsyncram_q034:auto_generated| ; 112 (0)             ; 6 (6)                     ; 2097152           ; 0          ; 0    ; 0            ; |mejia_sw_Nov28|mejia_data_mem_Nov28:data_mem|altsyncram:altsyncram_component|altsyncram_q034:auto_generated                        ; altsyncram_q034        ; work         ;
;             |decode_61a:rden_decode|      ; 6 (6)               ; 0 (0)                     ; 0                 ; 0          ; 0    ; 0            ; |mejia_sw_Nov28|mejia_data_mem_Nov28:data_mem|altsyncram:altsyncram_component|altsyncram_q034:auto_generated|decode_61a:rden_decode ; decode_61a             ; work         ;
;             |decode_dla:decode3|          ; 10 (10)             ; 0 (0)                     ; 0                 ; 0          ; 0    ; 0            ; |mejia_sw_Nov28|mejia_data_mem_Nov28:data_mem|altsyncram:altsyncram_component|altsyncram_q034:auto_generated|decode_dla:decode3     ; decode_dla             ; work         ;
;             |mux_ahb:mux2|                ; 96 (96)             ; 0 (0)                     ; 0                 ; 0          ; 0    ; 0            ; |mejia_sw_Nov28|mejia_data_mem_Nov28:data_mem|altsyncram:altsyncram_component|altsyncram_q034:auto_generated|mux_ahb:mux2           ; mux_ahb                ; work         ;
;    |mejia_extend_Nov28:IMMex_16|          ; 1 (1)               ; 0 (0)                     ; 0                 ; 0          ; 0    ; 0            ; |mejia_sw_Nov28|mejia_extend_Nov28:IMMex_16                                                                                         ; mejia_extend_Nov28     ; work         ;
;    |mejia_inst_mem_Nov28:Instr|           ; 0 (0)               ; 0 (0)                     ; 1024              ; 0          ; 0    ; 0            ; |mejia_sw_Nov28|mejia_inst_mem_Nov28:Instr                                                                                          ; mejia_inst_mem_Nov28   ; work         ;
;       |altsyncram:altsyncram_component|   ; 0 (0)               ; 0 (0)                     ; 1024              ; 0          ; 0    ; 0            ; |mejia_sw_Nov28|mejia_inst_mem_Nov28:Instr|altsyncram:altsyncram_component                                                          ; altsyncram             ; work         ;
;          |altsyncram_8r24:auto_generated| ; 0 (0)               ; 0 (0)                     ; 1024              ; 0          ; 0    ; 0            ; |mejia_sw_Nov28|mejia_inst_mem_Nov28:Instr|altsyncram:altsyncram_component|altsyncram_8r24:auto_generated                           ; altsyncram_8r24        ; work         ;
;    |mejia_megaddsub_Nov28:nbit_addsub|    ; 34 (0)              ; 0 (0)                     ; 0                 ; 0          ; 0    ; 0            ; |mejia_sw_Nov28|mejia_megaddsub_Nov28:nbit_addsub                                                                                   ; mejia_megaddsub_Nov28  ; work         ;
;       |lpm_add_sub:LPM_ADD_SUB_component| ; 34 (0)              ; 0 (0)                     ; 0                 ; 0          ; 0    ; 0            ; |mejia_sw_Nov28|mejia_megaddsub_Nov28:nbit_addsub|lpm_add_sub:LPM_ADD_SUB_component                                                 ; lpm_add_sub            ; work         ;
;          |add_sub_d6h:auto_generated|     ; 34 (34)             ; 0 (0)                     ; 0                 ; 0          ; 0    ; 0            ; |mejia_sw_Nov28|mejia_megaddsub_Nov28:nbit_addsub|lpm_add_sub:LPM_ADD_SUB_component|add_sub_d6h:auto_generated                      ; add_sub_d6h            ; work         ;
;    |mejia_mux_Nov28:mux_1|                ; 32 (32)             ; 0 (0)                     ; 0                 ; 0          ; 0    ; 0            ; |mejia_sw_Nov28|mejia_mux_Nov28:mux_1                                                                                               ; mejia_mux_Nov28        ; work         ;
;    |mejia_reg_file_Nov28:Reg_file|        ; 0 (0)               ; 0 (0)                     ; 1024              ; 0          ; 0    ; 0            ; |mejia_sw_Nov28|mejia_reg_file_Nov28:Reg_file                                                                                       ; mejia_reg_file_Nov28   ; work         ;
;       |altsyncram:altsyncram_component|   ; 0 (0)               ; 0 (0)                     ; 1024              ; 0          ; 0    ; 0            ; |mejia_sw_Nov28|mejia_reg_file_Nov28:Reg_file|altsyncram:altsyncram_component                                                       ; altsyncram             ; work         ;
;          |altsyncram_7u24:auto_generated| ; 0 (0)               ; 0 (0)                     ; 1024              ; 0          ; 0    ; 0            ; |mejia_sw_Nov28|mejia_reg_file_Nov28:Reg_file|altsyncram:altsyncram_component|altsyncram_7u24:auto_generated                        ; altsyncram_7u24        ; work         ;
;    |mejia_register16_Nov28:IM_16|         ; 0 (0)               ; 16 (16)                   ; 0                 ; 0          ; 0    ; 0            ; |mejia_sw_Nov28|mejia_register16_Nov28:IM_16                                                                                        ; mejia_register16_Nov28 ; work         ;
+-------------------------------------------+---------------------+---------------------------+-------------------+------------+------+--------------+-------------------------------------------------------------------------------------------------------------------------------------+------------------------+--------------+
Note: For table entries with two numbers listed, the numbers in parentheses indicate the number of resources of the given type used by the specific entity alone. The numbers listed outside of parentheses indicate the total resources of the given type used by the specific entity and all of its sub-entities in the hierarchy.


+----------------------------------------------------------------------------------------------------------------------------------------------------------------------------------------------------------------------------------+
; Analysis & Synthesis RAM Summary                                                                                                                                                                                                 ;
+---------------------------------------------------------------------------------------------------------+------+----------------+--------------+--------------+--------------+--------------+---------+--------------------------+
; Name                                                                                                    ; Type ; Mode           ; Port A Depth ; Port A Width ; Port B Depth ; Port B Width ; Size    ; MIF                      ;
+---------------------------------------------------------------------------------------------------------+------+----------------+--------------+--------------+--------------+--------------+---------+--------------------------+
; mejia_data_mem_Nov28:data_mem|altsyncram:altsyncram_component|altsyncram_q034:auto_generated|ALTSYNCRAM ; AUTO ; Single Port    ; 65536        ; 32           ; --           ; --           ; 2097152 ; mejia_data_mem_Nov28.mif ;
; mejia_inst_mem_Nov28:Instr|altsyncram:altsyncram_component|altsyncram_8r24:auto_generated|ALTSYNCRAM    ; AUTO ; Single Port    ; 32           ; 32           ; --           ; --           ; 1024    ; mejia_inst_mem_Nov28.mif ;
; mejia_reg_file_Nov28:Reg_file|altsyncram:altsyncram_component|altsyncram_7u24:auto_generated|ALTSYNCRAM ; AUTO ; True Dual Port ; 32           ; 32           ; 32           ; 32           ; 1024    ; mejia_reg_file_Nov28.mif ;
+---------------------------------------------------------------------------------------------------------+------+----------------+--------------+--------------+--------------+--------------+---------+--------------------------+


+-----------------------------------------------------------------------------------------------------------------------------------------------+
; Analysis & Synthesis IP Cores Summary                                                                                                         ;
+--------+--------------+---------+--------------+--------------+---------------------------------------------------+---------------------------+
; Vendor ; IP Core Name ; Version ; Release Date ; License Type ; Entity Instance                                   ; IP Include File           ;
+--------+--------------+---------+--------------+--------------+---------------------------------------------------+---------------------------+
; Altera ; RAM: 1-PORT  ; 16.1    ; N/A          ; N/A          ; |mejia_sw_Nov28|mejia_data_mem_Nov28:data_mem     ; mejia_data_mem_Nov28.vhd  ;
; Altera ; RAM: 1-PORT  ; 16.1    ; N/A          ; N/A          ; |mejia_sw_Nov28|mejia_inst_mem_Nov28:Instr        ; mejia_inst_mem_Nov28.vhd  ;
; Altera ; LPM_ADD_SUB  ; 16.1    ; N/A          ; N/A          ; |mejia_sw_Nov28|mejia_megaddsub_Nov28:nbit_addsub ; mejia_megaddsub_Nov28.vhd ;
; Altera ; RAM: 2-PORT  ; 16.1    ; N/A          ; N/A          ; |mejia_sw_Nov28|mejia_reg_file_Nov28:Reg_file     ; mejia_reg_file_Nov28.vhd  ;
+--------+--------------+---------+--------------+--------------+---------------------------------------------------+---------------------------+


+------------------------------------------------------+
; General Register Statistics                          ;
+----------------------------------------------+-------+
; Statistic                                    ; Value ;
+----------------------------------------------+-------+
; Total registers                              ; 124   ;
; Number of registers using Synchronous Clear  ; 0     ;
; Number of registers using Synchronous Load   ; 0     ;
; Number of registers using Asynchronous Clear ; 42    ;
; Number of registers using Asynchronous Load  ; 0     ;
; Number of registers using Clock Enable       ; 76    ;
; Number of registers using Preset             ; 0     ;
+----------------------------------------------+-------+


+-----------------------------------------------------------------------------------------------------------------------------------------------+
; Multiplexer Restructuring Statistics (Restructuring Performed)                                                                                ;
+--------------------+-----------+---------------+----------------------+------------------------+------------+---------------------------------+
; Multiplexer Inputs ; Bus Width ; Baseline Area ; Area if Restructured ; Saving if Restructured ; Registered ; Example Multiplexer Output      ;
+--------------------+-----------+---------------+----------------------+------------------------+------------+---------------------------------+
; 8:1                ; 32 bits   ; 160 LEs       ; 160 LEs              ; 0 LEs                  ; Yes        ; |mejia_sw_Nov28|address_out[24] ;
+--------------------+-----------+---------------+----------------------+------------------------+------------+---------------------------------+


+------------------------------------------------------------------------------------------------------------------+
; Source assignments for mejia_inst_mem_Nov28:Instr|altsyncram:altsyncram_component|altsyncram_8r24:auto_generated ;
+---------------------------------+--------------------+------+----------------------------------------------------+
; Assignment                      ; Value              ; From ; To                                                 ;
+---------------------------------+--------------------+------+----------------------------------------------------+
; OPTIMIZE_POWER_DURING_SYNTHESIS ; NORMAL_COMPILATION ; -    ; -                                                  ;
+---------------------------------+--------------------+------+----------------------------------------------------+


+---------------------------------------------------------------------------------------------------------------------+
; Source assignments for mejia_reg_file_Nov28:Reg_file|altsyncram:altsyncram_component|altsyncram_7u24:auto_generated ;
+---------------------------------+--------------------+------+-------------------------------------------------------+
; Assignment                      ; Value              ; From ; To                                                    ;
+---------------------------------+--------------------+------+-------------------------------------------------------+
; OPTIMIZE_POWER_DURING_SYNTHESIS ; NORMAL_COMPILATION ; -    ; -                                                     ;
+---------------------------------+--------------------+------+-------------------------------------------------------+


+---------------------------------------------------------------------------------------------------------------------+
; Source assignments for mejia_data_mem_Nov28:data_mem|altsyncram:altsyncram_component|altsyncram_q034:auto_generated ;
+---------------------------------+--------------------+------+-------------------------------------------------------+
; Assignment                      ; Value              ; From ; To                                                    ;
+---------------------------------+--------------------+------+-------------------------------------------------------+
; OPTIMIZE_POWER_DURING_SYNTHESIS ; NORMAL_COMPILATION ; -    ; -                                                     ;
+---------------------------------+--------------------+------+-------------------------------------------------------+


+---------------------------------------------------------------------------------------------------------+
; Parameter Settings for User Entity Instance: mejia_inst_mem_Nov28:Instr|altsyncram:altsyncram_component ;
+------------------------------------+--------------------------+-----------------------------------------+
; Parameter Name                     ; Value                    ; Type                                    ;
+------------------------------------+--------------------------+-----------------------------------------+
; BYTE_SIZE_BLOCK                    ; 8                        ; Untyped                                 ;
; AUTO_CARRY_CHAINS                  ; ON                       ; AUTO_CARRY                              ;
; IGNORE_CARRY_BUFFERS               ; OFF                      ; IGNORE_CARRY                            ;
; AUTO_CASCADE_CHAINS                ; ON                       ; AUTO_CASCADE                            ;
; IGNORE_CASCADE_BUFFERS             ; OFF                      ; IGNORE_CASCADE                          ;
; WIDTH_BYTEENA                      ; 1                        ; Untyped                                 ;
; OPERATION_MODE                     ; SINGLE_PORT              ; Untyped                                 ;
; WIDTH_A                            ; 32                       ; Signed Integer                          ;
; WIDTHAD_A                          ; 5                        ; Signed Integer                          ;
; NUMWORDS_A                         ; 32                       ; Signed Integer                          ;
; OUTDATA_REG_A                      ; CLOCK0                   ; Untyped                                 ;
; ADDRESS_ACLR_A                     ; NONE                     ; Untyped                                 ;
; OUTDATA_ACLR_A                     ; NONE                     ; Untyped                                 ;
; WRCONTROL_ACLR_A                   ; NONE                     ; Untyped                                 ;
; INDATA_ACLR_A                      ; NONE                     ; Untyped                                 ;
; BYTEENA_ACLR_A                     ; NONE                     ; Untyped                                 ;
; WIDTH_B                            ; 1                        ; Signed Integer                          ;
; WIDTHAD_B                          ; 1                        ; Signed Integer                          ;
; NUMWORDS_B                         ; 0                        ; Signed Integer                          ;
; INDATA_REG_B                       ; CLOCK1                   ; Untyped                                 ;
; WRCONTROL_WRADDRESS_REG_B          ; CLOCK1                   ; Untyped                                 ;
; RDCONTROL_REG_B                    ; CLOCK1                   ; Untyped                                 ;
; ADDRESS_REG_B                      ; CLOCK1                   ; Untyped                                 ;
; OUTDATA_REG_B                      ; UNREGISTERED             ; Untyped                                 ;
; BYTEENA_REG_B                      ; CLOCK1                   ; Untyped                                 ;
; INDATA_ACLR_B                      ; NONE                     ; Untyped                                 ;
; WRCONTROL_ACLR_B                   ; NONE                     ; Untyped                                 ;
; ADDRESS_ACLR_B                     ; NONE                     ; Untyped                                 ;
; OUTDATA_ACLR_B                     ; NONE                     ; Untyped                                 ;
; RDCONTROL_ACLR_B                   ; NONE                     ; Untyped                                 ;
; BYTEENA_ACLR_B                     ; NONE                     ; Untyped                                 ;
; WIDTH_BYTEENA_A                    ; 1                        ; Signed Integer                          ;
; WIDTH_BYTEENA_B                    ; 1                        ; Signed Integer                          ;
; RAM_BLOCK_TYPE                     ; AUTO                     ; Untyped                                 ;
; BYTE_SIZE                          ; 8                        ; Signed Integer                          ;
; READ_DURING_WRITE_MODE_MIXED_PORTS ; DONT_CARE                ; Untyped                                 ;
; READ_DURING_WRITE_MODE_PORT_A      ; NEW_DATA_NO_NBE_READ     ; Untyped                                 ;
; READ_DURING_WRITE_MODE_PORT_B      ; NEW_DATA_NO_NBE_READ     ; Untyped                                 ;
; INIT_FILE                          ; mejia_inst_mem_Nov28.mif ; Untyped                                 ;
; INIT_FILE_LAYOUT                   ; PORT_A                   ; Untyped                                 ;
; MAXIMUM_DEPTH                      ; 0                        ; Signed Integer                          ;
; CLOCK_ENABLE_INPUT_A               ; BYPASS                   ; Untyped                                 ;
; CLOCK_ENABLE_INPUT_B               ; NORMAL                   ; Untyped                                 ;
; CLOCK_ENABLE_OUTPUT_A              ; BYPASS                   ; Untyped                                 ;
; CLOCK_ENABLE_OUTPUT_B              ; NORMAL                   ; Untyped                                 ;
; CLOCK_ENABLE_CORE_A                ; USE_INPUT_CLKEN          ; Untyped                                 ;
; CLOCK_ENABLE_CORE_B                ; USE_INPUT_CLKEN          ; Untyped                                 ;
; ENABLE_ECC                         ; FALSE                    ; Untyped                                 ;
; ECC_PIPELINE_STAGE_ENABLED         ; FALSE                    ; Untyped                                 ;
; WIDTH_ECCSTATUS                    ; 3                        ; Signed Integer                          ;
; DEVICE_FAMILY                      ; Cyclone V                ; Untyped                                 ;
; CBXI_PARAMETER                     ; altsyncram_8r24          ; Untyped                                 ;
+------------------------------------+--------------------------+-----------------------------------------+
Note: In order to hide this table in the UI and the text report file, please set the "Show Parameter Settings in Synthesis Report" option in "Analysis and Synthesis Settings -> More Settings" to "Off".


+------------------------------------------------------------------------------------------------------------+
; Parameter Settings for User Entity Instance: mejia_reg_file_Nov28:Reg_file|altsyncram:altsyncram_component ;
+------------------------------------+--------------------------+--------------------------------------------+
; Parameter Name                     ; Value                    ; Type                                       ;
+------------------------------------+--------------------------+--------------------------------------------+
; BYTE_SIZE_BLOCK                    ; 8                        ; Untyped                                    ;
; AUTO_CARRY_CHAINS                  ; ON                       ; AUTO_CARRY                                 ;
; IGNORE_CARRY_BUFFERS               ; OFF                      ; IGNORE_CARRY                               ;
; AUTO_CASCADE_CHAINS                ; ON                       ; AUTO_CASCADE                               ;
; IGNORE_CASCADE_BUFFERS             ; OFF                      ; IGNORE_CASCADE                             ;
; WIDTH_BYTEENA                      ; 1                        ; Untyped                                    ;
; OPERATION_MODE                     ; BIDIR_DUAL_PORT          ; Untyped                                    ;
; WIDTH_A                            ; 32                       ; Signed Integer                             ;
; WIDTHAD_A                          ; 5                        ; Signed Integer                             ;
; NUMWORDS_A                         ; 32                       ; Signed Integer                             ;
; OUTDATA_REG_A                      ; CLOCK0                   ; Untyped                                    ;
; ADDRESS_ACLR_A                     ; NONE                     ; Untyped                                    ;
; OUTDATA_ACLR_A                     ; NONE                     ; Untyped                                    ;
; WRCONTROL_ACLR_A                   ; NONE                     ; Untyped                                    ;
; INDATA_ACLR_A                      ; NONE                     ; Untyped                                    ;
; BYTEENA_ACLR_A                     ; NONE                     ; Untyped                                    ;
; WIDTH_B                            ; 32                       ; Signed Integer                             ;
; WIDTHAD_B                          ; 5                        ; Signed Integer                             ;
; NUMWORDS_B                         ; 32                       ; Signed Integer                             ;
; INDATA_REG_B                       ; CLOCK0                   ; Untyped                                    ;
; WRCONTROL_WRADDRESS_REG_B          ; CLOCK0                   ; Untyped                                    ;
; RDCONTROL_REG_B                    ; CLOCK1                   ; Untyped                                    ;
; ADDRESS_REG_B                      ; CLOCK0                   ; Untyped                                    ;
; OUTDATA_REG_B                      ; CLOCK0                   ; Untyped                                    ;
; BYTEENA_REG_B                      ; CLOCK1                   ; Untyped                                    ;
; INDATA_ACLR_B                      ; NONE                     ; Untyped                                    ;
; WRCONTROL_ACLR_B                   ; NONE                     ; Untyped                                    ;
; ADDRESS_ACLR_B                     ; NONE                     ; Untyped                                    ;
; OUTDATA_ACLR_B                     ; NONE                     ; Untyped                                    ;
; RDCONTROL_ACLR_B                   ; NONE                     ; Untyped                                    ;
; BYTEENA_ACLR_B                     ; NONE                     ; Untyped                                    ;
; WIDTH_BYTEENA_A                    ; 1                        ; Signed Integer                             ;
; WIDTH_BYTEENA_B                    ; 1                        ; Signed Integer                             ;
; RAM_BLOCK_TYPE                     ; AUTO                     ; Untyped                                    ;
; BYTE_SIZE                          ; 8                        ; Signed Integer                             ;
; READ_DURING_WRITE_MODE_MIXED_PORTS ; DONT_CARE                ; Untyped                                    ;
; READ_DURING_WRITE_MODE_PORT_A      ; NEW_DATA_NO_NBE_READ     ; Untyped                                    ;
; READ_DURING_WRITE_MODE_PORT_B      ; NEW_DATA_NO_NBE_READ     ; Untyped                                    ;
; INIT_FILE                          ; mejia_reg_file_Nov28.mif ; Untyped                                    ;
; INIT_FILE_LAYOUT                   ; PORT_A                   ; Untyped                                    ;
; MAXIMUM_DEPTH                      ; 0                        ; Signed Integer                             ;
; CLOCK_ENABLE_INPUT_A               ; BYPASS                   ; Untyped                                    ;
; CLOCK_ENABLE_INPUT_B               ; BYPASS                   ; Untyped                                    ;
; CLOCK_ENABLE_OUTPUT_A              ; BYPASS                   ; Untyped                                    ;
; CLOCK_ENABLE_OUTPUT_B              ; BYPASS                   ; Untyped                                    ;
; CLOCK_ENABLE_CORE_A                ; USE_INPUT_CLKEN          ; Untyped                                    ;
; CLOCK_ENABLE_CORE_B                ; USE_INPUT_CLKEN          ; Untyped                                    ;
; ENABLE_ECC                         ; FALSE                    ; Untyped                                    ;
; ECC_PIPELINE_STAGE_ENABLED         ; FALSE                    ; Untyped                                    ;
; WIDTH_ECCSTATUS                    ; 3                        ; Signed Integer                             ;
; DEVICE_FAMILY                      ; Cyclone V                ; Untyped                                    ;
; CBXI_PARAMETER                     ; altsyncram_7u24          ; Untyped                                    ;
+------------------------------------+--------------------------+--------------------------------------------+
Note: In order to hide this table in the UI and the text report file, please set the "Show Parameter Settings in Synthesis Report" option in "Analysis and Synthesis Settings -> More Settings" to "Off".


+------------------------------------------------------------------------------------------------------------------+
; Parameter Settings for User Entity Instance: mejia_megaddsub_Nov28:nbit_addsub|lpm_add_sub:LPM_ADD_SUB_component ;
+------------------------+-------------+---------------------------------------------------------------------------+
; Parameter Name         ; Value       ; Type                                                                      ;
+------------------------+-------------+---------------------------------------------------------------------------+
; LPM_WIDTH              ; 32          ; Signed Integer                                                            ;
; LPM_REPRESENTATION     ; SIGNED      ; Untyped                                                                   ;
; LPM_DIRECTION          ; DEFAULT     ; Untyped                                                                   ;
; ONE_INPUT_IS_CONSTANT  ; NO          ; Untyped                                                                   ;
; LPM_PIPELINE           ; 0           ; Untyped                                                                   ;
; MAXIMIZE_SPEED         ; 5           ; Untyped                                                                   ;
; REGISTERED_AT_END      ; 0           ; Untyped                                                                   ;
; OPTIMIZE_FOR_SPEED     ; 5           ; Untyped                                                                   ;
; USE_CS_BUFFERS         ; 1           ; Untyped                                                                   ;
; CARRY_CHAIN            ; MANUAL      ; Untyped                                                                   ;
; CARRY_CHAIN_LENGTH     ; 48          ; CARRY_CHAIN_LENGTH                                                        ;
; DEVICE_FAMILY          ; Cyclone V   ; Untyped                                                                   ;
; USE_WYS                ; OFF         ; Untyped                                                                   ;
; STYLE                  ; FAST        ; Untyped                                                                   ;
; CBXI_PARAMETER         ; add_sub_d6h ; Untyped                                                                   ;
; AUTO_CARRY_CHAINS      ; ON          ; AUTO_CARRY                                                                ;
; IGNORE_CARRY_BUFFERS   ; OFF         ; IGNORE_CARRY                                                              ;
; AUTO_CASCADE_CHAINS    ; ON          ; AUTO_CASCADE                                                              ;
; IGNORE_CASCADE_BUFFERS ; OFF         ; IGNORE_CASCADE                                                            ;
+------------------------+-------------+---------------------------------------------------------------------------+
Note: In order to hide this table in the UI and the text report file, please set the "Show Parameter Settings in Synthesis Report" option in "Analysis and Synthesis Settings -> More Settings" to "Off".


+------------------------------------------------------------------------------------------------------------+
; Parameter Settings for User Entity Instance: mejia_data_mem_Nov28:data_mem|altsyncram:altsyncram_component ;
+------------------------------------+--------------------------+--------------------------------------------+
; Parameter Name                     ; Value                    ; Type                                       ;
+------------------------------------+--------------------------+--------------------------------------------+
; BYTE_SIZE_BLOCK                    ; 8                        ; Untyped                                    ;
; AUTO_CARRY_CHAINS                  ; ON                       ; AUTO_CARRY                                 ;
; IGNORE_CARRY_BUFFERS               ; OFF                      ; IGNORE_CARRY                               ;
; AUTO_CASCADE_CHAINS                ; ON                       ; AUTO_CASCADE                               ;
; IGNORE_CASCADE_BUFFERS             ; OFF                      ; IGNORE_CASCADE                             ;
; WIDTH_BYTEENA                      ; 1                        ; Untyped                                    ;
; OPERATION_MODE                     ; SINGLE_PORT              ; Untyped                                    ;
; WIDTH_A                            ; 32                       ; Signed Integer                             ;
; WIDTHAD_A                          ; 16                       ; Signed Integer                             ;
; NUMWORDS_A                         ; 65536                    ; Signed Integer                             ;
; OUTDATA_REG_A                      ; CLOCK0                   ; Untyped                                    ;
; ADDRESS_ACLR_A                     ; NONE                     ; Untyped                                    ;
; OUTDATA_ACLR_A                     ; NONE                     ; Untyped                                    ;
; WRCONTROL_ACLR_A                   ; NONE                     ; Untyped                                    ;
; INDATA_ACLR_A                      ; NONE                     ; Untyped                                    ;
; BYTEENA_ACLR_A                     ; NONE                     ; Untyped                                    ;
; WIDTH_B                            ; 1                        ; Signed Integer                             ;
; WIDTHAD_B                          ; 1                        ; Signed Integer                             ;
; NUMWORDS_B                         ; 0                        ; Signed Integer                             ;
; INDATA_REG_B                       ; CLOCK1                   ; Untyped                                    ;
; WRCONTROL_WRADDRESS_REG_B          ; CLOCK1                   ; Untyped                                    ;
; RDCONTROL_REG_B                    ; CLOCK1                   ; Untyped                                    ;
; ADDRESS_REG_B                      ; CLOCK1                   ; Untyped                                    ;
; OUTDATA_REG_B                      ; UNREGISTERED             ; Untyped                                    ;
; BYTEENA_REG_B                      ; CLOCK1                   ; Untyped                                    ;
; INDATA_ACLR_B                      ; NONE                     ; Untyped                                    ;
; WRCONTROL_ACLR_B                   ; NONE                     ; Untyped                                    ;
; ADDRESS_ACLR_B                     ; NONE                     ; Untyped                                    ;
; OUTDATA_ACLR_B                     ; NONE                     ; Untyped                                    ;
; RDCONTROL_ACLR_B                   ; NONE                     ; Untyped                                    ;
; BYTEENA_ACLR_B                     ; NONE                     ; Untyped                                    ;
; WIDTH_BYTEENA_A                    ; 1                        ; Signed Integer                             ;
; WIDTH_BYTEENA_B                    ; 1                        ; Signed Integer                             ;
; RAM_BLOCK_TYPE                     ; AUTO                     ; Untyped                                    ;
; BYTE_SIZE                          ; 8                        ; Signed Integer                             ;
; READ_DURING_WRITE_MODE_MIXED_PORTS ; DONT_CARE                ; Untyped                                    ;
; READ_DURING_WRITE_MODE_PORT_A      ; NEW_DATA_NO_NBE_READ     ; Untyped                                    ;
; READ_DURING_WRITE_MODE_PORT_B      ; NEW_DATA_NO_NBE_READ     ; Untyped                                    ;
; INIT_FILE                          ; mejia_data_mem_Nov28.mif ; Untyped                                    ;
; INIT_FILE_LAYOUT                   ; PORT_A                   ; Untyped                                    ;
; MAXIMUM_DEPTH                      ; 0                        ; Signed Integer                             ;
; CLOCK_ENABLE_INPUT_A               ; BYPASS                   ; Untyped                                    ;
; CLOCK_ENABLE_INPUT_B               ; NORMAL                   ; Untyped                                    ;
; CLOCK_ENABLE_OUTPUT_A              ; BYPASS                   ; Untyped                                    ;
; CLOCK_ENABLE_OUTPUT_B              ; NORMAL                   ; Untyped                                    ;
; CLOCK_ENABLE_CORE_A                ; USE_INPUT_CLKEN          ; Untyped                                    ;
; CLOCK_ENABLE_CORE_B                ; USE_INPUT_CLKEN          ; Untyped                                    ;
; ENABLE_ECC                         ; FALSE                    ; Untyped                                    ;
; ECC_PIPELINE_STAGE_ENABLED         ; FALSE                    ; Untyped                                    ;
; WIDTH_ECCSTATUS                    ; 3                        ; Signed Integer                             ;
; DEVICE_FAMILY                      ; Cyclone V                ; Untyped                                    ;
; CBXI_PARAMETER                     ; altsyncram_q034          ; Untyped                                    ;
+------------------------------------+--------------------------+--------------------------------------------+
Note: In order to hide this table in the UI and the text report file, please set the "Show Parameter Settings in Synthesis Report" option in "Analysis and Synthesis Settings -> More Settings" to "Off".


+-----------------------------------------------------------------------------------------------------------+
; altsyncram Parameter Settings by Entity Instance                                                          ;
+-------------------------------------------+---------------------------------------------------------------+
; Name                                      ; Value                                                         ;
+-------------------------------------------+---------------------------------------------------------------+
; Number of entity instances                ; 3                                                             ;
; Entity Instance                           ; mejia_inst_mem_Nov28:Instr|altsyncram:altsyncram_component    ;
;     -- OPERATION_MODE                     ; SINGLE_PORT                                                   ;
;     -- WIDTH_A                            ; 32                                                            ;
;     -- NUMWORDS_A                         ; 32                                                            ;
;     -- OUTDATA_REG_A                      ; CLOCK0                                                        ;
;     -- WIDTH_B                            ; 1                                                             ;
;     -- NUMWORDS_B                         ; 0                                                             ;
;     -- ADDRESS_REG_B                      ; CLOCK1                                                        ;
;     -- OUTDATA_REG_B                      ; UNREGISTERED                                                  ;
;     -- RAM_BLOCK_TYPE                     ; AUTO                                                          ;
;     -- READ_DURING_WRITE_MODE_MIXED_PORTS ; DONT_CARE                                                     ;
; Entity Instance                           ; mejia_reg_file_Nov28:Reg_file|altsyncram:altsyncram_component ;
;     -- OPERATION_MODE                     ; BIDIR_DUAL_PORT                                               ;
;     -- WIDTH_A                            ; 32                                                            ;
;     -- NUMWORDS_A                         ; 32                                                            ;
;     -- OUTDATA_REG_A                      ; CLOCK0                                                        ;
;     -- WIDTH_B                            ; 32                                                            ;
;     -- NUMWORDS_B                         ; 32                                                            ;
;     -- ADDRESS_REG_B                      ; CLOCK0                                                        ;
;     -- OUTDATA_REG_B                      ; CLOCK0                                                        ;
;     -- RAM_BLOCK_TYPE                     ; AUTO                                                          ;
;     -- READ_DURING_WRITE_MODE_MIXED_PORTS ; DONT_CARE                                                     ;
; Entity Instance                           ; mejia_data_mem_Nov28:data_mem|altsyncram:altsyncram_component ;
;     -- OPERATION_MODE                     ; SINGLE_PORT                                                   ;
;     -- WIDTH_A                            ; 32                                                            ;
;     -- NUMWORDS_A                         ; 65536                                                         ;
;     -- OUTDATA_REG_A                      ; CLOCK0                                                        ;
;     -- WIDTH_B                            ; 1                                                             ;
;     -- NUMWORDS_B                         ; 0                                                             ;
;     -- ADDRESS_REG_B                      ; CLOCK1                                                        ;
;     -- OUTDATA_REG_B                      ; UNREGISTERED                                                  ;
;     -- RAM_BLOCK_TYPE                     ; AUTO                                                          ;
;     -- READ_DURING_WRITE_MODE_MIXED_PORTS ; DONT_CARE                                                     ;
+-------------------------------------------+---------------------------------------------------------------+


+---------------------------------------------------+
; Port Connectivity Checks: "mejia_mux_Nov28:mux_2" ;
+------+-------+----------+-------------------------+
; Port ; Type  ; Severity ; Details                 ;
+------+-------+----------+-------------------------+
; sel  ; Input ; Info     ; Stuck at GND            ;
+------+-------+----------+-------------------------+


+----------------------------------------------------------+
; Port Connectivity Checks: "mejia_register16_Nov28:IM_16" ;
+------+-------+----------+--------------------------------+
; Port ; Type  ; Severity ; Details                        ;
+------+-------+----------+--------------------------------+
; ld   ; Input ; Info     ; Stuck at VCC                   ;
+------+-------+----------+--------------------------------+


+-----------------------------------------------------------+
; Port Connectivity Checks: "mejia_reg_file_Nov28:Reg_file" ;
+--------+-------+----------+-------------------------------+
; Port   ; Type  ; Severity ; Details                       ;
+--------+-------+----------+-------------------------------+
; data_a ; Input ; Info     ; Stuck at GND                  ;
; data_b ; Input ; Info     ; Stuck at GND                  ;
; wren_a ; Input ; Info     ; Stuck at GND                  ;
; wren_b ; Input ; Info     ; Stuck at GND                  ;
+--------+-------+----------+-------------------------------+


+--------------------------------------------------------+
; Port Connectivity Checks: "mejia_inst_mem_Nov28:Instr" ;
+------+-------+----------+------------------------------+
; Port ; Type  ; Severity ; Details                      ;
+------+-------+----------+------------------------------+
; data ; Input ; Info     ; Stuck at GND                 ;
; wren ; Input ; Info     ; Stuck at GND                 ;
+------+-------+----------+------------------------------+


+-----------------------------------------------------+
; Post-Synthesis Netlist Statistics for Top Partition ;
+-----------------------+-----------------------------+
; Type                  ; Count                       ;
+-----------------------+-----------------------------+
; arriav_ff             ; 124                         ;
;     CLR               ; 42                          ;
;     ENA               ; 76                          ;
;     plain             ; 6                           ;
; arriav_lcell_comb     ; 187                         ;
;     arith             ; 33                          ;
;         1 data inputs ; 1                           ;
;         3 data inputs ; 32                          ;
;     normal            ; 154                         ;
;         0 data inputs ; 1                           ;
;         2 data inputs ; 2                           ;
;         3 data inputs ; 56                          ;
;         4 data inputs ; 25                          ;
;         6 data inputs ; 70                          ;
; boundary_port         ; 264                         ;
; stratixv_ram_block    ; 320                         ;
;                       ;                             ;
; Max LUT depth         ; 7.60                        ;
; Average LUT depth     ; 2.63                        ;
+-----------------------+-----------------------------+


+-------------------------------+
; Elapsed Time Per Partition    ;
+----------------+--------------+
; Partition Name ; Elapsed Time ;
+----------------+--------------+
; Top            ; 00:00:00     ;
+----------------+--------------+


+-------------------------------+
; Analysis & Synthesis Messages ;
+-------------------------------+
Info: *******************************************************************
Info: Running Quartus Prime Analysis & Synthesis
    Info: Version 16.1.0 Build 196 10/24/2016 SJ Lite Edition
    Info: Processing started: Wed Dec 02 02:00:54 2020
Info: Command: quartus_map --read_settings_files=on --write_settings_files=off mejia_sw_Nov28 -c mejia_sw_Nov28
Warning (18236): Number of processors has not been specified which may cause overloading on shared machines.  Set the global assignment NUM_PARALLEL_PROCESSORS in your QSF to an appropriate value for best performance.
Info (20030): Parallel compilation is enabled and will use 4 of the 4 processors detected
Info (12021): Found 2 design units, including 1 entities, in source file mejia_reg_file_nov28.vhd
    Info (12022): Found design unit 1: mejia_reg_file_nov28-SYN File: D:/Documents/Quartus Projects/Assignment 7/mejia_reg_file_Nov28.vhd Line: 59
    Info (12023): Found entity 1: mejia_reg_file_Nov28 File: D:/Documents/Quartus Projects/Assignment 7/mejia_reg_file_Nov28.vhd Line: 43
Info (12021): Found 2 design units, including 1 entities, in source file mejia_mux_nov28.vhd
    Info (12022): Found design unit 1: mejia_mux_Nov28-Behavioral File: D:/Documents/Quartus Projects/Assignment 7/mejia_mux_Nov28.vhd Line: 11
    Info (12023): Found entity 1: mejia_mux_Nov28 File: D:/Documents/Quartus Projects/Assignment 7/mejia_mux_Nov28.vhd Line: 4
Info (12021): Found 2 design units, including 1 entities, in source file mejia_extend_nov28.vhd
    Info (12022): Found design unit 1: mejia_extend_Nov28-arch File: D:/Documents/Quartus Projects/Assignment 7/mejia_extend_Nov28.vhd Line: 11
    Info (12023): Found entity 1: mejia_extend_Nov28 File: D:/Documents/Quartus Projects/Assignment 7/mejia_extend_Nov28.vhd Line: 5
Info (12021): Found 2 design units, including 1 entities, in source file mejia_megaddsub_nov28.vhd
    Info (12022): Found design unit 1: mejia_megaddsub_nov28-SYN File: D:/Documents/Quartus Projects/Assignment 7/mejia_megaddsub_Nov28.vhd Line: 55
    Info (12023): Found entity 1: mejia_megaddsub_Nov28 File: D:/Documents/Quartus Projects/Assignment 7/mejia_megaddsub_Nov28.vhd Line: 43
Info (12021): Found 2 design units, including 1 entities, in source file mejia_data_mem_nov28.vhd
    Info (12022): Found design unit 1: mejia_data_mem_nov28-SYN File: D:/Documents/Quartus Projects/Assignment 7/mejia_data_mem_Nov28.vhd Line: 55
    Info (12023): Found entity 1: mejia_data_mem_Nov28 File: D:/Documents/Quartus Projects/Assignment 7/mejia_data_mem_Nov28.vhd Line: 43
Info (12021): Found 2 design units, including 1 entities, in source file mejia_sw_nov28.vhd
    Info (12022): Found design unit 1: mejia_sw_Nov28-arch File: D:/Documents/Quartus Projects/Assignment 7/mejia_sw_Nov28.vhd Line: 16
    Info (12023): Found entity 1: mejia_sw_Nov28 File: D:/Documents/Quartus Projects/Assignment 7/mejia_sw_Nov28.vhd Line: 4
Info (12021): Found 2 design units, including 1 entities, in source file mejia_register16_nov28.vhd
    Info (12022): Found design unit 1: mejia_register16_Nov28-arch File: D:/Documents/Quartus Projects/Assignment 7/mejia_register16_Nov28.vhd Line: 11
    Info (12023): Found entity 1: mejia_register16_Nov28 File: D:/Documents/Quartus Projects/Assignment 7/mejia_register16_Nov28.vhd Line: 4
Info (12021): Found 2 design units, including 1 entities, in source file mejia_lw_nov29.vhd
    Info (12022): Found design unit 1: mejia_lw_Nov29-arch File: D:/Documents/Quartus Projects/Assignment 7/mejia_lw_Nov29.vhd Line: 16
    Info (12023): Found entity 1: mejia_lw_Nov29 File: D:/Documents/Quartus Projects/Assignment 7/mejia_lw_Nov29.vhd Line: 4
Info (12021): Found 2 design units, including 1 entities, in source file mejia_inst_mem_nov28.vhd
    Info (12022): Found design unit 1: mejia_inst_mem_nov28-SYN File: D:/Documents/Quartus Projects/Assignment 7/mejia_inst_mem_Nov28.vhd Line: 55
    Info (12023): Found entity 1: mejia_inst_mem_Nov28 File: D:/Documents/Quartus Projects/Assignment 7/mejia_inst_mem_Nov28.vhd Line: 43
Info (12127): Elaborating entity "mejia_sw_Nov28" for the top level hierarchy
Warning (10540): VHDL Signal Declaration warning at mejia_sw_Nov28.vhd(79): used explicit default value for signal "w1" because signal was never assigned a value File: D:/Documents/Quartus Projects/Assignment 7/mejia_sw_Nov28.vhd Line: 79
Warning (10540): VHDL Signal Declaration warning at mejia_sw_Nov28.vhd(79): used explicit default value for signal "w2" because signal was never assigned a value File: D:/Documents/Quartus Projects/Assignment 7/mejia_sw_Nov28.vhd Line: 79
Warning (10540): VHDL Signal Declaration warning at mejia_sw_Nov28.vhd(80): used explicit default value for signal "ld1" because signal was never assigned a value File: D:/Documents/Quartus Projects/Assignment 7/mejia_sw_Nov28.vhd Line: 80
Warning (10540): VHDL Signal Declaration warning at mejia_sw_Nov28.vhd(81): used explicit default value for signal "data1" because signal was never assigned a value File: D:/Documents/Quartus Projects/Assignment 7/mejia_sw_Nov28.vhd Line: 81
Warning (10540): VHDL Signal Declaration warning at mejia_sw_Nov28.vhd(81): used explicit default value for signal "data2" because signal was never assigned a value File: D:/Documents/Quartus Projects/Assignment 7/mejia_sw_Nov28.vhd Line: 81
Info (12128): Elaborating entity "mejia_inst_mem_Nov28" for hierarchy "mejia_inst_mem_Nov28:Instr" File: D:/Documents/Quartus Projects/Assignment 7/mejia_sw_Nov28.vhd Line: 98
Info (12128): Elaborating entity "altsyncram" for hierarchy "mejia_inst_mem_Nov28:Instr|altsyncram:altsyncram_component" File: D:/Documents/Quartus Projects/Assignment 7/mejia_inst_mem_Nov28.vhd Line: 62
Info (12130): Elaborated megafunction instantiation "mejia_inst_mem_Nov28:Instr|altsyncram:altsyncram_component" File: D:/Documents/Quartus Projects/Assignment 7/mejia_inst_mem_Nov28.vhd Line: 62
Info (12133): Instantiated megafunction "mejia_inst_mem_Nov28:Instr|altsyncram:altsyncram_component" with the following parameter: File: D:/Documents/Quartus Projects/Assignment 7/mejia_inst_mem_Nov28.vhd Line: 62
    Info (12134): Parameter "address_aclr_a" = "UNUSED"
    Info (12134): Parameter "address_aclr_b" = "NONE"
    Info (12134): Parameter "address_reg_b" = "CLOCK1"
    Info (12134): Parameter "byte_size" = "8"
    Info (12134): Parameter "byteena_aclr_a" = "UNUSED"
    Info (12134): Parameter "byteena_aclr_b" = "NONE"
    Info (12134): Parameter "byteena_reg_b" = "CLOCK1"
    Info (12134): Parameter "clock_enable_core_a" = "USE_INPUT_CLKEN"
    Info (12134): Parameter "clock_enable_core_b" = "USE_INPUT_CLKEN"
    Info (12134): Parameter "clock_enable_input_a" = "BYPASS"
    Info (12134): Parameter "clock_enable_input_b" = "NORMAL"
    Info (12134): Parameter "clock_enable_output_a" = "BYPASS"
    Info (12134): Parameter "clock_enable_output_b" = "NORMAL"
    Info (12134): Parameter "intended_device_family" = "Cyclone V"
    Info (12134): Parameter "ecc_pipeline_stage_enabled" = "FALSE"
    Info (12134): Parameter "enable_ecc" = "FALSE"
    Info (12134): Parameter "implement_in_les" = "OFF"
    Info (12134): Parameter "indata_aclr_a" = "UNUSED"
    Info (12134): Parameter "indata_aclr_b" = "NONE"
    Info (12134): Parameter "indata_reg_b" = "CLOCK1"
    Info (12134): Parameter "init_file" = "mejia_inst_mem_Nov28.mif"
    Info (12134): Parameter "init_file_layout" = "PORT_A"
    Info (12134): Parameter "maximum_depth" = "0"
    Info (12134): Parameter "numwords_a" = "32"
    Info (12134): Parameter "numwords_b" = "0"
    Info (12134): Parameter "operation_mode" = "SINGLE_PORT"
    Info (12134): Parameter "outdata_aclr_a" = "NONE"
    Info (12134): Parameter "outdata_aclr_b" = "NONE"
    Info (12134): Parameter "outdata_reg_a" = "CLOCK0"
    Info (12134): Parameter "outdata_reg_b" = "UNREGISTERED"
    Info (12134): Parameter "power_up_uninitialized" = "FALSE"
    Info (12134): Parameter "ram_block_type" = "AUTO"
    Info (12134): Parameter "rdcontrol_aclr_b" = "NONE"
    Info (12134): Parameter "rdcontrol_reg_b" = "CLOCK1"
    Info (12134): Parameter "read_during_write_mode_mixed_ports" = "DONT_CARE"
    Info (12134): Parameter "read_during_write_mode_port_a" = "NEW_DATA_NO_NBE_READ"
    Info (12134): Parameter "read_during_write_mode_port_b" = "NEW_DATA_NO_NBE_READ"
    Info (12134): Parameter "stratixiv_m144k_allow_dual_clocks" = "ON"
    Info (12134): Parameter "width_a" = "32"
    Info (12134): Parameter "width_b" = "1"
    Info (12134): Parameter "width_byteena_a" = "1"
    Info (12134): Parameter "width_byteena_b" = "1"
    Info (12134): Parameter "width_eccstatus" = "3"
    Info (12134): Parameter "widthad_a" = "5"
    Info (12134): Parameter "widthad_b" = "1"
    Info (12134): Parameter "wrcontrol_aclr_a" = "UNUSED"
    Info (12134): Parameter "wrcontrol_aclr_b" = "NONE"
    Info (12134): Parameter "wrcontrol_wraddress_reg_b" = "CLOCK1"
    Info (12134): Parameter "lpm_hint" = "ENABLE_RUNTIME_MOD=NO"
    Info (12134): Parameter "lpm_type" = "altsyncram"
Info (12021): Found 1 design units, including 1 entities, in source file db/altsyncram_8r24.tdf
    Info (12023): Found entity 1: altsyncram_8r24 File: D:/Documents/Quartus Projects/Assignment 7/db/altsyncram_8r24.tdf Line: 28
Info (12128): Elaborating entity "altsyncram_8r24" for hierarchy "mejia_inst_mem_Nov28:Instr|altsyncram:altsyncram_component|altsyncram_8r24:auto_generated" File: d:/programs/intelfpga_lite/16.1/quartus/libraries/megafunctions/altsyncram.tdf Line: 792
Info (12128): Elaborating entity "mejia_reg_file_Nov28" for hierarchy "mejia_reg_file_Nov28:Reg_file" File: D:/Documents/Quartus Projects/Assignment 7/mejia_sw_Nov28.vhd Line: 102
Info (12128): Elaborating entity "altsyncram" for hierarchy "mejia_reg_file_Nov28:Reg_file|altsyncram:altsyncram_component" File: D:/Documents/Quartus Projects/Assignment 7/mejia_reg_file_Nov28.vhd Line: 68
Info (12130): Elaborated megafunction instantiation "mejia_reg_file_Nov28:Reg_file|altsyncram:altsyncram_component" File: D:/Documents/Quartus Projects/Assignment 7/mejia_reg_file_Nov28.vhd Line: 68
Info (12133): Instantiated megafunction "mejia_reg_file_Nov28:Reg_file|altsyncram:altsyncram_component" with the following parameter: File: D:/Documents/Quartus Projects/Assignment 7/mejia_reg_file_Nov28.vhd Line: 68
    Info (12134): Parameter "address_aclr_a" = "UNUSED"
    Info (12134): Parameter "address_aclr_b" = "NONE"
    Info (12134): Parameter "address_reg_b" = "CLOCK0"
    Info (12134): Parameter "byte_size" = "8"
    Info (12134): Parameter "byteena_aclr_a" = "UNUSED"
    Info (12134): Parameter "byteena_aclr_b" = "NONE"
    Info (12134): Parameter "byteena_reg_b" = "CLOCK1"
    Info (12134): Parameter "clock_enable_core_a" = "USE_INPUT_CLKEN"
    Info (12134): Parameter "clock_enable_core_b" = "USE_INPUT_CLKEN"
    Info (12134): Parameter "clock_enable_input_a" = "BYPASS"
    Info (12134): Parameter "clock_enable_input_b" = "BYPASS"
    Info (12134): Parameter "clock_enable_output_a" = "BYPASS"
    Info (12134): Parameter "clock_enable_output_b" = "BYPASS"
    Info (12134): Parameter "intended_device_family" = "Cyclone V"
    Info (12134): Parameter "ecc_pipeline_stage_enabled" = "FALSE"
    Info (12134): Parameter "enable_ecc" = "FALSE"
    Info (12134): Parameter "implement_in_les" = "OFF"
    Info (12134): Parameter "indata_aclr_a" = "UNUSED"
    Info (12134): Parameter "indata_aclr_b" = "NONE"
    Info (12134): Parameter "indata_reg_b" = "CLOCK0"
    Info (12134): Parameter "init_file" = "mejia_reg_file_Nov28.mif"
    Info (12134): Parameter "init_file_layout" = "PORT_A"
    Info (12134): Parameter "maximum_depth" = "0"
    Info (12134): Parameter "numwords_a" = "32"
    Info (12134): Parameter "numwords_b" = "32"
    Info (12134): Parameter "operation_mode" = "BIDIR_DUAL_PORT"
    Info (12134): Parameter "outdata_aclr_a" = "NONE"
    Info (12134): Parameter "outdata_aclr_b" = "NONE"
    Info (12134): Parameter "outdata_reg_a" = "CLOCK0"
    Info (12134): Parameter "outdata_reg_b" = "CLOCK0"
    Info (12134): Parameter "power_up_uninitialized" = "FALSE"
    Info (12134): Parameter "ram_block_type" = "AUTO"
    Info (12134): Parameter "rdcontrol_aclr_b" = "NONE"
    Info (12134): Parameter "rdcontrol_reg_b" = "CLOCK1"
    Info (12134): Parameter "read_during_write_mode_mixed_ports" = "DONT_CARE"
    Info (12134): Parameter "read_during_write_mode_port_a" = "NEW_DATA_NO_NBE_READ"
    Info (12134): Parameter "read_during_write_mode_port_b" = "NEW_DATA_NO_NBE_READ"
    Info (12134): Parameter "stratixiv_m144k_allow_dual_clocks" = "ON"
    Info (12134): Parameter "width_a" = "32"
    Info (12134): Parameter "width_b" = "32"
    Info (12134): Parameter "width_byteena_a" = "1"
    Info (12134): Parameter "width_byteena_b" = "1"
    Info (12134): Parameter "width_eccstatus" = "3"
    Info (12134): Parameter "widthad_a" = "5"
    Info (12134): Parameter "widthad_b" = "5"
    Info (12134): Parameter "wrcontrol_aclr_a" = "UNUSED"
    Info (12134): Parameter "wrcontrol_aclr_b" = "NONE"
    Info (12134): Parameter "wrcontrol_wraddress_reg_b" = "CLOCK0"
    Info (12134): Parameter "lpm_hint" = "UNUSED"
    Info (12134): Parameter "lpm_type" = "altsyncram"
Info (12021): Found 1 design units, including 1 entities, in source file db/altsyncram_7u24.tdf
    Info (12023): Found entity 1: altsyncram_7u24 File: D:/Documents/Quartus Projects/Assignment 7/db/altsyncram_7u24.tdf Line: 28
Info (12128): Elaborating entity "altsyncram_7u24" for hierarchy "mejia_reg_file_Nov28:Reg_file|altsyncram:altsyncram_component|altsyncram_7u24:auto_generated" File: d:/programs/intelfpga_lite/16.1/quartus/libraries/megafunctions/altsyncram.tdf Line: 792
Info (12128): Elaborating entity "mejia_register16_Nov28" for hierarchy "mejia_register16_Nov28:IM_16" File: D:/Documents/Quartus Projects/Assignment 7/mejia_sw_Nov28.vhd Line: 109
Info (12128): Elaborating entity "mejia_extend_Nov28" for hierarchy "mejia_extend_Nov28:IMMex_16" File: D:/Documents/Quartus Projects/Assignment 7/mejia_sw_Nov28.vhd Line: 113
Info (12128): Elaborating entity "mejia_mux_Nov28" for hierarchy "mejia_mux_Nov28:mux_1" File: D:/Documents/Quartus Projects/Assignment 7/mejia_sw_Nov28.vhd Line: 117
Info (12128): Elaborating entity "mejia_megaddsub_Nov28" for hierarchy "mejia_megaddsub_Nov28:nbit_addsub" File: D:/Documents/Quartus Projects/Assignment 7/mejia_sw_Nov28.vhd Line: 121
Info (12128): Elaborating entity "lpm_add_sub" for hierarchy "mejia_megaddsub_Nov28:nbit_addsub|lpm_add_sub:LPM_ADD_SUB_component" File: D:/Documents/Quartus Projects/Assignment 7/mejia_megaddsub_Nov28.vhd Line: 83
Info (12130): Elaborated megafunction instantiation "mejia_megaddsub_Nov28:nbit_addsub|lpm_add_sub:LPM_ADD_SUB_component" File: D:/Documents/Quartus Projects/Assignment 7/mejia_megaddsub_Nov28.vhd Line: 83
Info (12133): Instantiated megafunction "mejia_megaddsub_Nov28:nbit_addsub|lpm_add_sub:LPM_ADD_SUB_component" with the following parameter: File: D:/Documents/Quartus Projects/Assignment 7/mejia_megaddsub_Nov28.vhd Line: 83
    Info (12134): Parameter "lpm_direction" = "UNUSED"
    Info (12134): Parameter "lpm_hint" = "ONE_INPUT_IS_CONSTANT=NO,CIN_USED=NO"
    Info (12134): Parameter "lpm_representation" = "SIGNED"
    Info (12134): Parameter "lpm_type" = "LPM_ADD_SUB"
    Info (12134): Parameter "lpm_width" = "32"
Info (12021): Found 1 design units, including 1 entities, in source file db/add_sub_d6h.tdf
    Info (12023): Found entity 1: add_sub_d6h File: D:/Documents/Quartus Projects/Assignment 7/db/add_sub_d6h.tdf Line: 26
Info (12128): Elaborating entity "add_sub_d6h" for hierarchy "mejia_megaddsub_Nov28:nbit_addsub|lpm_add_sub:LPM_ADD_SUB_component|add_sub_d6h:auto_generated" File: d:/programs/intelfpga_lite/16.1/quartus/libraries/megafunctions/lpm_add_sub.tdf Line: 119
Info (12128): Elaborating entity "mejia_data_mem_Nov28" for hierarchy "mejia_data_mem_Nov28:data_mem" File: D:/Documents/Quartus Projects/Assignment 7/mejia_sw_Nov28.vhd Line: 128
Info (12128): Elaborating entity "altsyncram" for hierarchy "mejia_data_mem_Nov28:data_mem|altsyncram:altsyncram_component" File: D:/Documents/Quartus Projects/Assignment 7/mejia_data_mem_Nov28.vhd Line: 62
Info (12130): Elaborated megafunction instantiation "mejia_data_mem_Nov28:data_mem|altsyncram:altsyncram_component" File: D:/Documents/Quartus Projects/Assignment 7/mejia_data_mem_Nov28.vhd Line: 62
Info (12133): Instantiated megafunction "mejia_data_mem_Nov28:data_mem|altsyncram:altsyncram_component" with the following parameter: File: D:/Documents/Quartus Projects/Assignment 7/mejia_data_mem_Nov28.vhd Line: 62
    Info (12134): Parameter "address_aclr_a" = "UNUSED"
    Info (12134): Parameter "address_aclr_b" = "NONE"
    Info (12134): Parameter "address_reg_b" = "CLOCK1"
    Info (12134): Parameter "byte_size" = "8"
    Info (12134): Parameter "byteena_aclr_a" = "UNUSED"
    Info (12134): Parameter "byteena_aclr_b" = "NONE"
    Info (12134): Parameter "byteena_reg_b" = "CLOCK1"
    Info (12134): Parameter "clock_enable_core_a" = "USE_INPUT_CLKEN"
    Info (12134): Parameter "clock_enable_core_b" = "USE_INPUT_CLKEN"
    Info (12134): Parameter "clock_enable_input_a" = "BYPASS"
    Info (12134): Parameter "clock_enable_input_b" = "NORMAL"
    Info (12134): Parameter "clock_enable_output_a" = "BYPASS"
    Info (12134): Parameter "clock_enable_output_b" = "NORMAL"
    Info (12134): Parameter "intended_device_family" = "Cyclone V"
    Info (12134): Parameter "ecc_pipeline_stage_enabled" = "FALSE"
    Info (12134): Parameter "enable_ecc" = "FALSE"
    Info (12134): Parameter "implement_in_les" = "OFF"
    Info (12134): Parameter "indata_aclr_a" = "UNUSED"
    Info (12134): Parameter "indata_aclr_b" = "NONE"
    Info (12134): Parameter "indata_reg_b" = "CLOCK1"
    Info (12134): Parameter "init_file" = "mejia_data_mem_Nov28.mif"
    Info (12134): Parameter "init_file_layout" = "PORT_A"
    Info (12134): Parameter "maximum_depth" = "0"
    Info (12134): Parameter "numwords_a" = "65536"
    Info (12134): Parameter "numwords_b" = "0"
    Info (12134): Parameter "operation_mode" = "SINGLE_PORT"
    Info (12134): Parameter "outdata_aclr_a" = "NONE"
    Info (12134): Parameter "outdata_aclr_b" = "NONE"
    Info (12134): Parameter "outdata_reg_a" = "CLOCK0"
    Info (12134): Parameter "outdata_reg_b" = "UNREGISTERED"
    Info (12134): Parameter "power_up_uninitialized" = "FALSE"
    Info (12134): Parameter "ram_block_type" = "AUTO"
    Info (12134): Parameter "rdcontrol_aclr_b" = "NONE"
    Info (12134): Parameter "rdcontrol_reg_b" = "CLOCK1"
    Info (12134): Parameter "read_during_write_mode_mixed_ports" = "DONT_CARE"
    Info (12134): Parameter "read_during_write_mode_port_a" = "NEW_DATA_NO_NBE_READ"
    Info (12134): Parameter "read_during_write_mode_port_b" = "NEW_DATA_NO_NBE_READ"
    Info (12134): Parameter "stratixiv_m144k_allow_dual_clocks" = "ON"
    Info (12134): Parameter "width_a" = "32"
    Info (12134): Parameter "width_b" = "1"
    Info (12134): Parameter "width_byteena_a" = "1"
    Info (12134): Parameter "width_byteena_b" = "1"
    Info (12134): Parameter "width_eccstatus" = "3"
    Info (12134): Parameter "widthad_a" = "16"
    Info (12134): Parameter "widthad_b" = "1"
    Info (12134): Parameter "wrcontrol_aclr_a" = "UNUSED"
    Info (12134): Parameter "wrcontrol_aclr_b" = "NONE"
    Info (12134): Parameter "wrcontrol_wraddress_reg_b" = "CLOCK1"
    Info (12134): Parameter "lpm_hint" = "ENABLE_RUNTIME_MOD=NO"
    Info (12134): Parameter "lpm_type" = "altsyncram"
Info (12021): Found 1 design units, including 1 entities, in source file db/altsyncram_q034.tdf
    Info (12023): Found entity 1: altsyncram_q034 File: D:/Documents/Quartus Projects/Assignment 7/db/altsyncram_q034.tdf Line: 34
Info (12128): Elaborating entity "altsyncram_q034" for hierarchy "mejia_data_mem_Nov28:data_mem|altsyncram:altsyncram_component|altsyncram_q034:auto_generated" File: d:/programs/intelfpga_lite/16.1/quartus/libraries/megafunctions/altsyncram.tdf Line: 792
Info (12021): Found 1 design units, including 1 entities, in source file db/decode_dla.tdf
    Info (12023): Found entity 1: decode_dla File: D:/Documents/Quartus Projects/Assignment 7/db/decode_dla.tdf Line: 23
Info (12128): Elaborating entity "decode_dla" for hierarchy "mejia_data_mem_Nov28:data_mem|altsyncram:altsyncram_component|altsyncram_q034:auto_generated|decode_dla:decode3" File: D:/Documents/Quartus Projects/Assignment 7/db/altsyncram_q034.tdf Line: 45
Info (12021): Found 1 design units, including 1 entities, in source file db/decode_61a.tdf
    Info (12023): Found entity 1: decode_61a File: D:/Documents/Quartus Projects/Assignment 7/db/decode_61a.tdf Line: 23
Info (12128): Elaborating entity "decode_61a" for hierarchy "mejia_data_mem_Nov28:data_mem|altsyncram:altsyncram_component|altsyncram_q034:auto_generated|decode_61a:rden_decode" File: D:/Documents/Quartus Projects/Assignment 7/db/altsyncram_q034.tdf Line: 46
Info (12021): Found 1 design units, including 1 entities, in source file db/mux_ahb.tdf
    Info (12023): Found entity 1: mux_ahb File: D:/Documents/Quartus Projects/Assignment 7/db/mux_ahb.tdf Line: 23
Info (12128): Elaborating entity "mux_ahb" for hierarchy "mejia_data_mem_Nov28:data_mem|altsyncram:altsyncram_component|altsyncram_q034:auto_generated|mux_ahb:mux2" File: D:/Documents/Quartus Projects/Assignment 7/db/altsyncram_q034.tdf Line: 47
Info (286030): Timing-Driven Synthesis is running
Info (16010): Generating hard_block partition "hard_block:auto_generated_inst"
    Info (16011): Adding 0 node(s), including 0 DDIO, 0 PLL, 0 transceiver and 0 LCELL
Info (21057): Implemented 861 device resources after synthesis - the final resource count might be different
    Info (21058): Implemented 37 input pins
    Info (21059): Implemented 227 output pins
    Info (21061): Implemented 277 logic cells
    Info (21064): Implemented 320 RAM segments
Info: Quartus Prime Analysis & Synthesis was successful. 0 errors, 6 warnings
    Info: Peak virtual memory: 4898 megabytes
    Info: Processing ended: Wed Dec 02 02:01:05 2020
    Info: Elapsed time: 00:00:11
    Info: Total CPU time (on all processors): 00:00:24


