Flow report for mejia_reg_file_Nov7
Sun Nov 29 18:04:06 2020
Quartus Prime Version 16.1.0 Build 196 10/24/2016 SJ Lite Edition


---------------------
; Table of Contents ;
---------------------
  1. Legal Notice
  2. Flow Summary
  3. Flow Settings
  4. Flow Non-Default Global Settings
  5. Flow Elapsed Time
  6. Flow OS Summary
  7. Flow Log
  8. Flow Messages
  9. Flow Suppressed Messages



----------------
; Legal Notice ;
----------------
Copyright (C) 2016  Intel Corporation. All rights reserved.
Your use of Intel Corporation's design tools, logic functions 
and other software and tools, and its AMPP partner logic 
functions, and any output files from any of the foregoing 
(including device programming or simulation files), and any 
associated documentation or information are expressly subject 
to the terms and conditions of the Intel Program License 
Subscription Agreement, the Intel Quartus Prime License Agreement,
the Intel MegaCore Function License Agreement, or other 
applicable license agreement, including, without limitation, 
that your use is for the sole purpose of programming logic 
devices manufactured by Intel and sold by Intel or its 
authorized distributors.  Please refer to the applicable 
agreement for further details.



+-------------------------------------------------------------------------------+
; Flow Summary                                                                  ;
+---------------------------------+---------------------------------------------+
; Flow Status                     ; Successful - Sun Nov 29 18:04:06 2020       ;
; Quartus Prime Version           ; 16.1.0 Build 196 10/24/2016 SJ Lite Edition ;
; Revision Name                   ; mejia_reg_file_Nov7                         ;
; Top-level Entity Name           ; mejia_reg_file_Nov7                         ;
; Family                          ; Cyclone V                                   ;
; Device                          ; 5CGXFC7C7F23C8                              ;
; Timing Models                   ; Final                                       ;
; Logic utilization (in ALMs)     ; 1 / 56,480 ( < 1 % )                        ;
; Total registers                 ; 0                                           ;
; Total pins                      ; 141 / 268 ( 53 % )                          ;
; Total virtual pins              ; 0                                           ;
; Total block memory bits         ; 1,024 / 7,024,640 ( < 1 % )                 ;
; Total DSP Blocks                ; 0 / 156 ( 0 % )                             ;
; Total HSSI RX PCSs              ; 0 / 6 ( 0 % )                               ;
; Total HSSI PMA RX Deserializers ; 0 / 6 ( 0 % )                               ;
; Total HSSI TX PCSs              ; 0 / 6 ( 0 % )                               ;
; Total HSSI PMA TX Serializers   ; 0 / 6 ( 0 % )                               ;
; Total PLLs                      ; 0 / 13 ( 0 % )                              ;
; Total DLLs                      ; 0 / 4 ( 0 % )                               ;
+---------------------------------+---------------------------------------------+


+-----------------------------------------+
; Flow Settings                           ;
+-------------------+---------------------+
; Option            ; Setting             ;
+-------------------+---------------------+
; Start date & time ; 11/07/2020 21:52:39 ;
; Main task         ; Compilation         ;
; Revision Name     ; mejia_reg_file_Nov7 ;
+-------------------+---------------------+


+-------------------------------------------------------------------------------------------------------------------------+
; Flow Non-Default Global Settings                                                                                        ;
+-------------------------------------+----------------------------------------+---------------+-------------+------------+
; Assignment Name                     ; Value                                  ; Default Value ; Entity Name ; Section Id ;
+-------------------------------------+----------------------------------------+---------------+-------------+------------+
; COMPILER_SIGNATURE_ID               ; 167300353181698.160480395914580        ; --            ; --          ; --         ;
; MAX_CORE_JUNCTION_TEMP              ; 85                                     ; --            ; --          ; --         ;
; MIN_CORE_JUNCTION_TEMP              ; 0                                      ; --            ; --          ; --         ;
; MISC_FILE                           ; mejia_reg_file_Nov7.cmp                ; --            ; --          ; --         ;
; PARTITION_COLOR                     ; -- (Not supported for targeted family) ; --            ; --          ; Top        ;
; PARTITION_FITTER_PRESERVATION_LEVEL ; -- (Not supported for targeted family) ; --            ; --          ; Top        ;
; PARTITION_NETLIST_TYPE              ; -- (Not supported for targeted family) ; --            ; --          ; Top        ;
; PROJECT_OUTPUT_DIRECTORY            ; output_files                           ; --            ; --          ; --         ;
+-------------------------------------+----------------------------------------+---------------+-------------+------------+


+-------------------------------------------------------------------------------------------------------------------------------+
; Flow Elapsed Time                                                                                                             ;
+---------------------------+--------------+-------------------------+---------------------+------------------------------------+
; Module Name               ; Elapsed Time ; Average Processors Used ; Peak Virtual Memory ; Total CPU Time (on all processors) ;
+---------------------------+--------------+-------------------------+---------------------+------------------------------------+
; Analysis & Synthesis      ; 00:00:10     ; 1.0                     ; 4868 MB             ; 00:00:22                           ;
; Fitter                    ; 00:00:34     ; 1.0                     ; 6733 MB             ; 00:01:07                           ;
; Assembler                 ; 00:00:07     ; 1.0                     ; 4822 MB             ; 00:00:07                           ;
; TimeQuest Timing Analyzer ; 00:00:07     ; 1.1                     ; 5192 MB             ; 00:00:07                           ;
; EDA Netlist Writer        ; 00:00:02     ; 1.0                     ; 4708 MB             ; 00:00:02                           ;
; EDA Netlist Writer        ; 00:00:02     ; 1.0                     ; 4717 MB             ; 00:00:02                           ;
; EDA Netlist Writer        ; 00:00:02     ; 1.0                     ; 4708 MB             ; 00:00:02                           ;
; EDA Netlist Writer        ; 00:00:02     ; 1.0                     ; 4717 MB             ; 00:00:02                           ;
; EDA Netlist Writer        ; 00:00:01     ; 1.0                     ; 4708 MB             ; 00:00:01                           ;
; EDA Netlist Writer        ; 00:00:01     ; 1.0                     ; 4717 MB             ; 00:00:01                           ;
; EDA Netlist Writer        ; 00:00:01     ; 1.0                     ; 4708 MB             ; 00:00:01                           ;
; EDA Netlist Writer        ; 00:00:01     ; 1.0                     ; 4717 MB             ; 00:00:01                           ;
; EDA Netlist Writer        ; 00:00:01     ; 1.0                     ; 4708 MB             ; 00:00:01                           ;
; EDA Netlist Writer        ; 00:00:01     ; 1.0                     ; 4717 MB             ; 00:00:01                           ;
; EDA Netlist Writer        ; 00:00:01     ; 1.0                     ; 4708 MB             ; 00:00:01                           ;
; EDA Netlist Writer        ; 00:00:01     ; 1.0                     ; 4717 MB             ; 00:00:01                           ;
; EDA Netlist Writer        ; 00:00:01     ; 1.0                     ; 4708 MB             ; 00:00:01                           ;
; EDA Netlist Writer        ; 00:00:01     ; 1.0                     ; 4717 MB             ; 00:00:01                           ;
; EDA Netlist Writer        ; 00:00:01     ; 1.0                     ; 4708 MB             ; 00:00:01                           ;
; EDA Netlist Writer        ; 00:00:01     ; 1.0                     ; 4717 MB             ; 00:00:01                           ;
; EDA Netlist Writer        ; 00:00:00     ; 1.0                     ; 4708 MB             ; 00:00:01                           ;
; EDA Netlist Writer        ; 00:00:01     ; 1.0                     ; 4717 MB             ; 00:00:01                           ;
; EDA Netlist Writer        ; 00:00:01     ; 1.0                     ; 4708 MB             ; 00:00:01                           ;
; EDA Netlist Writer        ; 00:00:01     ; 1.0                     ; 4717 MB             ; 00:00:01                           ;
; Total                     ; 00:01:21     ; --                      ; --                  ; 00:02:07                           ;
+---------------------------+--------------+-------------------------+---------------------+------------------------------------+


+-----------------------------------------------------------------------------------------+
; Flow OS Summary                                                                         ;
+---------------------------+------------------+------------+------------+----------------+
; Module Name               ; Machine Hostname ; OS Name    ; OS Version ; Processor type ;
+---------------------------+------------------+------------+------------+----------------+
; Analysis & Synthesis      ; LAPTOP-ETMHHN72  ; Windows 10 ; 10.0       ; x86_64         ;
; Fitter                    ; LAPTOP-ETMHHN72  ; Windows 10 ; 10.0       ; x86_64         ;
; Assembler                 ; LAPTOP-ETMHHN72  ; Windows 10 ; 10.0       ; x86_64         ;
; TimeQuest Timing Analyzer ; LAPTOP-ETMHHN72  ; Windows 10 ; 10.0       ; x86_64         ;
; EDA Netlist Writer        ; LAPTOP-ETMHHN72  ; Windows 10 ; 10.0       ; x86_64         ;
; EDA Netlist Writer        ; LAPTOP-ETMHHN72  ; Windows 10 ; 10.0       ; x86_64         ;
; EDA Netlist Writer        ; LAPTOP-ETMHHN72  ; Windows 10 ; 10.0       ; x86_64         ;
; EDA Netlist Writer        ; LAPTOP-ETMHHN72  ; Windows 10 ; 10.0       ; x86_64         ;
; EDA Netlist Writer        ; LAPTOP-ETMHHN72  ; Windows 10 ; 10.0       ; x86_64         ;
; EDA Netlist Writer        ; LAPTOP-ETMHHN72  ; Windows 10 ; 10.0       ; x86_64         ;
; EDA Netlist Writer        ; LAPTOP-ETMHHN72  ; Windows 10 ; 10.0       ; x86_64         ;
; EDA Netlist Writer        ; LAPTOP-ETMHHN72  ; Windows 10 ; 10.0       ; x86_64         ;
; EDA Netlist Writer        ; LAPTOP-ETMHHN72  ; Windows 10 ; 10.0       ; x86_64         ;
; EDA Netlist Writer        ; LAPTOP-ETMHHN72  ; Windows 10 ; 10.0       ; x86_64         ;
; EDA Netlist Writer        ; LAPTOP-ETMHHN72  ; Windows 10 ; 10.0       ; x86_64         ;
; EDA Netlist Writer        ; LAPTOP-ETMHHN72  ; Windows 10 ; 10.0       ; x86_64         ;
; EDA Netlist Writer        ; LAPTOP-ETMHHN72  ; Windows 10 ; 10.0       ; x86_64         ;
; EDA Netlist Writer        ; LAPTOP-ETMHHN72  ; Windows 10 ; 10.0       ; x86_64         ;
; EDA Netlist Writer        ; LAPTOP-ETMHHN72  ; Windows 10 ; 10.0       ; x86_64         ;
; EDA Netlist Writer        ; LAPTOP-ETMHHN72  ; Windows 10 ; 10.0       ; x86_64         ;
; EDA Netlist Writer        ; LAPTOP-ETMHHN72  ; Windows 10 ; 10.0       ; x86_64         ;
; EDA Netlist Writer        ; LAPTOP-ETMHHN72  ; Windows 10 ; 10.0       ; x86_64         ;
; EDA Netlist Writer        ; LAPTOP-ETMHHN72  ; Windows 10 ; 10.0       ; x86_64         ;
; EDA Netlist Writer        ; LAPTOP-ETMHHN72  ; Windows 10 ; 10.0       ; x86_64         ;
+---------------------------+------------------+------------+------------+----------------+


------------
; Flow Log ;
------------
quartus_map --read_settings_files=on --write_settings_files=off mejia_reg_file_Nov7 -c mejia_reg_file_Nov7
quartus_fit --read_settings_files=off --write_settings_files=off mejia_reg_file_Nov7 -c mejia_reg_file_Nov7
quartus_asm --read_settings_files=off --write_settings_files=off mejia_reg_file_Nov7 -c mejia_reg_file_Nov7
quartus_sta mejia_reg_file_Nov7 -c mejia_reg_file_Nov7
quartus_eda --gen_testbench --tool=modelsim_oem --format=vhdl --write_settings_files=off mejia_reg_file_Nov7 -c mejia_reg_file_Nov7 --vector_source="D:/Documents/Quartus Projects/Midterm Lab/Assignment1/Register_File/Waveform.vwf" --testbench_file="D:/Documents/Quartus Projects/Midterm Lab/Assignment1/Register_File/simulation/qsim/Waveform.vwf.vht"
quartus_eda --write_settings_files=off --simulation=on --functional=on --flatten_buses=off --tool=modelsim_oem --format=vhdl --output_directory="D:/Documents/Quartus Projects/Midterm Lab/Assignment1/Register_File/simulation/qsim/" mejia_reg_file_Nov7 -c mejia_reg_file_Nov7
quartus_eda --gen_testbench --tool=modelsim_oem --format=vhdl --write_settings_files=off mejia_reg_file_Nov7 -c mejia_reg_file_Nov7 --vector_source="D:/Documents/Quartus Projects/Midterm Lab/Assignment1/Register_File/Waveform.vwf" --testbench_file="D:/Documents/Quartus Projects/Midterm Lab/Assignment1/Register_File/simulation/qsim/Waveform.vwf.vht"
quartus_eda --write_settings_files=off --simulation=on --functional=on --flatten_buses=off --tool=modelsim_oem --format=vhdl --output_directory="D:/Documents/Quartus Projects/Midterm Lab/Assignment1/Register_File/simulation/qsim/" mejia_reg_file_Nov7 -c mejia_reg_file_Nov7
quartus_eda --gen_testbench --tool=modelsim_oem --format=vhdl --write_settings_files=off mejia_reg_file_Nov7 -c mejia_reg_file_Nov7 --vector_source="D:/Documents/Quartus Projects/Midterm Lab/Assignment1/Register_File/Waveform.vwf" --testbench_file="D:/Documents/Quartus Projects/Midterm Lab/Assignment1/Register_File/simulation/qsim/Waveform.vwf.vht"
quartus_eda --write_settings_files=off --simulation=on --functional=on --flatten_buses=off --tool=modelsim_oem --format=vhdl --output_directory="D:/Documents/Quartus Projects/Midterm Lab/Assignment1/Register_File/simulation/qsim/" mejia_reg_file_Nov7 -c mejia_reg_file_Nov7
quartus_eda --gen_testbench --tool=modelsim_oem --format=vhdl --write_settings_files=off mejia_reg_file_Nov7 -c mejia_reg_file_Nov7 --vector_source="D:/Documents/Quartus Projects/Midterm Lab/Assignment1/Register_File/Waveform.vwf" --testbench_file="D:/Documents/Quartus Projects/Midterm Lab/Assignment1/Register_File/simulation/qsim/Waveform.vwf.vht"
quartus_eda --write_settings_files=off --simulation=on --functional=on --flatten_buses=off --tool=modelsim_oem --format=vhdl --output_directory="D:/Documents/Quartus Projects/Midterm Lab/Assignment1/Register_File/simulation/qsim/" mejia_reg_file_Nov7 -c mejia_reg_file_Nov7
quartus_eda --gen_testbench --tool=modelsim_oem --format=vhdl --write_settings_files=off mejia_reg_file_Nov7 -c mejia_reg_file_Nov7 --vector_source="D:/Documents/Quartus Projects/Midterm Lab/Assignment1/Register_File/Waveform.vwf" --testbench_file="D:/Documents/Quartus Projects/Midterm Lab/Assignment1/Register_File/simulation/qsim/Waveform.vwf.vht"
quartus_eda --write_settings_files=off --simulation=on --functional=on --flatten_buses=off --tool=modelsim_oem --format=vhdl --output_directory="D:/Documents/Quartus Projects/Midterm Lab/Assignment1/Register_File/simulation/qsim/" mejia_reg_file_Nov7 -c mejia_reg_file_Nov7
quartus_eda --gen_testbench --tool=modelsim_oem --format=vhdl --write_settings_files=off mejia_reg_file_Nov7 -c mejia_reg_file_Nov7 --vector_source="D:/Documents/Quartus Projects/Midterm Lab/Assignment1/Register_File/Waveform.vwf" --testbench_file="D:/Documents/Quartus Projects/Midterm Lab/Assignment1/Register_File/simulation/qsim/Waveform.vwf.vht"
quartus_eda --write_settings_files=off --simulation=on --functional=on --flatten_buses=off --tool=modelsim_oem --format=vhdl --output_directory="D:/Documents/Quartus Projects/Midterm Lab/Assignment1/Register_File/simulation/qsim/" mejia_reg_file_Nov7 -c mejia_reg_file_Nov7
quartus_eda --gen_testbench --tool=modelsim_oem --format=vhdl --write_settings_files=off mejia_reg_file_Nov7 -c mejia_reg_file_Nov7 --vector_source="D:/Documents/Quartus Projects/Midterm Lab/Assignment1/Register_File/Waveform.vwf" --testbench_file="D:/Documents/Quartus Projects/Midterm Lab/Assignment1/Register_File/simulation/qsim/Waveform.vwf.vht"
quartus_eda --write_settings_files=off --simulation=on --functional=on --flatten_buses=off --tool=modelsim_oem --format=vhdl --output_directory="D:/Documents/Quartus Projects/Midterm Lab/Assignment1/Register_File/simulation/qsim/" mejia_reg_file_Nov7 -c mejia_reg_file_Nov7
quartus_eda --gen_testbench --tool=modelsim_oem --format=vhdl --write_settings_files=off mejia_reg_file_Nov7 -c mejia_reg_file_Nov7 --vector_source="D:/Documents/Quartus Projects/Midterm Lab/Assignment1/Register_File/Waveform.vwf" --testbench_file="D:/Documents/Quartus Projects/Midterm Lab/Assignment1/Register_File/simulation/qsim/Waveform.vwf.vht"
quartus_eda --write_settings_files=off --simulation=on --functional=on --flatten_buses=off --tool=modelsim_oem --format=vhdl --output_directory="D:/Documents/Quartus Projects/Midterm Lab/Assignment1/Register_File/simulation/qsim/" mejia_reg_file_Nov7 -c mejia_reg_file_Nov7
quartus_eda --gen_testbench --tool=modelsim_oem --format=vhdl --write_settings_files=off mejia_reg_file_Nov7 -c mejia_reg_file_Nov7 --vector_source="D:/Documents/Quartus Projects/Midterm Lab/Assignment1/Register_File/Waveform.vwf" --testbench_file="D:/Documents/Quartus Projects/Midterm Lab/Assignment1/Register_File/simulation/qsim/Waveform.vwf.vht"
quartus_eda --write_settings_files=off --simulation=on --functional=on --flatten_buses=off --tool=modelsim_oem --format=vhdl --output_directory="D:/Documents/Quartus Projects/Midterm Lab/Assignment1/Register_File/simulation/qsim/" mejia_reg_file_Nov7 -c mejia_reg_file_Nov7
quartus_sh --archive -revision mejia_reg_file_Nov7 -output "D:/Documents/Quartus Projects/Midterm Lab/Assignment1/Register_File/mejia_reg_file_Nov7.qar" mejia_reg_file_Nov7
quartus_eda --gen_testbench --tool=modelsim_oem --format=vhdl --write_settings_files=off mejia_reg_file_Nov7 -c mejia_reg_file_Nov7 --vector_source="D:/Documents/Quartus Projects/Midterm Lab/Assignment1/Register_File/Waveform.vwf" --testbench_file="D:/Documents/Quartus Projects/Midterm Lab/Assignment1/Register_File/simulation/qsim/Waveform.vwf.vht"
quartus_eda --write_settings_files=off --simulation=on --functional=on --flatten_buses=off --tool=modelsim_oem --format=vhdl --output_directory="D:/Documents/Quartus Projects/Midterm Lab/Assignment1/Register_File/simulation/qsim/" mejia_reg_file_Nov7 -c mejia_reg_file_Nov7



