Analysis & Synthesis report for mejia_BNE
Sat Oct 31 10:30:57 2020
Quartus Prime Version 16.1.0 Build 196 10/24/2016 SJ Lite Edition


---------------------
; Table of Contents ;
---------------------
  1. Legal Notice
  2. Analysis & Synthesis Summary
  3. Analysis & Synthesis Settings
  4. Parallel Compilation
  5. Analysis & Synthesis Source Files Read
  6. Analysis & Synthesis Resource Usage Summary
  7. Analysis & Synthesis Resource Utilization by Entity
  8. Analysis & Synthesis IP Cores Summary
  9. General Register Statistics
 10. Parameter Settings for User Entity Instance: mejia_comparator:COMP_NOT_EQAUL|lpm_compare:LPM_COMPARE_component
 11. Port Connectivity Checks: "mejia_add:ADDER2"
 12. Port Connectivity Checks: "mejia_add:ADDER1"
 13. Port Connectivity Checks: "mejia_comparator:COMP_NOT_EQAUL"
 14. Post-Synthesis Netlist Statistics for Top Partition
 15. Elapsed Time Per Partition
 16. Analysis & Synthesis Messages



----------------
; Legal Notice ;
----------------
Copyright (C) 2016  Intel Corporation. All rights reserved.
Your use of Intel Corporation's design tools, logic functions 
and other software and tools, and its AMPP partner logic 
functions, and any output files from any of the foregoing 
(including device programming or simulation files), and any 
associated documentation or information are expressly subject 
to the terms and conditions of the Intel Program License 
Subscription Agreement, the Intel Quartus Prime License Agreement,
the Intel MegaCore Function License Agreement, or other 
applicable license agreement, including, without limitation, 
that your use is for the sole purpose of programming logic 
devices manufactured by Intel and sold by Intel or its 
authorized distributors.  Please refer to the applicable 
agreement for further details.



+-------------------------------------------------------------------------------+
; Analysis & Synthesis Summary                                                  ;
+---------------------------------+---------------------------------------------+
; Analysis & Synthesis Status     ; Successful - Sat Oct 31 10:30:57 2020       ;
; Quartus Prime Version           ; 16.1.0 Build 196 10/24/2016 SJ Lite Edition ;
; Revision Name                   ; mejia_BNE                                   ;
; Top-level Entity Name           ; mejia_BNE                                   ;
; Family                          ; Cyclone V                                   ;
; Logic utilization (in ALMs)     ; N/A                                         ;
; Total registers                 ; 112                                         ;
; Total pins                      ; 115                                         ;
; Total virtual pins              ; 0                                           ;
; Total block memory bits         ; 0                                           ;
; Total DSP Blocks                ; 0                                           ;
; Total HSSI RX PCSs              ; 0                                           ;
; Total HSSI PMA RX Deserializers ; 0                                           ;
; Total HSSI TX PCSs              ; 0                                           ;
; Total HSSI PMA TX Serializers   ; 0                                           ;
; Total PLLs                      ; 0                                           ;
; Total DLLs                      ; 0                                           ;
+---------------------------------+---------------------------------------------+


+---------------------------------------------------------------------------------------------------------------------------+
; Analysis & Synthesis Settings                                                                                             ;
+---------------------------------------------------------------------------------+--------------------+--------------------+
; Option                                                                          ; Setting            ; Default Value      ;
+---------------------------------------------------------------------------------+--------------------+--------------------+
; Device                                                                          ; 5CGXFC7C7F23C8     ;                    ;
; Top-level entity name                                                           ; mejia_BNE          ; mejia_BNE          ;
; Family name                                                                     ; Cyclone V          ; Cyclone V          ;
; Use smart compilation                                                           ; Off                ; Off                ;
; Enable parallel Assembler and TimeQuest Timing Analyzer during compilation      ; On                 ; On                 ;
; Enable compact report table                                                     ; Off                ; Off                ;
; Restructure Multiplexers                                                        ; Auto               ; Auto               ;
; MLAB Add Timing Constraints For Mixed-Port Feed-Through Mode Setting Don't Care ; Off                ; Off                ;
; Create Debugging Nodes for IP Cores                                             ; Off                ; Off                ;
; Preserve fewer node names                                                       ; On                 ; On                 ;
; OpenCore Plus hardware evaluation                                               ; Enable             ; Enable             ;
; Verilog Version                                                                 ; Verilog_2001       ; Verilog_2001       ;
; VHDL Version                                                                    ; VHDL_1993          ; VHDL_1993          ;
; State Machine Processing                                                        ; Auto               ; Auto               ;
; Safe State Machine                                                              ; Off                ; Off                ;
; Extract Verilog State Machines                                                  ; On                 ; On                 ;
; Extract VHDL State Machines                                                     ; On                 ; On                 ;
; Ignore Verilog initial constructs                                               ; Off                ; Off                ;
; Iteration limit for constant Verilog loops                                      ; 5000               ; 5000               ;
; Iteration limit for non-constant Verilog loops                                  ; 250                ; 250                ;
; Add Pass-Through Logic to Inferred RAMs                                         ; On                 ; On                 ;
; Infer RAMs from Raw Logic                                                       ; On                 ; On                 ;
; Parallel Synthesis                                                              ; On                 ; On                 ;
; DSP Block Balancing                                                             ; Auto               ; Auto               ;
; NOT Gate Push-Back                                                              ; On                 ; On                 ;
; Power-Up Don't Care                                                             ; On                 ; On                 ;
; Remove Redundant Logic Cells                                                    ; Off                ; Off                ;
; Remove Duplicate Registers                                                      ; On                 ; On                 ;
; Ignore CARRY Buffers                                                            ; Off                ; Off                ;
; Ignore CASCADE Buffers                                                          ; Off                ; Off                ;
; Ignore GLOBAL Buffers                                                           ; Off                ; Off                ;
; Ignore ROW GLOBAL Buffers                                                       ; Off                ; Off                ;
; Ignore LCELL Buffers                                                            ; Off                ; Off                ;
; Ignore SOFT Buffers                                                             ; On                 ; On                 ;
; Limit AHDL Integers to 32 Bits                                                  ; Off                ; Off                ;
; Optimization Technique                                                          ; Balanced           ; Balanced           ;
; Carry Chain Length                                                              ; 70                 ; 70                 ;
; Auto Carry Chains                                                               ; On                 ; On                 ;
; Auto Open-Drain Pins                                                            ; On                 ; On                 ;
; Perform WYSIWYG Primitive Resynthesis                                           ; Off                ; Off                ;
; Auto ROM Replacement                                                            ; On                 ; On                 ;
; Auto RAM Replacement                                                            ; On                 ; On                 ;
; Auto DSP Block Replacement                                                      ; On                 ; On                 ;
; Auto Shift Register Replacement                                                 ; Auto               ; Auto               ;
; Allow Shift Register Merging across Hierarchies                                 ; Auto               ; Auto               ;
; Auto Clock Enable Replacement                                                   ; On                 ; On                 ;
; Strict RAM Replacement                                                          ; Off                ; Off                ;
; Allow Synchronous Control Signals                                               ; On                 ; On                 ;
; Force Use of Synchronous Clear Signals                                          ; Off                ; Off                ;
; Auto Resource Sharing                                                           ; Off                ; Off                ;
; Allow Any RAM Size For Recognition                                              ; Off                ; Off                ;
; Allow Any ROM Size For Recognition                                              ; Off                ; Off                ;
; Allow Any Shift Register Size For Recognition                                   ; Off                ; Off                ;
; Use LogicLock Constraints during Resource Balancing                             ; On                 ; On                 ;
; Ignore translate_off and synthesis_off directives                               ; Off                ; Off                ;
; Timing-Driven Synthesis                                                         ; On                 ; On                 ;
; Report Parameter Settings                                                       ; On                 ; On                 ;
; Report Source Assignments                                                       ; On                 ; On                 ;
; Report Connectivity Checks                                                      ; On                 ; On                 ;
; Ignore Maximum Fan-Out Assignments                                              ; Off                ; Off                ;
; Synchronization Register Chain Length                                           ; 3                  ; 3                  ;
; PowerPlay Power Optimization During Synthesis                                   ; Normal compilation ; Normal compilation ;
; HDL message level                                                               ; Level2             ; Level2             ;
; Suppress Register Optimization Related Messages                                 ; Off                ; Off                ;
; Number of Removed Registers Reported in Synthesis Report                        ; 5000               ; 5000               ;
; Number of Swept Nodes Reported in Synthesis Report                              ; 5000               ; 5000               ;
; Number of Inverted Registers Reported in Synthesis Report                       ; 100                ; 100                ;
; Clock MUX Protection                                                            ; On                 ; On                 ;
; Auto Gated Clock Conversion                                                     ; Off                ; Off                ;
; Block Design Naming                                                             ; Auto               ; Auto               ;
; SDC constraint protection                                                       ; Off                ; Off                ;
; Synthesis Effort                                                                ; Auto               ; Auto               ;
; Shift Register Replacement - Allow Asynchronous Clear Signal                    ; On                 ; On                 ;
; Pre-Mapping Resynthesis Optimization                                            ; Off                ; Off                ;
; Analysis & Synthesis Message Level                                              ; Medium             ; Medium             ;
; Disable Register Merging Across Hierarchies                                     ; Auto               ; Auto               ;
; Resource Aware Inference For Block RAM                                          ; On                 ; On                 ;
; Automatic Parallel Synthesis                                                    ; On                 ; On                 ;
; Partial Reconfiguration Bitstream ID                                            ; Off                ; Off                ;
+---------------------------------------------------------------------------------+--------------------+--------------------+


+------------------------------------------+
; Parallel Compilation                     ;
+----------------------------+-------------+
; Processors                 ; Number      ;
+----------------------------+-------------+
; Number detected on machine ; 8           ;
; Maximum allowed            ; 4           ;
;                            ;             ;
; Average used               ; 1.00        ;
; Maximum used               ; 4           ;
;                            ;             ;
; Usage by Processor         ; % Time Used ;
;     Processor 1            ; 100.0%      ;
;     Processors 2-4         ;   0.0%      ;
+----------------------------+-------------+


+-------------------------------------------------------------------------------------------------------------------------------------------------------------------------------+
; Analysis & Synthesis Source Files Read                                                                                                                                        ;
+----------------------------------+-----------------+------------------------------+---------------------------------------------------------------------------------+---------+
; File Name with User-Entered Path ; Used in Netlist ; File Type                    ; File Name with Absolute Path                                                    ; Library ;
+----------------------------------+-----------------+------------------------------+---------------------------------------------------------------------------------+---------+
; mejia_BNE.vhd                    ; yes             ; User VHDL File               ; D:/Documents/Quartus Projects/Assignm3_BNE/mejia_BNE.vhd                        ;         ;
; register32.vhd                   ; yes             ; User VHDL File               ; D:/Documents/Quartus Projects/Assignm3_BNE/register32.vhd                       ;         ;
; offset16.vhd                     ; yes             ; User VHDL File               ; D:/Documents/Quartus Projects/Assignm3_BNE/offset16.vhd                         ;         ;
; mux2to1.vhd                      ; yes             ; User VHDL File               ; D:/Documents/Quartus Projects/Assignm3_BNE/mux2to1.vhd                          ;         ;
; extend32.vhd                     ; yes             ; User VHDL File               ; D:/Documents/Quartus Projects/Assignm3_BNE/extend32.vhd                         ;         ;
; mejia_comparator.vhd             ; yes             ; User Wizard-Generated File   ; D:/Documents/Quartus Projects/Assignm3_BNE/mejia_comparator.vhd                 ;         ;
; mejia_add.vhd                    ; yes             ; User VHDL File               ; D:/Documents/Quartus Projects/Assignm3_BNE/mejia_add.vhd                        ;         ;
; lpm_compare.tdf                  ; yes             ; Megafunction                 ; d:/programs/intelfpga_lite/16.1/quartus/libraries/megafunctions/lpm_compare.tdf ;         ;
; comptree.inc                     ; yes             ; Megafunction                 ; d:/programs/intelfpga_lite/16.1/quartus/libraries/megafunctions/comptree.inc    ;         ;
; altshift.inc                     ; yes             ; Megafunction                 ; d:/programs/intelfpga_lite/16.1/quartus/libraries/megafunctions/altshift.inc    ;         ;
; aglobal161.inc                   ; yes             ; Megafunction                 ; d:/programs/intelfpga_lite/16.1/quartus/libraries/megafunctions/aglobal161.inc  ;         ;
; db/cmpr_ktg.tdf                  ; yes             ; Auto-Generated Megafunction  ; D:/Documents/Quartus Projects/Assignm3_BNE/db/cmpr_ktg.tdf                      ;         ;
+----------------------------------+-----------------+------------------------------+---------------------------------------------------------------------------------+---------+


+---------------------------------------------------------+
; Analysis & Synthesis Resource Usage Summary             ;
+---------------------------------------------+-----------+
; Resource                                    ; Usage     ;
+---------------------------------------------+-----------+
; Estimate of Logic utilization (ALMs needed) ; 73        ;
;                                             ;           ;
; Combinational ALUT usage for logic          ; 107       ;
;     -- 7 input functions                    ; 0         ;
;     -- 6 input functions                    ; 10        ;
;     -- 5 input functions                    ; 3         ;
;     -- 4 input functions                    ; 2         ;
;     -- <=3 input functions                  ; 92        ;
;                                             ;           ;
; Dedicated logic registers                   ; 112       ;
;                                             ;           ;
; I/O pins                                    ; 115       ;
;                                             ;           ;
; Total DSP Blocks                            ; 0         ;
;                                             ;           ;
; Maximum fan-out node                        ; clk~input ;
; Maximum fan-out                             ; 112       ;
; Total fan-out                               ; 922       ;
; Average fan-out                             ; 2.05      ;
+---------------------------------------------+-----------+


+---------------------------------------------------------------------------------------------------------------------------------------------------------------------------------------------------------------------------------------------------------------------------------------------+
; Analysis & Synthesis Resource Utilization by Entity                                                                                                                                                                                                                                         ;
+-------------------------------------------+---------------------+---------------------------+-------------------+------------+------+--------------+------------------------------------------------------------------------------------------------------+------------------+--------------+
; Compilation Hierarchy Node                ; Combinational ALUTs ; Dedicated Logic Registers ; Block Memory Bits ; DSP Blocks ; Pins ; Virtual Pins ; Full Hierarchy Name                                                                                  ; Entity Name      ; Library Name ;
+-------------------------------------------+---------------------+---------------------------+-------------------+------------+------+--------------+------------------------------------------------------------------------------------------------------+------------------+--------------+
; |mejia_BNE                                ; 107 (0)             ; 112 (0)                   ; 0                 ; 0          ; 115  ; 0            ; |mejia_BNE                                                                                           ; mejia_BNE        ; work         ;
;    |mejia_add:ADDER1|                     ; 30 (30)             ; 0 (0)                     ; 0                 ; 0          ; 0    ; 0            ; |mejia_BNE|mejia_add:ADDER1                                                                          ; mejia_add        ; work         ;
;    |mejia_add:ADDER2|                     ; 32 (32)             ; 0 (0)                     ; 0                 ; 0          ; 0    ; 0            ; |mejia_BNE|mejia_add:ADDER2                                                                          ; mejia_add        ; work         ;
;    |mejia_comparator:COMP_NOT_EQAUL|      ; 14 (0)              ; 0 (0)                     ; 0                 ; 0          ; 0    ; 0            ; |mejia_BNE|mejia_comparator:COMP_NOT_EQAUL                                                           ; mejia_comparator ; work         ;
;       |lpm_compare:LPM_COMPARE_component| ; 14 (0)              ; 0 (0)                     ; 0                 ; 0          ; 0    ; 0            ; |mejia_BNE|mejia_comparator:COMP_NOT_EQAUL|lpm_compare:LPM_COMPARE_component                         ; lpm_compare      ; work         ;
;          |cmpr_ktg:auto_generated|        ; 14 (14)             ; 0 (0)                     ; 0                 ; 0          ; 0    ; 0            ; |mejia_BNE|mejia_comparator:COMP_NOT_EQAUL|lpm_compare:LPM_COMPARE_component|cmpr_ktg:auto_generated ; cmpr_ktg         ; work         ;
;    |mejia_mux:MUX|                        ; 30 (30)             ; 0 (0)                     ; 0                 ; 0          ; 0    ; 0            ; |mejia_BNE|mejia_mux:MUX                                                                             ; mejia_mux        ; work         ;
;    |mejia_offset:REG_16|                  ; 0 (0)               ; 16 (16)                   ; 0                 ; 0          ; 0    ; 0            ; |mejia_BNE|mejia_offset:REG_16                                                                       ; mejia_offset     ; work         ;
;    |mejia_reg_32:REG_PC|                  ; 1 (1)               ; 32 (32)                   ; 0                 ; 0          ; 0    ; 0            ; |mejia_BNE|mejia_reg_32:REG_PC                                                                       ; mejia_reg_32     ; work         ;
;    |mejia_reg_32:REG_RS|                  ; 0 (0)               ; 32 (32)                   ; 0                 ; 0          ; 0    ; 0            ; |mejia_BNE|mejia_reg_32:REG_RS                                                                       ; mejia_reg_32     ; work         ;
;    |mejia_reg_32:REG_RT|                  ; 0 (0)               ; 32 (32)                   ; 0                 ; 0          ; 0    ; 0            ; |mejia_BNE|mejia_reg_32:REG_RT                                                                       ; mejia_reg_32     ; work         ;
+-------------------------------------------+---------------------+---------------------------+-------------------+------------+------+--------------+------------------------------------------------------------------------------------------------------+------------------+--------------+
Note: For table entries with two numbers listed, the numbers in parentheses indicate the number of resources of the given type used by the specific entity alone. The numbers listed outside of parentheses indicate the total resources of the given type used by the specific entity and all of its sub-entities in the hierarchy.


+-----------------------------------------------------------------------------------------------------------------------------------+
; Analysis & Synthesis IP Cores Summary                                                                                             ;
+--------+--------------+---------+--------------+--------------+--------------------------------------------+----------------------+
; Vendor ; IP Core Name ; Version ; Release Date ; License Type ; Entity Instance                            ; IP Include File      ;
+--------+--------------+---------+--------------+--------------+--------------------------------------------+----------------------+
; Altera ; LPM_COMPARE  ; 16.1    ; N/A          ; N/A          ; |mejia_BNE|mejia_comparator:COMP_NOT_EQAUL ; mejia_comparator.vhd ;
+--------+--------------+---------+--------------+--------------+--------------------------------------------+----------------------+


+------------------------------------------------------+
; General Register Statistics                          ;
+----------------------------------------------+-------+
; Statistic                                    ; Value ;
+----------------------------------------------+-------+
; Total registers                              ; 112   ;
; Number of registers using Synchronous Clear  ; 0     ;
; Number of registers using Synchronous Load   ; 0     ;
; Number of registers using Asynchronous Clear ; 112   ;
; Number of registers using Asynchronous Load  ; 0     ;
; Number of registers using Clock Enable       ; 112   ;
; Number of registers using Preset             ; 0     ;
+----------------------------------------------+-------+


+----------------------------------------------------------------------------------------------------------------+
; Parameter Settings for User Entity Instance: mejia_comparator:COMP_NOT_EQAUL|lpm_compare:LPM_COMPARE_component ;
+------------------------+-----------+---------------------------------------------------------------------------+
; Parameter Name         ; Value     ; Type                                                                      ;
+------------------------+-----------+---------------------------------------------------------------------------+
; lpm_width              ; 32        ; Signed Integer                                                            ;
; LPM_REPRESENTATION     ; UNSIGNED  ; Untyped                                                                   ;
; LPM_PIPELINE           ; 0         ; Untyped                                                                   ;
; CHAIN_SIZE             ; 8         ; Untyped                                                                   ;
; ONE_INPUT_IS_CONSTANT  ; NO        ; Untyped                                                                   ;
; CARRY_CHAIN            ; MANUAL    ; Untyped                                                                   ;
; CASCADE_CHAIN          ; MANUAL    ; Untyped                                                                   ;
; CARRY_CHAIN_LENGTH     ; 48        ; CARRY_CHAIN_LENGTH                                                        ;
; CASCADE_CHAIN_LENGTH   ; 2         ; CASCADE_CHAIN_LENGTH                                                      ;
; DEVICE_FAMILY          ; Cyclone V ; Untyped                                                                   ;
; CBXI_PARAMETER         ; cmpr_ktg  ; Untyped                                                                   ;
; AUTO_CARRY_CHAINS      ; ON        ; AUTO_CARRY                                                                ;
; IGNORE_CARRY_BUFFERS   ; OFF       ; IGNORE_CARRY                                                              ;
; AUTO_CASCADE_CHAINS    ; ON        ; AUTO_CASCADE                                                              ;
; IGNORE_CASCADE_BUFFERS ; OFF       ; IGNORE_CASCADE                                                            ;
+------------------------+-----------+---------------------------------------------------------------------------+
Note: In order to hide this table in the UI and the text report file, please set the "Show Parameter Settings in Synthesis Report" option in "Analysis and Synthesis Settings -> More Settings" to "Off".


+----------------------------------------------------------------------------------------------------------------+
; Port Connectivity Checks: "mejia_add:ADDER2"                                                                   ;
+------+--------+----------+-------------------------------------------------------------------------------------+
; Port ; Type   ; Severity ; Details                                                                             ;
+------+--------+----------+-------------------------------------------------------------------------------------+
; cin  ; Input  ; Info     ; Stuck at GND                                                                        ;
; cout ; Output ; Info     ; Connected to dangling logic. Logic that only feeds a dangling port will be removed. ;
+------+--------+----------+-------------------------------------------------------------------------------------+


+--------------------------------------------------------------------------------------------------------------------+
; Port Connectivity Checks: "mejia_add:ADDER1"                                                                       ;
+----------+--------+----------+-------------------------------------------------------------------------------------+
; Port     ; Type   ; Severity ; Details                                                                             ;
+----------+--------+----------+-------------------------------------------------------------------------------------+
; a[31..3] ; Input  ; Info     ; Stuck at GND                                                                        ;
; a[1..0]  ; Input  ; Info     ; Stuck at GND                                                                        ;
; a[2]     ; Input  ; Info     ; Stuck at VCC                                                                        ;
; cin      ; Input  ; Info     ; Stuck at GND                                                                        ;
; cout     ; Output ; Info     ; Connected to dangling logic. Logic that only feeds a dangling port will be removed. ;
+----------+--------+----------+-------------------------------------------------------------------------------------+


+-------------------------------------------------------------------------------------------------------------------------------------+
; Port Connectivity Checks: "mejia_comparator:COMP_NOT_EQAUL"                                                                         ;
+------+--------+----------+----------------------------------------------------------------------------------------------------------+
; Port ; Type   ; Severity ; Details                                                                                                  ;
+------+--------+----------+----------------------------------------------------------------------------------------------------------+
; aneb ; Output ; Warning  ; Declared by entity but not connected by instance. Logic that only feeds a dangling port will be removed. ;
+------+--------+----------+----------------------------------------------------------------------------------------------------------+


+-----------------------------------------------------+
; Post-Synthesis Netlist Statistics for Top Partition ;
+-----------------------+-----------------------------+
; Type                  ; Count                       ;
+-----------------------+-----------------------------+
; arriav_ff             ; 112                         ;
;     ENA CLR           ; 112                         ;
; arriav_lcell_comb     ; 107                         ;
;     normal            ; 45                          ;
;         3 data inputs ; 30                          ;
;         4 data inputs ; 2                           ;
;         5 data inputs ; 3                           ;
;         6 data inputs ; 10                          ;
;     shared            ; 62                          ;
;         1 data inputs ; 30                          ;
;         2 data inputs ; 32                          ;
; boundary_port         ; 115                         ;
;                       ;                             ;
; Max LUT depth         ; 5.90                        ;
; Average LUT depth     ; 3.84                        ;
+-----------------------+-----------------------------+


+-------------------------------+
; Elapsed Time Per Partition    ;
+----------------+--------------+
; Partition Name ; Elapsed Time ;
+----------------+--------------+
; Top            ; 00:00:01     ;
+----------------+--------------+


+-------------------------------+
; Analysis & Synthesis Messages ;
+-------------------------------+
Info: *******************************************************************
Info: Running Quartus Prime Analysis & Synthesis
    Info: Version 16.1.0 Build 196 10/24/2016 SJ Lite Edition
    Info: Processing started: Sat Oct 31 10:30:36 2020
Info: Command: quartus_map --read_settings_files=on --write_settings_files=off mejia_BNE -c mejia_BNE
Warning (18236): Number of processors has not been specified which may cause overloading on shared machines.  Set the global assignment NUM_PARALLEL_PROCESSORS in your QSF to an appropriate value for best performance.
Info (20030): Parallel compilation is enabled and will use 4 of the 4 processors detected
Info (12021): Found 2 design units, including 1 entities, in source file mejia_bne.vhd
    Info (12022): Found design unit 1: mejia_BNE-arch File: D:/Documents/Quartus Projects/Assignm3_BNE/mejia_BNE.vhd Line: 12
    Info (12023): Found entity 1: mejia_BNE File: D:/Documents/Quartus Projects/Assignm3_BNE/mejia_BNE.vhd Line: 5
Info (12021): Found 2 design units, including 1 entities, in source file register32.vhd
    Info (12022): Found design unit 1: mejia_reg_32-arch File: D:/Documents/Quartus Projects/Assignm3_BNE/register32.vhd Line: 11
    Info (12023): Found entity 1: mejia_reg_32 File: D:/Documents/Quartus Projects/Assignm3_BNE/register32.vhd Line: 4
Info (12021): Found 2 design units, including 1 entities, in source file offset16.vhd
    Info (12022): Found design unit 1: mejia_offset-arch File: D:/Documents/Quartus Projects/Assignm3_BNE/offset16.vhd Line: 11
    Info (12023): Found entity 1: mejia_offset File: D:/Documents/Quartus Projects/Assignm3_BNE/offset16.vhd Line: 4
Info (12021): Found 2 design units, including 1 entities, in source file mux2to1.vhd
    Info (12022): Found design unit 1: mejia_mux-arch File: D:/Documents/Quartus Projects/Assignm3_BNE/mux2to1.vhd Line: 13
    Info (12023): Found entity 1: mejia_mux File: D:/Documents/Quartus Projects/Assignm3_BNE/mux2to1.vhd Line: 4
Info (12021): Found 2 design units, including 1 entities, in source file extend32.vhd
    Info (12022): Found design unit 1: mejia_extend-arch File: D:/Documents/Quartus Projects/Assignm3_BNE/extend32.vhd Line: 11
    Info (12023): Found entity 1: mejia_extend File: D:/Documents/Quartus Projects/Assignm3_BNE/extend32.vhd Line: 5
Info (12021): Found 2 design units, including 1 entities, in source file mejia_adder1.vhd
    Info (12022): Found design unit 1: mejia_adder1-SYN File: D:/Documents/Quartus Projects/Assignm3_BNE/mejia_adder1.vhd Line: 54
    Info (12023): Found entity 1: mejia_adder1 File: D:/Documents/Quartus Projects/Assignm3_BNE/mejia_adder1.vhd Line: 43
Info (12021): Found 2 design units, including 1 entities, in source file mejia_adder2.vhd
    Info (12022): Found design unit 1: mejia_adder2-SYN File: D:/Documents/Quartus Projects/Assignm3_BNE/mejia_adder2.vhd Line: 55
    Info (12023): Found entity 1: mejia_adder2 File: D:/Documents/Quartus Projects/Assignm3_BNE/mejia_adder2.vhd Line: 43
Info (12021): Found 2 design units, including 1 entities, in source file mejia_comparator.vhd
    Info (12022): Found design unit 1: mejia_comparator-SYN File: D:/Documents/Quartus Projects/Assignm3_BNE/mejia_comparator.vhd Line: 54
    Info (12023): Found entity 1: mejia_comparator File: D:/Documents/Quartus Projects/Assignm3_BNE/mejia_comparator.vhd Line: 43
Info (12021): Found 2 design units, including 1 entities, in source file mejia_bne_tb.vhd
    Info (12022): Found design unit 1: mejia_BNE_tb-arch_tb File: D:/Documents/Quartus Projects/Assignm3_BNE/mejia_BNE_tb.vhd Line: 8
    Info (12023): Found entity 1: mejia_BNE_tb File: D:/Documents/Quartus Projects/Assignm3_BNE/mejia_BNE_tb.vhd Line: 5
Info (12021): Found 2 design units, including 1 entities, in source file mejia_add.vhd
    Info (12022): Found design unit 1: mejia_add-arch File: D:/Documents/Quartus Projects/Assignm3_BNE/mejia_add.vhd Line: 14
    Info (12023): Found entity 1: mejia_add File: D:/Documents/Quartus Projects/Assignm3_BNE/mejia_add.vhd Line: 5
Info (12127): Elaborating entity "mejia_BNE" for the top level hierarchy
Warning (10540): VHDL Signal Declaration warning at mejia_BNE.vhd(72): used explicit default value for signal "s0" because signal was never assigned a value File: D:/Documents/Quartus Projects/Assignm3_BNE/mejia_BNE.vhd Line: 72
Warning (10540): VHDL Signal Declaration warning at mejia_BNE.vhd(82): used explicit default value for signal "cin" because signal was never assigned a value File: D:/Documents/Quartus Projects/Assignm3_BNE/mejia_BNE.vhd Line: 82
Warning (10036): Verilog HDL or VHDL warning at mejia_BNE.vhd(83): object "cout" assigned a value but never read File: D:/Documents/Quartus Projects/Assignm3_BNE/mejia_BNE.vhd Line: 83
Info (12128): Elaborating entity "mejia_reg_32" for hierarchy "mejia_reg_32:REG_RS" File: D:/Documents/Quartus Projects/Assignm3_BNE/mejia_BNE.vhd Line: 87
Info (12128): Elaborating entity "mejia_comparator" for hierarchy "mejia_comparator:COMP_NOT_EQAUL" File: D:/Documents/Quartus Projects/Assignm3_BNE/mejia_BNE.vhd Line: 101
Info (12128): Elaborating entity "lpm_compare" for hierarchy "mejia_comparator:COMP_NOT_EQAUL|lpm_compare:LPM_COMPARE_component" File: D:/Documents/Quartus Projects/Assignm3_BNE/mejia_comparator.vhd Line: 79
Info (12130): Elaborated megafunction instantiation "mejia_comparator:COMP_NOT_EQAUL|lpm_compare:LPM_COMPARE_component" File: D:/Documents/Quartus Projects/Assignm3_BNE/mejia_comparator.vhd Line: 79
Info (12133): Instantiated megafunction "mejia_comparator:COMP_NOT_EQAUL|lpm_compare:LPM_COMPARE_component" with the following parameter: File: D:/Documents/Quartus Projects/Assignm3_BNE/mejia_comparator.vhd Line: 79
    Info (12134): Parameter "lpm_representation" = "UNSIGNED"
    Info (12134): Parameter "lpm_type" = "LPM_COMPARE"
    Info (12134): Parameter "lpm_width" = "32"
Info (12021): Found 1 design units, including 1 entities, in source file db/cmpr_ktg.tdf
    Info (12023): Found entity 1: cmpr_ktg File: D:/Documents/Quartus Projects/Assignm3_BNE/db/cmpr_ktg.tdf Line: 23
Info (12128): Elaborating entity "cmpr_ktg" for hierarchy "mejia_comparator:COMP_NOT_EQAUL|lpm_compare:LPM_COMPARE_component|cmpr_ktg:auto_generated" File: d:/programs/intelfpga_lite/16.1/quartus/libraries/megafunctions/lpm_compare.tdf Line: 281
Info (12128): Elaborating entity "mejia_offset" for hierarchy "mejia_offset:REG_16" File: D:/Documents/Quartus Projects/Assignm3_BNE/mejia_BNE.vhd Line: 106
Info (12128): Elaborating entity "mejia_extend" for hierarchy "mejia_extend:SIGN_EXT" File: D:/Documents/Quartus Projects/Assignm3_BNE/mejia_BNE.vhd Line: 113
Info (12128): Elaborating entity "mejia_add" for hierarchy "mejia_add:ADDER1" File: D:/Documents/Quartus Projects/Assignm3_BNE/mejia_BNE.vhd Line: 117
Info (12128): Elaborating entity "mejia_mux" for hierarchy "mejia_mux:MUX" File: D:/Documents/Quartus Projects/Assignm3_BNE/mejia_BNE.vhd Line: 131
Warning (12241): 1 hierarchies have connectivity warnings - see the Connectivity Checks report folder
Info (286030): Timing-Driven Synthesis is running
Info (16010): Generating hard_block partition "hard_block:auto_generated_inst"
    Info (16011): Adding 0 node(s), including 0 DDIO, 0 PLL, 0 transceiver and 0 LCELL
Info (21057): Implemented 302 device resources after synthesis - the final resource count might be different
    Info (21058): Implemented 83 input pins
    Info (21059): Implemented 32 output pins
    Info (21061): Implemented 187 logic cells
Info: Quartus Prime Analysis & Synthesis was successful. 0 errors, 5 warnings
    Info: Peak virtual memory: 4852 megabytes
    Info: Processing ended: Sat Oct 31 10:30:57 2020
    Info: Elapsed time: 00:00:21
    Info: Total CPU time (on all processors): 00:00:43


